[2025-03-17 18:46:56.388] [Information ] [FireIncidents.Startup] Application starting up
[2025-03-17 18:46:56.392] [Information ] [FireIncidents.Startup] Running in Development environment
[2025-03-17 18:46:56.481] [Information ] [FireIncidents.Startup] Application configuration complete
[2025-03-17 18:46:58.725] [Information ] [FireIncidents.Services.GeocodingService] Initialized with 2114 municipality coordinates
[2025-03-17 18:46:58.734] [Information ] [FireIncidents.Controllers.IncidentsApiController] API request received for incidents
[2025-03-17 18:46:58.736] [Information ] [FireIncidents.Controllers.IncidentsApiController] Calling scraper service
[2025-03-17 18:46:58.739] [Information ] [FireIncidents.Services.FireServiceScraperService] Starting to scrape fire incidents...
[2025-03-17 18:46:58.743] [Information ] [FireIncidents.Services.FireServiceScraperService] Sending request to https://museum.fireservice.gr/symvanta/
[2025-03-17 18:46:58.749] [Information ] [System.Net.Http.HttpClient.FireService.LogicalHandler] Start processing HTTP request GET https://museum.fireservice.gr/symvanta/
[2025-03-17 18:46:58.751] [Information ] [System.Net.Http.HttpClient.FireService.ClientHandler] Sending HTTP request GET https://museum.fireservice.gr/symvanta/
[2025-03-17 18:46:58.891] [Information ] [System.Net.Http.HttpClient.FireService.ClientHandler] Received HTTP response headers after 134.0132ms - 200
[2025-03-17 18:46:58.893] [Information ] [System.Net.Http.HttpClient.FireService.LogicalHandler] End processing HTTP request after 147.1928ms - 200
[2025-03-17 18:46:59.528] [Information ] [FireIncidents.Services.FireServiceScraperService] Received response: OK
[2025-03-17 18:46:59.529] [Information ] [FireIncidents.Services.FireServiceScraperService] Content-Type: text/html; charset=UTF-8, CharSet: UTF-8
[2025-03-17 18:46:59.531] [Information ] [FireIncidents.Services.FireServiceScraperService] Using specified encoding: utf-8
[2025-03-17 18:46:59.532] [Debug       ] [FireIncidents.Services.FireServiceScraperService] Sample of decoded HTML: <!DOCTYPE html>
<html>
<head>
<meta name="viewport" content="width=device-width, initial-scale=1">
   <link href="vendor/bootstrap/css/bootstrap.min.css" rel="stylesheet">
   <link href="vendor/m...
[2025-03-17 18:46:59.534] [Information ] [FireIncidents.Services.FireServiceScraperService] Saved HTML to C:\Users\pansa\source\repos\FireIncidents\FireIncidents\debug_html.txt for debugging
[2025-03-17 18:46:59.575] [Information ] [FireIncidents.Services.FireServiceScraperService] Saved HTML to C:\Users\pansa\source\repos\FireIncidents\FireIncidents\debug_html.txt for debugging
[2025-03-17 18:46:59.825] [Information ] [FireIncidents.Services.FireServiceScraperService] Processing tab L1 - ΔΑΣΙΚΕΣ ΠΥΡΚΑΓΙΕΣ
[2025-03-17 18:46:59.831] [Information ] [FireIncidents.Services.FireServiceScraperService] Found status section: ΣΕ ΕΞΕΛΙΞΗ  (3)
[2025-03-17 18:46:59.833] [Information ] [FireIncidents.Services.FireServiceScraperService] Found incident panel for status: ΣΕ ΕΞΕΛΙΞΗ
[2025-03-17 18:46:59.854] [Debug       ] [FireIncidents.Services.FireServiceScraperService] Location cell HTML: ΠΕΡΙΦΕΡΕΙΑ ΘΕΣΣΑΛΙΑΣ <br>Δ. ΤΕΜΠΩΝ - ΚΑΤΩ ΟΛΥΜΠΟΥ <br> <b>ΚΑΛΑΜΙΑ - ΒΑΛΤΟΙ</b><br>
[2025-03-17 18:46:59.872] [Information ] [FireIncidents.Services.FireServiceScraperService] Found incident panel for status: ΣΕ ΕΞΕΛΙΞΗ
[2025-03-17 18:46:59.873] [Debug       ] [FireIncidents.Services.FireServiceScraperService] Location cell HTML: ΠΕΡΙΦΕΡΕΙΑ ΑΝΑΤΟΛΙΚΗΣ ΜΑΚΕΔΟΝΙΑΣ ΚΑΙ ΘΡΑΚΗΣ <br>Δ. ΣΟΥΦΛΙΟΥ - ΟΡΦΕΑ <br> <b>ΔΑΣΙΚΗ ΕΚΤΑΣΗ</b><br>
[2025-03-17 18:46:59.875] [Information ] [FireIncidents.Services.FireServiceScraperService] Found incident panel for status: ΣΕ ΕΞΕΛΙΞΗ
[2025-03-17 18:46:59.876] [Debug       ] [FireIncidents.Services.FireServiceScraperService] Location cell HTML: ΠΕΡΙΦΕΡΕΙΑ ΠΕΛΟΠΟΝΝΗΣΟΥ <br>Δ. ΚΑΛΑΜΑΤΑΣ - ΘΟΥΡΙΑΣ <br> <b>ΚΑΛΑΜΙΑ - ΒΑΛΤΟΙ</b><br>
[2025-03-17 18:46:59.877] [Information ] [FireIncidents.Services.FireServiceScraperService] Found status section: ΜΕΡΙΚΟΣ ΕΛΕΓΧΟΣ (4)
[2025-03-17 18:46:59.878] [Information ] [FireIncidents.Services.FireServiceScraperService] Found incident panel for status: ΜΕΡΙΚΟΣ ΕΛΕΓΧΟΣ
[2025-03-17 18:46:59.879] [Debug       ] [FireIncidents.Services.FireServiceScraperService] Location cell HTML: ΠΕΡΙΦΕΡΕΙΑ ΚΕΝΤΡΙΚΗΣ ΜΑΚΕΔΟΝΙΑΣ <br>Δ. ΚΙΛΚΙΣ - ΧΕΡΣΟΥ <br> <b>ΧΟΡΤΟΛΙΒΑΔΙΚΗ ΕΚΤΑΣΗ</b><br>
[2025-03-17 18:46:59.881] [Information ] [FireIncidents.Services.FireServiceScraperService] Found incident panel for status: ΜΕΡΙΚΟΣ ΕΛΕΓΧΟΣ
[2025-03-17 18:46:59.882] [Debug       ] [FireIncidents.Services.FireServiceScraperService] Location cell HTML: ΠΕΡΙΦΕΡΕΙΑ ΘΕΣΣΑΛΙΑΣ <br>Δ. ΤΕΜΠΩΝ - ΚΑΤΩ ΟΛΥΜΠΟΥ <br> <b>ΥΠΟΛΕΙΜΜΑΤΑ ΚΑΛΛΙΕΡΓΕΙΩΝ</b><br>
[2025-03-17 18:46:59.883] [Information ] [FireIncidents.Services.FireServiceScraperService] Found incident panel for status: ΜΕΡΙΚΟΣ ΕΛΕΓΧΟΣ
[2025-03-17 18:46:59.884] [Debug       ] [FireIncidents.Services.FireServiceScraperService] Location cell HTML: ΠΕΡΙΦΕΡΕΙΑ ΘΕΣΣΑΛΙΑΣ <br>Δ. ΚΙΛΕΛΕΡ - ΠΛΑΤΥΚΑΜΠΟΥ <br> <b>ΚΑΛΑΜΙΑ - ΒΑΛΤΟΙ</b><br>
[2025-03-17 18:46:59.885] [Information ] [FireIncidents.Services.FireServiceScraperService] Found incident panel for status: ΜΕΡΙΚΟΣ ΕΛΕΓΧΟΣ
[2025-03-17 18:46:59.887] [Debug       ] [FireIncidents.Services.FireServiceScraperService] Location cell HTML: ΠΕΡΙΦΕΡΕΙΑ ΒΟΡΕΙΟΥ ΑΙΓΑΙΟΥ <br>Δ. ΣΑΜΟΥ - ΒΑΘΕΟΣ <br> <b>ΔΑΣΙΚΗ ΕΚΤΑΣΗ</b><br>
[2025-03-17 18:46:59.888] [Information ] [FireIncidents.Services.FireServiceScraperService] Found status section: ΠΛΗΡΗΣ ΕΛΕΓΧΟΣ (6)
[2025-03-17 18:46:59.889] [Information ] [FireIncidents.Services.FireServiceScraperService] Found incident panel for status: ΠΛΗΡΗΣ ΕΛΕΓΧΟΣ
[2025-03-17 18:46:59.890] [Debug       ] [FireIncidents.Services.FireServiceScraperService] Location cell HTML: ΠΕΡΙΦΕΡΕΙΑ ΑΝΑΤΟΛΙΚΗΣ ΜΑΚΕΔΟΝΙΑΣ ΚΑΙ ΘΡΑΚΗΣ <br>Δ. ΔΟΞΑΤΟΥ - ΚΑΛΑΜΠΑΚΙΟΥ <br> <b>ΧΟΡΤΟΛΙΒΑΔΙΚΗ ΕΚΤΑΣΗ</b><br>
[2025-03-17 18:46:59.891] [Information ] [FireIncidents.Services.FireServiceScraperService] Found incident panel for status: ΠΛΗΡΗΣ ΕΛΕΓΧΟΣ
[2025-03-17 18:46:59.893] [Debug       ] [FireIncidents.Services.FireServiceScraperService] Location cell HTML: ΠΕΡΙΦΕΡΕΙΑ ΚΕΝΤΡΙΚΗΣ ΜΑΚΕΔΟΝΙΑΣ <br>Δ. ΠΕΛΛΑΣ - ΚΡΥΑΣ ΒΡΥΣΗΣ <br> <b>ΚΑΛΑΜΙΑ - ΒΑΛΤΟΙ</b><br>
[2025-03-17 18:46:59.894] [Information ] [FireIncidents.Services.FireServiceScraperService] Found incident panel for status: ΠΛΗΡΗΣ ΕΛΕΓΧΟΣ
[2025-03-17 18:46:59.895] [Debug       ] [FireIncidents.Services.FireServiceScraperService] Location cell HTML: ΠΕΡΙΦΕΡΕΙΑ ΘΕΣΣΑΛΙΑΣ <br>Δ. ΤΕΜΠΩΝ - ΜΑΚΡΥΧΩΡΙΟΥ <br> <b>ΚΑΛΑΜΙΑ - ΒΑΛΤΟΙ</b><br>
[2025-03-17 18:46:59.896] [Information ] [FireIncidents.Services.FireServiceScraperService] Found incident panel for status: ΠΛΗΡΗΣ ΕΛΕΓΧΟΣ
[2025-03-17 18:46:59.897] [Debug       ] [FireIncidents.Services.FireServiceScraperService] Location cell HTML: ΠΕΡΙΦΕΡΕΙΑ ΚΕΝΤΡΙΚΗΣ ΜΑΚΕΔΟΝΙΑΣ <br>Δ. ΑΛΕΞΑΝΔΡΕΙΑΣ - ΑΛΕΞΑΝΔΡΕΙΑΣ <br> <b>ΧΟΡΤΟΛΙΒΑΔΙΚΗ ΕΚΤΑΣΗ</b><br>
[2025-03-17 18:46:59.899] [Information ] [FireIncidents.Services.FireServiceScraperService] Found incident panel for status: ΠΛΗΡΗΣ ΕΛΕΓΧΟΣ
[2025-03-17 18:46:59.900] [Debug       ] [FireIncidents.Services.FireServiceScraperService] Location cell HTML: ΠΕΡΙΦΕΡΕΙΑ ΚΕΝΤΡΙΚΗΣ ΜΑΚΕΔΟΝΙΑΣ <br>Δ. ΑΛΕΞΑΝΔΡΕΙΑΣ - ΠΛΑΤΕΟΣ <br> <b>ΧΟΡΤΟΛΙΒΑΔΙΚΗ ΕΚΤΑΣΗ</b><br>
[2025-03-17 18:46:59.901] [Information ] [FireIncidents.Services.FireServiceScraperService] Found incident panel for status: ΠΛΗΡΗΣ ΕΛΕΓΧΟΣ
[2025-03-17 18:46:59.902] [Debug       ] [FireIncidents.Services.FireServiceScraperService] Location cell HTML: ΠΕΡΙΦΕΡΕΙΑ ΚΕΝΤΡΙΚΗΣ ΜΑΚΕΔΟΝΙΑΣ <br>Δ. ΔΕΛΤΑ - ΑΞΙΟΥ <br> <b>ΥΠΟΛΕΙΜΜΑΤΑ ΚΑΛΛΙΕΡΓΕΙΩΝ</b><br>
[2025-03-17 18:46:59.904] [Information ] [FireIncidents.Services.FireServiceScraperService] Found ΛΗΞΗ section, skipping
[2025-03-17 18:46:59.905] [Information ] [FireIncidents.Services.FireServiceScraperService] Processing tab P1 - ΑΣΤΙΚΕΣ ΠΥΡΚΑΓΙΕΣ
[2025-03-17 18:46:59.906] [Information ] [FireIncidents.Services.FireServiceScraperService] Found status section: ΣΕ ΕΞΕΛΙΞΗ  (8)
[2025-03-17 18:46:59.907] [Information ] [FireIncidents.Services.FireServiceScraperService] Found incident panel for status: ΣΕ ΕΞΕΛΙΞΗ
[2025-03-17 18:46:59.908] [Debug       ] [FireIncidents.Services.FireServiceScraperService] Location cell HTML: ΠΕΡΙΦΕΡΕΙΑ ΚΕΝΤΡΙΚΗΣ ΜΑΚΕΔΟΝΙΑΣ <br>Δ. ΧΑΛΚΗΔΟΝΟΣ - ΧΑΛΚΗΔΟΝΟΣ <br> <b>ΥΠΑΙΘΡΟΣ</b><br>
[2025-03-17 18:46:59.909] [Information ] [FireIncidents.Services.FireServiceScraperService] Found incident panel for status: ΣΕ ΕΞΕΛΙΞΗ
[2025-03-17 18:46:59.911] [Debug       ] [FireIncidents.Services.FireServiceScraperService] Location cell HTML: ΠΕΡΙΦΕΡΕΙΑ ΗΠΕΙΡΟΥ <br>Δ. ΑΡΤΑΙΩΝ - ΦΙΛΟΘΕΗΣ <br> <b>ΥΠΑΙΘΡΟΣ</b><br>
[2025-03-17 18:46:59.912] [Information ] [FireIncidents.Services.FireServiceScraperService] Found incident panel for status: ΣΕ ΕΞΕΛΙΞΗ
[2025-03-17 18:46:59.913] [Debug       ] [FireIncidents.Services.FireServiceScraperService] Location cell HTML: ΠΕΡΙΦΕΡΕΙΑ ΗΠΕΙΡΟΥ <br>Δ. ΙΩΑΝΝΙΤΩΝ - ΙΩΑΝΝΙΤΩΝ <br> <b>ΚΤΙΡΙΟ ΚΑΤΟΙΚΙΑΣ</b><br>
[2025-03-17 18:46:59.914] [Information ] [FireIncidents.Services.FireServiceScraperService] Found incident panel for status: ΣΕ ΕΞΕΛΙΞΗ
[2025-03-17 18:46:59.915] [Debug       ] [FireIncidents.Services.FireServiceScraperService] Location cell HTML: ΠΕΡΙΦΕΡΕΙΑ ΚΕΝΤΡΙΚΗΣ ΜΑΚΕΔΟΝΙΑΣ <br>Δ. ΒΟΛΒΗΣ - ΕΓΝΑΤΙΑΣ <br> <b>ΥΠΑΙΘΡΟΣ</b><br>
[2025-03-17 18:46:59.917] [Information ] [FireIncidents.Services.FireServiceScraperService] Found incident panel for status: ΣΕ ΕΞΕΛΙΞΗ
[2025-03-17 18:46:59.918] [Debug       ] [FireIncidents.Services.FireServiceScraperService] Location cell HTML: ΠΕΡΙΦΕΡΕΙΑ ΑΤΤΙΚΗΣ <br>Δ. ΒΡΙΛΗΣΣΙΩΝ - ΒΡΙΛΗΣΣΙΩΝ <br> <b>ΥΠΑΙΘΡΟΣ</b><br>
[2025-03-17 18:46:59.919] [Information ] [FireIncidents.Services.FireServiceScraperService] Found incident panel for status: ΣΕ ΕΞΕΛΙΞΗ
[2025-03-17 18:46:59.920] [Debug       ] [FireIncidents.Services.FireServiceScraperService] Location cell HTML: ΠΕΡΙΦΕΡΕΙΑ ΚΕΝΤΡΙΚΗΣ ΜΑΚΕΔΟΝΙΑΣ <br>Δ. ΑΛΕΞΑΝΔΡΕΙΑΣ - ΠΛΑΤΕΟΣ <br> <b>ΥΠΑΙΘΡΟΣ</b><br>
[2025-03-17 18:46:59.921] [Information ] [FireIncidents.Services.FireServiceScraperService] Found incident panel for status: ΣΕ ΕΞΕΛΙΞΗ
[2025-03-17 18:46:59.922] [Debug       ] [FireIncidents.Services.FireServiceScraperService] Location cell HTML: ΠΕΡΙΦΕΡΕΙΑ ΙΟΝΙΩΝ ΝΗΣΩΝ <br>Δ. ΚΕΦΑΛΟΝΙΑΣ - ΑΡΓΟΣΤΟΛΙΟΥ <br> <b>ΥΠΑΙΘΡΟΣ</b><br>
[2025-03-17 18:46:59.924] [Information ] [FireIncidents.Services.FireServiceScraperService] Found incident panel for status: ΣΕ ΕΞΕΛΙΞΗ
[2025-03-17 18:46:59.925] [Debug       ] [FireIncidents.Services.FireServiceScraperService] Location cell HTML: ΠΕΡΙΦΕΡΕΙΑ ΚΕΝΤΡΙΚΗΣ ΜΑΚΕΔΟΝΙΑΣ <br>Δ. ΔΕΛΤΑ - ΧΑΛΑΣΤΡΑΣ <br> <b>ΥΠΑΙΘΡΟΣ</b><br>
[2025-03-17 18:46:59.926] [Information ] [FireIncidents.Services.FireServiceScraperService] Found status section: ΜΕΡΙΚΟΣ ΕΛΕΓΧΟΣ (2)
[2025-03-17 18:46:59.927] [Information ] [FireIncidents.Services.FireServiceScraperService] Found incident panel for status: ΜΕΡΙΚΟΣ ΕΛΕΓΧΟΣ
[2025-03-17 18:46:59.928] [Debug       ] [FireIncidents.Services.FireServiceScraperService] Location cell HTML: ΠΕΡΙΦΕΡΕΙΑ ΚΕΝΤΡΙΚΗΣ ΜΑΚΕΔΟΝΙΑΣ <br>Δ. ΛΑΓΚΑΔΑ - ΛΑΓΚΑΔΑ <br> <b>ΥΠΑΙΘΡΟΣ</b><br>
[2025-03-17 18:46:59.930] [Information ] [FireIncidents.Services.FireServiceScraperService] Found incident panel for status: ΜΕΡΙΚΟΣ ΕΛΕΓΧΟΣ
[2025-03-17 18:46:59.931] [Debug       ] [FireIncidents.Services.FireServiceScraperService] Location cell HTML: ΠΕΡΙΦΕΡΕΙΑ ΣΤΕΡΕΑΣ ΕΛΛΑΔΑΣ <br>Δ. ΚΑΡΥΣΤΟΥ - ΜΑΡΜΑΡΙΟΥ <br> <b>ΧΩΡΟΣ ΑΠΟΘΗΚΕΥΣΗΣ</b><br>
[2025-03-17 18:46:59.932] [Information ] [FireIncidents.Services.FireServiceScraperService] Found status section: ΠΛΗΡΗΣ ΕΛΕΓΧΟΣ (7)
[2025-03-17 18:46:59.933] [Information ] [FireIncidents.Services.FireServiceScraperService] Found incident panel for status: ΠΛΗΡΗΣ ΕΛΕΓΧΟΣ
[2025-03-17 18:46:59.934] [Debug       ] [FireIncidents.Services.FireServiceScraperService] Location cell HTML: ΠΕΡΙΦΕΡΕΙΑ ΚΕΝΤΡΙΚΗΣ ΜΑΚΕΔΟΝΙΑΣ <br>Δ. ΘΕΡΜΑΙΚΟΥ - ΕΠΑΝΟΜΗΣ <br> <b>ΥΠΑΙΘΡΟΣ</b><br>
[2025-03-17 18:46:59.936] [Information ] [FireIncidents.Services.FireServiceScraperService] Found incident panel for status: ΠΛΗΡΗΣ ΕΛΕΓΧΟΣ
[2025-03-17 18:46:59.937] [Debug       ] [FireIncidents.Services.FireServiceScraperService] Location cell HTML: ΠΕΡΙΦΕΡΕΙΑ ΚΕΝΤΡΙΚΗΣ ΜΑΚΕΔΟΝΙΑΣ <br>Δ. ΧΑΛΚΗΔΟΝΟΣ - ΧΑΛΚΗΔΟΝΟΣ <br> <b>ΥΠΑΙΘΡΟΣ</b><br>
[2025-03-17 18:46:59.938] [Information ] [FireIncidents.Services.FireServiceScraperService] Found incident panel for status: ΠΛΗΡΗΣ ΕΛΕΓΧΟΣ
[2025-03-17 18:46:59.939] [Debug       ] [FireIncidents.Services.FireServiceScraperService] Location cell HTML: ΠΕΡΙΦΕΡΕΙΑ ΚΕΝΤΡΙΚΗΣ ΜΑΚΕΔΟΝΙΑΣ <br>Δ. ΑΛΕΞΑΝΔΡΕΙΑΣ - ΑΛΕΞΑΝΔΡΕΙΑΣ <br> <b>ΥΠΑΙΘΡΟΣ</b><br>
[2025-03-17 18:46:59.940] [Information ] [FireIncidents.Services.FireServiceScraperService] Found incident panel for status: ΠΛΗΡΗΣ ΕΛΕΓΧΟΣ
[2025-03-17 18:46:59.942] [Debug       ] [FireIncidents.Services.FireServiceScraperService] Location cell HTML: ΠΕΡΙΦΕΡΕΙΑ ΚΕΝΤΡΙΚΗΣ ΜΑΚΕΔΟΝΙΑΣ <br>Δ. ΘΕΡΜΗΣ - ΘΕΡΜΗΣ <br> <b>ΥΠΑΙΘΡΟΣ</b><br>
[2025-03-17 18:46:59.943] [Information ] [FireIncidents.Services.FireServiceScraperService] Found incident panel for status: ΠΛΗΡΗΣ ΕΛΕΓΧΟΣ
[2025-03-17 18:46:59.944] [Debug       ] [FireIncidents.Services.FireServiceScraperService] Location cell HTML: ΠΕΡΙΦΕΡΕΙΑ ΚΕΝΤΡΙΚΗΣ ΜΑΚΕΔΟΝΙΑΣ <br>Δ. ΘΕΡΜΗΣ - ΒΑΣΙΛΙΚΩΝ <br> <b>ΥΠΑΙΘΡΟΣ</b><br>
[2025-03-17 18:46:59.945] [Information ] [FireIncidents.Services.FireServiceScraperService] Found incident panel for status: ΠΛΗΡΗΣ ΕΛΕΓΧΟΣ
[2025-03-17 18:46:59.947] [Debug       ] [FireIncidents.Services.FireServiceScraperService] Location cell HTML: ΠΕΡΙΦΕΡΕΙΑ ΚΡΗΤΗΣ <br>Δ. ΑΡΧΑΝΩΝ - ΑΣΤΕΡΟΥΣΙΩΝ - ΝΙΚΟΥ ΚΑΖΑΝΤΖΑΚΗ <br> <b>ΥΠΑΙΘΡΟΣ</b><br>
[2025-03-17 18:46:59.948] [Information ] [FireIncidents.Services.FireServiceScraperService] Found incident panel for status: ΠΛΗΡΗΣ ΕΛΕΓΧΟΣ
[2025-03-17 18:46:59.949] [Debug       ] [FireIncidents.Services.FireServiceScraperService] Location cell HTML: ΠΕΡΙΦΕΡΕΙΑ ΚΡΗΤΗΣ <br>Δ. ΣΗΤΕΙΑΣ - ΛΕΥΚΗΣ <br> <b>ΒΙΟΜΗΧΑΝΙΑ – ΒΙΟΤΕΧΝΙΑ</b><br>
[2025-03-17 18:46:59.951] [Information ] [FireIncidents.Services.FireServiceScraperService] Found ΛΗΞΗ section, skipping
[2025-03-17 18:46:59.952] [Information ] [FireIncidents.Services.FireServiceScraperService] Processing tab Q1 - ΠΑΡΟΧΕΣ ΒΟΗΘΕΙΑΣ
[2025-03-17 18:46:59.953] [Information ] [FireIncidents.Services.FireServiceScraperService] Found status section: ΣΕ ΕΞΕΛΙΞΗ  (1)
[2025-03-17 18:46:59.954] [Information ] [FireIncidents.Services.FireServiceScraperService] Found incident panel for status: ΣΕ ΕΞΕΛΙΞΗ
[2025-03-17 18:46:59.955] [Debug       ] [FireIncidents.Services.FireServiceScraperService] Location cell HTML: ΠΕΡΙΦΕΡΕΙΑ ΚΕΝΤΡΙΚΗΣ ΜΑΚΕΔΟΝΙΑΣ <br>Δ. ΔΕΛΤΑ - ΑΞΙΟΥ <br> <b>ΚΟΠΗ ΔΕΝΔΡΟΥ</b><br>
[2025-03-17 18:46:59.957] [Information ] [FireIncidents.Services.FireServiceScraperService] Found status section: ΜΕΡΙΚΟΣ ΕΛΕΓΧΟΣ (1)
[2025-03-17 18:46:59.958] [Information ] [FireIncidents.Services.FireServiceScraperService] Found incident panel for status: ΜΕΡΙΚΟΣ ΕΛΕΓΧΟΣ
[2025-03-17 18:46:59.959] [Debug       ] [FireIncidents.Services.FireServiceScraperService] Location cell HTML: ΠΕΡΙΦΕΡΕΙΑ ΘΕΣΣΑΛΙΑΣ <br>Δ. ΠΑΛΑΜΑ - ΠΑΛΑΜΑ <br> <b>ΤΡΟΧΑΙΟ</b><br>
[2025-03-17 18:46:59.960] [Information ] [FireIncidents.Services.FireServiceScraperService] Found status section: ΠΛΗΡΗΣ ΕΛΕΓΧΟΣ (2)
[2025-03-17 18:46:59.962] [Information ] [FireIncidents.Services.FireServiceScraperService] Found incident panel for status: ΠΛΗΡΗΣ ΕΛΕΓΧΟΣ
[2025-03-17 18:46:59.963] [Debug       ] [FireIncidents.Services.FireServiceScraperService] Location cell HTML: ΠΕΡΙΦΕΡΕΙΑ ΔΥΤΙΚΗΣ ΕΛΛΑΔΑΣ <br>Δ. ΔΥΤΙΚΗΣ ΑΧΑΙΑΣ - ΛΑΡΙΣΣΟΥ (ΛΑΡΙΣΟΥ) <br> <b>ΤΡΟΧΑΙΟ</b><br>
[2025-03-17 18:46:59.964] [Information ] [FireIncidents.Services.FireServiceScraperService] Found incident panel for status: ΠΛΗΡΗΣ ΕΛΕΓΧΟΣ
[2025-03-17 18:46:59.966] [Debug       ] [FireIncidents.Services.FireServiceScraperService] Location cell HTML: ΠΕΡΙΦΕΡΕΙΑ ΚΕΝΤΡΙΚΗΣ ΜΑΚΕΔΟΝΙΑΣ <br>Δ. ΘΕΣΣΑΛΟΝΙΚΗΣ - ΘΕΣΣΑΛΟΝΙΚΗΣ <br> <b>ΑΦΑΙΡΕΣΗ ΑΝΤΙΚΕΙΜΕΝΟΥ</b><br>
[2025-03-17 18:46:59.967] [Information ] [FireIncidents.Services.FireServiceScraperService] Found ΛΗΞΗ section, skipping
[2025-03-17 18:46:59.968] [Information ] [FireIncidents.Services.FireServiceScraperService] Successfully scraped 34 active incidents
[2025-03-17 18:46:59.970] [Information ] [FireIncidents.Services.FireServiceScraperService] Incident: ΔΑΣΙΚΕΣ ΠΥΡΚΑΓΙΕΣ - ΣΕ ΕΞΕΛΙΞΗ - ΠΕΡΙΦΕΡΕΙΑ ΘΕΣΣΑΛΙΑΣ - Δ. ΤΕΜΠΩΝ - ΚΑΤΩ ΟΛΥΜΠΟΥ - ΚΑΛΑΜΙΑ - ΒΑΛΤΟΙ
[2025-03-17 18:46:59.971] [Information ] [FireIncidents.Services.FireServiceScraperService] Incident: ΔΑΣΙΚΕΣ ΠΥΡΚΑΓΙΕΣ - ΣΕ ΕΞΕΛΙΞΗ - ΠΕΡΙΦΕΡΕΙΑ ΑΝΑΤΟΛΙΚΗΣ ΜΑΚΕΔΟΝΙΑΣ ΚΑΙ ΘΡΑΚΗΣ - Δ. ΣΟΥΦΛΙΟΥ - ΟΡΦΕΑ - ΔΑΣΙΚΗ ΕΚΤΑΣΗ
[2025-03-17 18:46:59.972] [Information ] [FireIncidents.Services.FireServiceScraperService] Incident: ΔΑΣΙΚΕΣ ΠΥΡΚΑΓΙΕΣ - ΣΕ ΕΞΕΛΙΞΗ - ΠΕΡΙΦΕΡΕΙΑ ΠΕΛΟΠΟΝΝΗΣΟΥ - Δ. ΚΑΛΑΜΑΤΑΣ - ΘΟΥΡΙΑΣ - ΚΑΛΑΜΙΑ - ΒΑΛΤΟΙ
[2025-03-17 18:46:59.973] [Information ] [FireIncidents.Services.FireServiceScraperService] Incident: ΔΑΣΙΚΕΣ ΠΥΡΚΑΓΙΕΣ - ΜΕΡΙΚΟΣ ΕΛΕΓΧΟΣ - ΠΕΡΙΦΕΡΕΙΑ ΚΕΝΤΡΙΚΗΣ ΜΑΚΕΔΟΝΙΑΣ - Δ. ΚΙΛΚΙΣ - ΧΕΡΣΟΥ - ΧΟΡΤΟΛΙΒΑΔΙΚΗ ΕΚΤΑΣΗ
[2025-03-17 18:46:59.974] [Information ] [FireIncidents.Services.FireServiceScraperService] Incident: ΔΑΣΙΚΕΣ ΠΥΡΚΑΓΙΕΣ - ΜΕΡΙΚΟΣ ΕΛΕΓΧΟΣ - ΠΕΡΙΦΕΡΕΙΑ ΘΕΣΣΑΛΙΑΣ - Δ. ΤΕΜΠΩΝ - ΚΑΤΩ ΟΛΥΜΠΟΥ - ΥΠΟΛΕΙΜΜΑΤΑ ΚΑΛΛΙΕΡΓΕΙΩΝ
[2025-03-17 18:46:59.976] [Information ] [FireIncidents.Services.FireServiceScraperService] Incident: ΔΑΣΙΚΕΣ ΠΥΡΚΑΓΙΕΣ - ΜΕΡΙΚΟΣ ΕΛΕΓΧΟΣ - ΠΕΡΙΦΕΡΕΙΑ ΘΕΣΣΑΛΙΑΣ - Δ. ΚΙΛΕΛΕΡ - ΠΛΑΤΥΚΑΜΠΟΥ - ΚΑΛΑΜΙΑ - ΒΑΛΤΟΙ
[2025-03-17 18:46:59.977] [Information ] [FireIncidents.Services.FireServiceScraperService] Incident: ΔΑΣΙΚΕΣ ΠΥΡΚΑΓΙΕΣ - ΜΕΡΙΚΟΣ ΕΛΕΓΧΟΣ - ΠΕΡΙΦΕΡΕΙΑ ΒΟΡΕΙΟΥ ΑΙΓΑΙΟΥ - Δ. ΣΑΜΟΥ - ΒΑΘΕΟΣ - ΔΑΣΙΚΗ ΕΚΤΑΣΗ
[2025-03-17 18:46:59.978] [Information ] [FireIncidents.Services.FireServiceScraperService] Incident: ΔΑΣΙΚΕΣ ΠΥΡΚΑΓΙΕΣ - ΠΛΗΡΗΣ ΕΛΕΓΧΟΣ - ΠΕΡΙΦΕΡΕΙΑ ΑΝΑΤΟΛΙΚΗΣ ΜΑΚΕΔΟΝΙΑΣ ΚΑΙ ΘΡΑΚΗΣ - Δ. ΔΟΞΑΤΟΥ - ΚΑΛΑΜΠΑΚΙΟΥ - ΧΟΡΤΟΛΙΒΑΔΙΚΗ ΕΚΤΑΣΗ
[2025-03-17 18:46:59.979] [Information ] [FireIncidents.Services.FireServiceScraperService] Incident: ΔΑΣΙΚΕΣ ΠΥΡΚΑΓΙΕΣ - ΠΛΗΡΗΣ ΕΛΕΓΧΟΣ - ΠΕΡΙΦΕΡΕΙΑ ΚΕΝΤΡΙΚΗΣ ΜΑΚΕΔΟΝΙΑΣ - Δ. ΠΕΛΛΑΣ - ΚΡΥΑΣ ΒΡΥΣΗΣ - ΚΑΛΑΜΙΑ - ΒΑΛΤΟΙ
[2025-03-17 18:46:59.980] [Information ] [FireIncidents.Services.FireServiceScraperService] Incident: ΔΑΣΙΚΕΣ ΠΥΡΚΑΓΙΕΣ - ΠΛΗΡΗΣ ΕΛΕΓΧΟΣ - ΠΕΡΙΦΕΡΕΙΑ ΘΕΣΣΑΛΙΑΣ - Δ. ΤΕΜΠΩΝ - ΜΑΚΡΥΧΩΡΙΟΥ - ΚΑΛΑΜΙΑ - ΒΑΛΤΟΙ
[2025-03-17 18:46:59.982] [Information ] [FireIncidents.Services.FireServiceScraperService] Incident: ΔΑΣΙΚΕΣ ΠΥΡΚΑΓΙΕΣ - ΠΛΗΡΗΣ ΕΛΕΓΧΟΣ - ΠΕΡΙΦΕΡΕΙΑ ΚΕΝΤΡΙΚΗΣ ΜΑΚΕΔΟΝΙΑΣ - Δ. ΑΛΕΞΑΝΔΡΕΙΑΣ - ΑΛΕΞΑΝΔΡΕΙΑΣ - ΧΟΡΤΟΛΙΒΑΔΙΚΗ ΕΚΤΑΣΗ
[2025-03-17 18:46:59.983] [Information ] [FireIncidents.Services.FireServiceScraperService] Incident: ΔΑΣΙΚΕΣ ΠΥΡΚΑΓΙΕΣ - ΠΛΗΡΗΣ ΕΛΕΓΧΟΣ - ΠΕΡΙΦΕΡΕΙΑ ΚΕΝΤΡΙΚΗΣ ΜΑΚΕΔΟΝΙΑΣ - Δ. ΑΛΕΞΑΝΔΡΕΙΑΣ - ΠΛΑΤΕΟΣ - ΧΟΡΤΟΛΙΒΑΔΙΚΗ ΕΚΤΑΣΗ
[2025-03-17 18:46:59.984] [Information ] [FireIncidents.Services.FireServiceScraperService] Incident: ΔΑΣΙΚΕΣ ΠΥΡΚΑΓΙΕΣ - ΠΛΗΡΗΣ ΕΛΕΓΧΟΣ - ΠΕΡΙΦΕΡΕΙΑ ΚΕΝΤΡΙΚΗΣ ΜΑΚΕΔΟΝΙΑΣ - Δ. ΔΕΛΤΑ - ΑΞΙΟΥ - ΥΠΟΛΕΙΜΜΑΤΑ ΚΑΛΛΙΕΡΓΕΙΩΝ
[2025-03-17 18:46:59.985] [Information ] [FireIncidents.Services.FireServiceScraperService] Incident: ΑΣΤΙΚΕΣ ΠΥΡΚΑΓΙΕΣ - ΣΕ ΕΞΕΛΙΞΗ - ΠΕΡΙΦΕΡΕΙΑ ΚΕΝΤΡΙΚΗΣ ΜΑΚΕΔΟΝΙΑΣ - Δ. ΧΑΛΚΗΔΟΝΟΣ - ΧΑΛΚΗΔΟΝΟΣ - ΥΠΑΙΘΡΟΣ
[2025-03-17 18:46:59.986] [Information ] [FireIncidents.Services.FireServiceScraperService] Incident: ΑΣΤΙΚΕΣ ΠΥΡΚΑΓΙΕΣ - ΣΕ ΕΞΕΛΙΞΗ - ΠΕΡΙΦΕΡΕΙΑ ΗΠΕΙΡΟΥ - Δ. ΑΡΤΑΙΩΝ - ΦΙΛΟΘΕΗΣ - ΥΠΑΙΘΡΟΣ
[2025-03-17 18:46:59.988] [Information ] [FireIncidents.Services.FireServiceScraperService] Incident: ΑΣΤΙΚΕΣ ΠΥΡΚΑΓΙΕΣ - ΣΕ ΕΞΕΛΙΞΗ - ΠΕΡΙΦΕΡΕΙΑ ΗΠΕΙΡΟΥ - Δ. ΙΩΑΝΝΙΤΩΝ - ΙΩΑΝΝΙΤΩΝ - ΚΤΙΡΙΟ ΚΑΤΟΙΚΙΑΣ
[2025-03-17 18:46:59.989] [Information ] [FireIncidents.Services.FireServiceScraperService] Incident: ΑΣΤΙΚΕΣ ΠΥΡΚΑΓΙΕΣ - ΣΕ ΕΞΕΛΙΞΗ - ΠΕΡΙΦΕΡΕΙΑ ΚΕΝΤΡΙΚΗΣ ΜΑΚΕΔΟΝΙΑΣ - Δ. ΒΟΛΒΗΣ - ΕΓΝΑΤΙΑΣ - ΥΠΑΙΘΡΟΣ
[2025-03-17 18:46:59.991] [Information ] [FireIncidents.Services.FireServiceScraperService] Incident: ΑΣΤΙΚΕΣ ΠΥΡΚΑΓΙΕΣ - ΣΕ ΕΞΕΛΙΞΗ - ΠΕΡΙΦΕΡΕΙΑ ΑΤΤΙΚΗΣ - Δ. ΒΡΙΛΗΣΣΙΩΝ - ΒΡΙΛΗΣΣΙΩΝ - ΥΠΑΙΘΡΟΣ
[2025-03-17 18:46:59.992] [Information ] [FireIncidents.Services.FireServiceScraperService] Incident: ΑΣΤΙΚΕΣ ΠΥΡΚΑΓΙΕΣ - ΣΕ ΕΞΕΛΙΞΗ - ΠΕΡΙΦΕΡΕΙΑ ΚΕΝΤΡΙΚΗΣ ΜΑΚΕΔΟΝΙΑΣ - Δ. ΑΛΕΞΑΝΔΡΕΙΑΣ - ΠΛΑΤΕΟΣ - ΥΠΑΙΘΡΟΣ
[2025-03-17 18:46:59.993] [Information ] [FireIncidents.Services.FireServiceScraperService] Incident: ΑΣΤΙΚΕΣ ΠΥΡΚΑΓΙΕΣ - ΣΕ ΕΞΕΛΙΞΗ - ΠΕΡΙΦΕΡΕΙΑ ΙΟΝΙΩΝ ΝΗΣΩΝ - Δ. ΚΕΦΑΛΟΝΙΑΣ - ΑΡΓΟΣΤΟΛΙΟΥ - ΥΠΑΙΘΡΟΣ
[2025-03-17 18:46:59.994] [Information ] [FireIncidents.Services.FireServiceScraperService] Incident: ΑΣΤΙΚΕΣ ΠΥΡΚΑΓΙΕΣ - ΣΕ ΕΞΕΛΙΞΗ - ΠΕΡΙΦΕΡΕΙΑ ΚΕΝΤΡΙΚΗΣ ΜΑΚΕΔΟΝΙΑΣ - Δ. ΔΕΛΤΑ - ΧΑΛΑΣΤΡΑΣ - ΥΠΑΙΘΡΟΣ
[2025-03-17 18:46:59.995] [Information ] [FireIncidents.Services.FireServiceScraperService] Incident: ΑΣΤΙΚΕΣ ΠΥΡΚΑΓΙΕΣ - ΜΕΡΙΚΟΣ ΕΛΕΓΧΟΣ - ΠΕΡΙΦΕΡΕΙΑ ΚΕΝΤΡΙΚΗΣ ΜΑΚΕΔΟΝΙΑΣ - Δ. ΛΑΓΚΑΔΑ - ΛΑΓΚΑΔΑ - ΥΠΑΙΘΡΟΣ
[2025-03-17 18:46:59.997] [Information ] [FireIncidents.Services.FireServiceScraperService] Incident: ΑΣΤΙΚΕΣ ΠΥΡΚΑΓΙΕΣ - ΜΕΡΙΚΟΣ ΕΛΕΓΧΟΣ - ΠΕΡΙΦΕΡΕΙΑ ΣΤΕΡΕΑΣ ΕΛΛΑΔΑΣ - Δ. ΚΑΡΥΣΤΟΥ - ΜΑΡΜΑΡΙΟΥ - ΧΩΡΟΣ ΑΠΟΘΗΚΕΥΣΗΣ
[2025-03-17 18:46:59.998] [Information ] [FireIncidents.Services.FireServiceScraperService] Incident: ΑΣΤΙΚΕΣ ΠΥΡΚΑΓΙΕΣ - ΠΛΗΡΗΣ ΕΛΕΓΧΟΣ - ΠΕΡΙΦΕΡΕΙΑ ΚΕΝΤΡΙΚΗΣ ΜΑΚΕΔΟΝΙΑΣ - Δ. ΘΕΡΜΑΙΚΟΥ - ΕΠΑΝΟΜΗΣ - ΥΠΑΙΘΡΟΣ
[2025-03-17 18:46:59.999] [Information ] [FireIncidents.Services.FireServiceScraperService] Incident: ΑΣΤΙΚΕΣ ΠΥΡΚΑΓΙΕΣ - ΠΛΗΡΗΣ ΕΛΕΓΧΟΣ - ΠΕΡΙΦΕΡΕΙΑ ΚΕΝΤΡΙΚΗΣ ΜΑΚΕΔΟΝΙΑΣ - Δ. ΧΑΛΚΗΔΟΝΟΣ - ΧΑΛΚΗΔΟΝΟΣ - ΥΠΑΙΘΡΟΣ
[2025-03-17 18:47:00.001] [Information ] [FireIncidents.Services.FireServiceScraperService] Incident: ΑΣΤΙΚΕΣ ΠΥΡΚΑΓΙΕΣ - ΠΛΗΡΗΣ ΕΛΕΓΧΟΣ - ΠΕΡΙΦΕΡΕΙΑ ΚΕΝΤΡΙΚΗΣ ΜΑΚΕΔΟΝΙΑΣ - Δ. ΑΛΕΞΑΝΔΡΕΙΑΣ - ΑΛΕΞΑΝΔΡΕΙΑΣ - ΥΠΑΙΘΡΟΣ
[2025-03-17 18:47:00.002] [Information ] [FireIncidents.Services.FireServiceScraperService] Incident: ΑΣΤΙΚΕΣ ΠΥΡΚΑΓΙΕΣ - ΠΛΗΡΗΣ ΕΛΕΓΧΟΣ - ΠΕΡΙΦΕΡΕΙΑ ΚΕΝΤΡΙΚΗΣ ΜΑΚΕΔΟΝΙΑΣ - Δ. ΘΕΡΜΗΣ - ΘΕΡΜΗΣ - ΥΠΑΙΘΡΟΣ
[2025-03-17 18:47:00.004] [Information ] [FireIncidents.Services.FireServiceScraperService] Incident: ΑΣΤΙΚΕΣ ΠΥΡΚΑΓΙΕΣ - ΠΛΗΡΗΣ ΕΛΕΓΧΟΣ - ΠΕΡΙΦΕΡΕΙΑ ΚΕΝΤΡΙΚΗΣ ΜΑΚΕΔΟΝΙΑΣ - Δ. ΘΕΡΜΗΣ - ΒΑΣΙΛΙΚΩΝ - ΥΠΑΙΘΡΟΣ
[2025-03-17 18:47:00.005] [Information ] [FireIncidents.Services.FireServiceScraperService] Incident: ΑΣΤΙΚΕΣ ΠΥΡΚΑΓΙΕΣ - ΠΛΗΡΗΣ ΕΛΕΓΧΟΣ - ΠΕΡΙΦΕΡΕΙΑ ΚΡΗΤΗΣ - Δ. ΑΡΧΑΝΩΝ - ΑΣΤΕΡΟΥΣΙΩΝ - ΝΙΚΟΥ ΚΑΖΑΝΤΖΑΚΗ - ΥΠΑΙΘΡΟΣ
[2025-03-17 18:47:00.007] [Information ] [FireIncidents.Services.FireServiceScraperService] Incident: ΑΣΤΙΚΕΣ ΠΥΡΚΑΓΙΕΣ - ΠΛΗΡΗΣ ΕΛΕΓΧΟΣ - ΠΕΡΙΦΕΡΕΙΑ ΚΡΗΤΗΣ - Δ. ΣΗΤΕΙΑΣ - ΛΕΥΚΗΣ - ΒΙΟΜΗΧΑΝΙΑ – ΒΙΟΤΕΧΝΙΑ
[2025-03-17 18:47:00.009] [Information ] [FireIncidents.Services.FireServiceScraperService] Incident: ΠΑΡΟΧΕΣ ΒΟΗΘΕΙΑΣ - ΣΕ ΕΞΕΛΙΞΗ - ΠΕΡΙΦΕΡΕΙΑ ΚΕΝΤΡΙΚΗΣ ΜΑΚΕΔΟΝΙΑΣ - Δ. ΔΕΛΤΑ - ΑΞΙΟΥ - ΚΟΠΗ ΔΕΝΔΡΟΥ
[2025-03-17 18:47:00.011] [Information ] [FireIncidents.Services.FireServiceScraperService] Incident: ΠΑΡΟΧΕΣ ΒΟΗΘΕΙΑΣ - ΜΕΡΙΚΟΣ ΕΛΕΓΧΟΣ - ΠΕΡΙΦΕΡΕΙΑ ΘΕΣΣΑΛΙΑΣ - Δ. ΠΑΛΑΜΑ - ΠΑΛΑΜΑ - ΤΡΟΧΑΙΟ
[2025-03-17 18:47:00.013] [Information ] [FireIncidents.Services.FireServiceScraperService] Incident: ΠΑΡΟΧΕΣ ΒΟΗΘΕΙΑΣ - ΠΛΗΡΗΣ ΕΛΕΓΧΟΣ - ΠΕΡΙΦΕΡΕΙΑ ΔΥΤΙΚΗΣ ΕΛΛΑΔΑΣ - Δ. ΔΥΤΙΚΗΣ ΑΧΑΙΑΣ - ΛΑΡΙΣΣΟΥ (ΛΑΡΙΣΟΥ) - ΤΡΟΧΑΙΟ
[2025-03-17 18:47:00.014] [Information ] [FireIncidents.Services.FireServiceScraperService] Incident: ΠΑΡΟΧΕΣ ΒΟΗΘΕΙΑΣ - ΠΛΗΡΗΣ ΕΛΕΓΧΟΣ - ΠΕΡΙΦΕΡΕΙΑ ΚΕΝΤΡΙΚΗΣ ΜΑΚΕΔΟΝΙΑΣ - Δ. ΘΕΣΣΑΛΟΝΙΚΗΣ - ΘΕΣΣΑΛΟΝΙΚΗΣ - ΑΦΑΙΡΕΣΗ ΑΝΤΙΚΕΙΜΕΝΟΥ
[2025-03-17 18:47:00.016] [Information ] [FireIncidents.Controllers.IncidentsApiController] Scraped 34 incidents
[2025-03-17 18:47:00.017] [Information ] [FireIncidents.Controllers.IncidentsApiController] After filtering: 34 incidents
[2025-03-17 18:47:00.020] [Information ] [FireIncidents.Controllers.IncidentsApiController] Geocoding incident: ΚΑΛΑΜΙΑ - ΒΑΛΤΟΙ, Δ. ΤΕΜΠΩΝ - ΚΑΤΩ ΟΛΥΜΠΟΥ, ΠΕΡΙΦΕΡΕΙΑ ΘΕΣΣΑΛΙΑΣ
[2025-03-17 18:47:00.024] [Information ] [FireIncidents.Services.GeocodingService] Geocoding incident: ΠΕΡΙΦΕΡΕΙΑ ΘΕΣΣΑΛΙΑΣ, Δ. ΤΕΜΠΩΝ - ΚΑΤΩ ΟΛΥΜΠΟΥ, ΚΑΛΑΜΙΑ - ΒΑΛΤΟΙ
[2025-03-17 18:47:00.027] [Debug       ] [FireIncidents.Services.GeocodingService] Skipping non-geographical location: ΚΑΛΑΜΙΑ - ΒΑΛΤΟΙ
[2025-03-17 18:47:00.029] [Debug       ] [FireIncidents.Services.GeocodingService] Using complete municipality: Δ. ΤΕΜΠΩΝ - ΚΑΤΩ ΟΛΥΜΠΟΥ
[2025-03-17 18:47:00.031] [Debug       ] [FireIncidents.Services.GeocodingService] Using region: ΘΕΣΣΑΛΙΑΣ
[2025-03-17 18:47:00.032] [Debug       ] [FireIncidents.Services.GeocodingService] Built search address: Δ. ΤΕΜΠΩΝ - ΚΑΤΩ ΟΛΥΜΠΟΥ, ΘΕΣΣΑΛΙΑΣ, Greece
[2025-03-17 18:47:00.034] [Information ] [FireIncidents.Services.GeocodingService] Attempting active search with: Δ. ΤΕΜΠΩΝ - ΚΑΤΩ ΟΛΥΜΠΟΥ, ΘΕΣΣΑΛΙΑΣ, Greece
[2025-03-17 18:47:00.036] [Information ] [FireIncidents.Services.GeocodingService] Geocoding address: Δ. ΤΕΜΠΩΝ - ΚΑΤΩ ΟΛΥΜΠΟΥ, ΘΕΣΣΑΛΙΑΣ, Greece
[2025-03-17 18:47:00.038] [Debug       ] [FireIncidents.Services.GeocodingService] Generated 8 search variations for: Δ. ΤΕΜΠΩΝ - ΚΑΤΩ ΟΛΥΜΠΟΥ, ΘΕΣΣΑΛΙΑΣ, Greece
[2025-03-17 18:47:01.044] [Debug       ] [FireIncidents.Services.GeocodingService] Geocoding request URL: https://nominatim.openstreetmap.org/search?q=%CE%94.%20%CE%A4%CE%95%CE%9C%CE%A0%CE%A9%CE%9D%20-%20%CE%9A%CE%91%CE%A4%CE%A9%20%CE%9F%CE%9B%CE%A5%CE%9C%CE%A0%CE%9F%CE%A5%2C%20%CE%98%CE%95%CE%A3%CE%A3%CE%91%CE%9B%CE%99%CE%91%CE%A3%2C%20Greece&format=json&limit=1&accept-language=el&addressdetails=1&countrycodes=gr&viewbox=19.22,34.72,29.64,41.75&bounded=1
[2025-03-17 18:47:01.441] [Debug       ] [FireIncidents.Services.GeocodingService] Geocoding response: []
[2025-03-17 18:47:01.446] [Warning     ] [FireIncidents.Services.GeocodingService] Geocoding returned no results for address: Δ. ΤΕΜΠΩΝ - ΚΑΤΩ ΟΛΥΜΠΟΥ, ΘΕΣΣΑΛΙΑΣ, Greece
