[2025-06-23 11:38:41.048] [Information ] [FireIncidents.Startup] Application starting up
[2025-06-23 11:38:41.049] [Information ] [FireIncidents.Startup] Running in Development environment
[2025-06-23 11:38:41.104] [Information ] [FireIncidents.Startup] Application configuration complete
[2025-06-23 11:39:07.187] [Warning     ] [Microsoft.AspNetCore.HttpsPolicy.HttpsRedirectionMiddleware] Failed to determine the https port for redirect.
[2025-06-23 11:39:07.904] [Information ] [FireIncidents.Services.GeocodingService] Loaded 227 municipalities from JSON file
[2025-06-23 11:39:07.904] [Information ] [FireIncidents.Services.GeocodingService] Initialized with 2341 municipality coordinates
[2025-06-23 11:39:07.909] [Information ] [FireIncidents.Controllers.IncidentsApiController] API request received for incidents
[2025-06-23 11:39:07.910] [Information ] [FireIncidents.Controllers.IncidentsApiController] Calling scraper service
[2025-06-23 11:39:07.910] [Information ] [FireIncidents.Services.FireServiceScraperService] Starting to scrape fire incidents...
[2025-06-23 11:39:07.921] [Information ] [FireIncidents.Services.FireServiceScraperService] Sending request to https://museum.fireservice.gr/symvanta/
[2025-06-23 11:39:07.929] [Information ] [System.Net.Http.HttpClient.FireService.LogicalHandler] Start processing HTTP request GET https://museum.fireservice.gr/symvanta/
[2025-06-23 11:39:07.929] [Information ] [System.Net.Http.HttpClient.FireService.ClientHandler] Sending HTTP request GET https://museum.fireservice.gr/symvanta/
[2025-06-23 11:39:09.117] [Information ] [FireIncidents.Services.GeocodingService] Loaded 227 municipalities from JSON file
[2025-06-23 11:39:09.117] [Information ] [FireIncidents.Services.GeocodingService] Initialized with 2341 municipality coordinates
[2025-06-23 11:39:09.117] [Information ] [FireIncidents.Controllers.IncidentsApiController] API request received for incidents
[2025-06-23 11:39:09.117] [Information ] [FireIncidents.Controllers.IncidentsApiController] Calling scraper service
[2025-06-23 11:39:09.117] [Information ] [FireIncidents.Services.FireServiceScraperService] Starting to scrape fire incidents...
[2025-06-23 11:39:09.117] [Information ] [FireIncidents.Services.FireServiceScraperService] Sending request to https://museum.fireservice.gr/symvanta/
[2025-06-23 11:39:09.117] [Information ] [System.Net.Http.HttpClient.FireService.LogicalHandler] Start processing HTTP request GET https://museum.fireservice.gr/symvanta/
[2025-06-23 11:39:09.117] [Information ] [System.Net.Http.HttpClient.FireService.ClientHandler] Sending HTTP request GET https://museum.fireservice.gr/symvanta/
[2025-06-23 11:39:10.238] [Information ] [FireIncidents.Services.GeocodingService] Loaded 227 municipalities from JSON file
[2025-06-23 11:39:10.238] [Information ] [FireIncidents.Services.GeocodingService] Initialized with 2341 municipality coordinates
[2025-06-23 11:39:10.238] [Information ] [FireIncidents.Controllers.IncidentsApiController] API request received for incidents
[2025-06-23 11:39:10.238] [Information ] [FireIncidents.Controllers.IncidentsApiController] Calling scraper service
[2025-06-23 11:39:10.238] [Information ] [FireIncidents.Services.FireServiceScraperService] Starting to scrape fire incidents...
[2025-06-23 11:39:10.238] [Information ] [FireIncidents.Services.FireServiceScraperService] Sending request to https://museum.fireservice.gr/symvanta/
[2025-06-23 11:39:10.238] [Information ] [System.Net.Http.HttpClient.FireService.LogicalHandler] Start processing HTTP request GET https://museum.fireservice.gr/symvanta/
[2025-06-23 11:39:10.238] [Information ] [System.Net.Http.HttpClient.FireService.ClientHandler] Sending HTTP request GET https://museum.fireservice.gr/symvanta/
[2025-06-23 11:39:11.325] [Information ] [FireIncidents.Services.GeocodingService] Loaded 227 municipalities from JSON file
[2025-06-23 11:39:11.325] [Information ] [FireIncidents.Services.GeocodingService] Initialized with 2341 municipality coordinates
[2025-06-23 11:39:11.325] [Information ] [FireIncidents.Controllers.IncidentsApiController] API request received for incidents
[2025-06-23 11:39:11.325] [Information ] [FireIncidents.Controllers.IncidentsApiController] Calling scraper service
[2025-06-23 11:39:11.325] [Information ] [FireIncidents.Services.FireServiceScraperService] Starting to scrape fire incidents...
[2025-06-23 11:39:11.325] [Information ] [FireIncidents.Services.FireServiceScraperService] Sending request to https://museum.fireservice.gr/symvanta/
[2025-06-23 11:39:11.325] [Information ] [System.Net.Http.HttpClient.FireService.LogicalHandler] Start processing HTTP request GET https://museum.fireservice.gr/symvanta/
[2025-06-23 11:39:11.325] [Information ] [System.Net.Http.HttpClient.FireService.ClientHandler] Sending HTTP request GET https://museum.fireservice.gr/symvanta/
[2025-06-23 11:39:12.444] [Information ] [FireIncidents.Services.GeocodingService] Loaded 227 municipalities from JSON file
[2025-06-23 11:39:12.444] [Information ] [FireIncidents.Services.GeocodingService] Initialized with 2341 municipality coordinates
[2025-06-23 11:39:12.444] [Information ] [FireIncidents.Controllers.IncidentsApiController] API request received for incidents
[2025-06-23 11:39:12.444] [Information ] [FireIncidents.Controllers.IncidentsApiController] Calling scraper service
[2025-06-23 11:39:12.444] [Information ] [FireIncidents.Services.FireServiceScraperService] Starting to scrape fire incidents...
[2025-06-23 11:39:12.444] [Information ] [FireIncidents.Services.FireServiceScraperService] Sending request to https://museum.fireservice.gr/symvanta/
[2025-06-23 11:39:12.444] [Information ] [System.Net.Http.HttpClient.FireService.LogicalHandler] Start processing HTTP request GET https://museum.fireservice.gr/symvanta/
[2025-06-23 11:39:12.444] [Information ] [System.Net.Http.HttpClient.FireService.ClientHandler] Sending HTTP request GET https://museum.fireservice.gr/symvanta/
[2025-06-23 11:39:12.852] [Information ] [FireIncidents.Services.GeocodingService] Loaded 227 municipalities from JSON file
[2025-06-23 11:39:12.853] [Information ] [FireIncidents.Services.GeocodingService] Initialized with 2341 municipality coordinates
[2025-06-23 11:39:12.853] [Information ] [FireIncidents.Controllers.IncidentsApiController] API request received for incidents
[2025-06-23 11:39:12.853] [Information ] [FireIncidents.Controllers.IncidentsApiController] Calling scraper service
[2025-06-23 11:39:12.853] [Information ] [FireIncidents.Services.FireServiceScraperService] Starting to scrape fire incidents...
[2025-06-23 11:39:12.853] [Information ] [FireIncidents.Services.FireServiceScraperService] Sending request to https://museum.fireservice.gr/symvanta/
[2025-06-23 11:39:12.853] [Information ] [System.Net.Http.HttpClient.FireService.LogicalHandler] Start processing HTTP request GET https://museum.fireservice.gr/symvanta/
[2025-06-23 11:39:12.853] [Information ] [System.Net.Http.HttpClient.FireService.ClientHandler] Sending HTTP request GET https://museum.fireservice.gr/symvanta/
[2025-06-23 11:39:13.555] [Information ] [FireIncidents.Services.GeocodingService] Loaded 227 municipalities from JSON file
[2025-06-23 11:39:13.555] [Information ] [FireIncidents.Services.GeocodingService] Initialized with 2341 municipality coordinates
[2025-06-23 11:39:13.555] [Information ] [FireIncidents.Controllers.IncidentsApiController] API request received for incidents
[2025-06-23 11:39:13.555] [Information ] [FireIncidents.Controllers.IncidentsApiController] Calling scraper service
[2025-06-23 11:39:13.555] [Information ] [FireIncidents.Services.FireServiceScraperService] Starting to scrape fire incidents...
[2025-06-23 11:39:13.555] [Information ] [FireIncidents.Services.FireServiceScraperService] Sending request to https://museum.fireservice.gr/symvanta/
[2025-06-23 11:39:13.555] [Information ] [System.Net.Http.HttpClient.FireService.LogicalHandler] Start processing HTTP request GET https://museum.fireservice.gr/symvanta/
[2025-06-23 11:39:13.555] [Information ] [System.Net.Http.HttpClient.FireService.ClientHandler] Sending HTTP request GET https://museum.fireservice.gr/symvanta/
[2025-06-23 11:39:14.745] [Information ] [FireIncidents.Services.GeocodingService] Loaded 227 municipalities from JSON file
[2025-06-23 11:39:14.745] [Information ] [FireIncidents.Services.GeocodingService] Initialized with 2341 municipality coordinates
[2025-06-23 11:39:14.745] [Information ] [FireIncidents.Controllers.IncidentsApiController] API request received for incidents
[2025-06-23 11:39:14.745] [Information ] [FireIncidents.Controllers.IncidentsApiController] Calling scraper service
[2025-06-23 11:39:14.745] [Information ] [FireIncidents.Services.FireServiceScraperService] Starting to scrape fire incidents...
[2025-06-23 11:39:14.746] [Information ] [FireIncidents.Services.FireServiceScraperService] Sending request to https://museum.fireservice.gr/symvanta/
[2025-06-23 11:39:14.746] [Information ] [System.Net.Http.HttpClient.FireService.LogicalHandler] Start processing HTTP request GET https://museum.fireservice.gr/symvanta/
[2025-06-23 11:39:14.746] [Information ] [System.Net.Http.HttpClient.FireService.ClientHandler] Sending HTTP request GET https://museum.fireservice.gr/symvanta/
[2025-06-23 11:39:15.844] [Information ] [FireIncidents.Services.GeocodingService] Loaded 227 municipalities from JSON file
[2025-06-23 11:39:15.844] [Information ] [FireIncidents.Services.GeocodingService] Initialized with 2341 municipality coordinates
[2025-06-23 11:39:15.844] [Information ] [FireIncidents.Controllers.IncidentsApiController] API request received for incidents
[2025-06-23 11:39:15.844] [Information ] [FireIncidents.Controllers.IncidentsApiController] Calling scraper service
[2025-06-23 11:39:15.844] [Information ] [FireIncidents.Services.FireServiceScraperService] Starting to scrape fire incidents...
[2025-06-23 11:39:15.844] [Information ] [FireIncidents.Services.FireServiceScraperService] Sending request to https://museum.fireservice.gr/symvanta/
[2025-06-23 11:39:15.844] [Information ] [System.Net.Http.HttpClient.FireService.LogicalHandler] Start processing HTTP request GET https://museum.fireservice.gr/symvanta/
[2025-06-23 11:39:15.844] [Information ] [System.Net.Http.HttpClient.FireService.ClientHandler] Sending HTTP request GET https://museum.fireservice.gr/symvanta/
[2025-06-23 11:39:16.957] [Information ] [FireIncidents.Services.GeocodingService] Loaded 227 municipalities from JSON file
[2025-06-23 11:39:16.957] [Information ] [FireIncidents.Services.GeocodingService] Initialized with 2341 municipality coordinates
[2025-06-23 11:39:16.957] [Information ] [FireIncidents.Controllers.IncidentsApiController] API request received for incidents
[2025-06-23 11:39:16.957] [Information ] [FireIncidents.Controllers.IncidentsApiController] Calling scraper service
[2025-06-23 11:39:16.957] [Information ] [FireIncidents.Services.FireServiceScraperService] Starting to scrape fire incidents...
[2025-06-23 11:39:16.958] [Information ] [FireIncidents.Services.FireServiceScraperService] Sending request to https://museum.fireservice.gr/symvanta/
[2025-06-23 11:39:16.958] [Information ] [System.Net.Http.HttpClient.FireService.LogicalHandler] Start processing HTTP request GET https://museum.fireservice.gr/symvanta/
[2025-06-23 11:39:16.958] [Information ] [System.Net.Http.HttpClient.FireService.ClientHandler] Sending HTTP request GET https://museum.fireservice.gr/symvanta/
[2025-06-23 11:39:18.052] [Information ] [FireIncidents.Services.GeocodingService] Loaded 227 municipalities from JSON file
[2025-06-23 11:39:18.052] [Information ] [FireIncidents.Services.GeocodingService] Initialized with 2341 municipality coordinates
[2025-06-23 11:39:18.052] [Information ] [FireIncidents.Controllers.IncidentsApiController] API request received for incidents
[2025-06-23 11:39:18.052] [Information ] [FireIncidents.Controllers.IncidentsApiController] Calling scraper service
[2025-06-23 11:39:18.052] [Information ] [FireIncidents.Services.FireServiceScraperService] Starting to scrape fire incidents...
[2025-06-23 11:39:18.052] [Information ] [FireIncidents.Services.FireServiceScraperService] Sending request to https://museum.fireservice.gr/symvanta/
[2025-06-23 11:39:18.052] [Information ] [System.Net.Http.HttpClient.FireService.LogicalHandler] Start processing HTTP request GET https://museum.fireservice.gr/symvanta/
[2025-06-23 11:39:18.052] [Information ] [System.Net.Http.HttpClient.FireService.ClientHandler] Sending HTTP request GET https://museum.fireservice.gr/symvanta/
[2025-06-23 11:39:19.176] [Information ] [FireIncidents.Services.GeocodingService] Loaded 227 municipalities from JSON file
[2025-06-23 11:39:19.177] [Information ] [FireIncidents.Services.GeocodingService] Initialized with 2341 municipality coordinates
[2025-06-23 11:39:19.177] [Information ] [FireIncidents.Controllers.IncidentsApiController] API request received for incidents
[2025-06-23 11:39:19.177] [Information ] [FireIncidents.Controllers.IncidentsApiController] Calling scraper service
[2025-06-23 11:39:19.177] [Information ] [FireIncidents.Services.FireServiceScraperService] Starting to scrape fire incidents...
[2025-06-23 11:39:19.177] [Information ] [FireIncidents.Services.FireServiceScraperService] Sending request to https://museum.fireservice.gr/symvanta/
[2025-06-23 11:39:19.177] [Information ] [System.Net.Http.HttpClient.FireService.LogicalHandler] Start processing HTTP request GET https://museum.fireservice.gr/symvanta/
[2025-06-23 11:39:19.177] [Information ] [System.Net.Http.HttpClient.FireService.ClientHandler] Sending HTTP request GET https://museum.fireservice.gr/symvanta/
[2025-06-23 11:39:20.492] [Information ] [FireIncidents.Services.GeocodingService] Loaded 227 municipalities from JSON file
[2025-06-23 11:39:20.492] [Information ] [FireIncidents.Services.GeocodingService] Initialized with 2341 municipality coordinates
[2025-06-23 11:39:20.492] [Information ] [FireIncidents.Controllers.IncidentsApiController] API request received for incidents
[2025-06-23 11:39:20.492] [Information ] [FireIncidents.Controllers.IncidentsApiController] Calling scraper service
[2025-06-23 11:39:20.492] [Information ] [FireIncidents.Services.FireServiceScraperService] Starting to scrape fire incidents...
[2025-06-23 11:39:20.492] [Information ] [FireIncidents.Services.FireServiceScraperService] Sending request to https://museum.fireservice.gr/symvanta/
[2025-06-23 11:39:20.492] [Information ] [System.Net.Http.HttpClient.FireService.LogicalHandler] Start processing HTTP request GET https://museum.fireservice.gr/symvanta/
[2025-06-23 11:39:20.492] [Information ] [System.Net.Http.HttpClient.FireService.ClientHandler] Sending HTTP request GET https://museum.fireservice.gr/symvanta/
[2025-06-23 11:39:21.455] [Information ] [FireIncidents.Services.GeocodingService] Loaded 227 municipalities from JSON file
[2025-06-23 11:39:21.455] [Information ] [FireIncidents.Services.GeocodingService] Initialized with 2341 municipality coordinates
[2025-06-23 11:39:21.456] [Information ] [FireIncidents.Controllers.IncidentsApiController] API request received for incidents
[2025-06-23 11:39:21.456] [Information ] [FireIncidents.Controllers.IncidentsApiController] Calling scraper service
[2025-06-23 11:39:21.456] [Information ] [FireIncidents.Services.FireServiceScraperService] Starting to scrape fire incidents...
[2025-06-23 11:39:21.456] [Information ] [FireIncidents.Services.FireServiceScraperService] Sending request to https://museum.fireservice.gr/symvanta/
[2025-06-23 11:39:21.456] [Information ] [System.Net.Http.HttpClient.FireService.LogicalHandler] Start processing HTTP request GET https://museum.fireservice.gr/symvanta/
[2025-06-23 11:39:21.456] [Information ] [System.Net.Http.HttpClient.FireService.ClientHandler] Sending HTTP request GET https://museum.fireservice.gr/symvanta/
[2025-06-23 11:39:22.540] [Information ] [FireIncidents.Services.GeocodingService] Loaded 227 municipalities from JSON file
[2025-06-23 11:39:22.540] [Information ] [FireIncidents.Services.GeocodingService] Initialized with 2341 municipality coordinates
[2025-06-23 11:39:22.540] [Information ] [FireIncidents.Controllers.IncidentsApiController] API request received for incidents
[2025-06-23 11:39:22.540] [Information ] [FireIncidents.Controllers.IncidentsApiController] Calling scraper service
[2025-06-23 11:39:22.540] [Information ] [FireIncidents.Services.FireServiceScraperService] Starting to scrape fire incidents...
[2025-06-23 11:39:22.540] [Information ] [FireIncidents.Services.FireServiceScraperService] Sending request to https://museum.fireservice.gr/symvanta/
[2025-06-23 11:39:22.540] [Information ] [System.Net.Http.HttpClient.FireService.LogicalHandler] Start processing HTTP request GET https://museum.fireservice.gr/symvanta/
[2025-06-23 11:39:22.540] [Information ] [System.Net.Http.HttpClient.FireService.ClientHandler] Sending HTTP request GET https://museum.fireservice.gr/symvanta/
[2025-06-23 11:39:23.631] [Information ] [FireIncidents.Services.GeocodingService] Loaded 227 municipalities from JSON file
[2025-06-23 11:39:23.631] [Information ] [FireIncidents.Services.GeocodingService] Initialized with 2341 municipality coordinates
[2025-06-23 11:39:23.631] [Information ] [FireIncidents.Controllers.IncidentsApiController] API request received for incidents
[2025-06-23 11:39:23.631] [Information ] [FireIncidents.Controllers.IncidentsApiController] Calling scraper service
[2025-06-23 11:39:23.631] [Information ] [FireIncidents.Services.FireServiceScraperService] Starting to scrape fire incidents...
[2025-06-23 11:39:23.631] [Information ] [FireIncidents.Services.FireServiceScraperService] Sending request to https://museum.fireservice.gr/symvanta/
[2025-06-23 11:39:23.631] [Information ] [System.Net.Http.HttpClient.FireService.LogicalHandler] Start processing HTTP request GET https://museum.fireservice.gr/symvanta/
[2025-06-23 11:39:23.632] [Information ] [System.Net.Http.HttpClient.FireService.ClientHandler] Sending HTTP request GET https://museum.fireservice.gr/symvanta/
[2025-06-23 11:39:24.777] [Information ] [FireIncidents.Services.GeocodingService] Loaded 227 municipalities from JSON file
[2025-06-23 11:39:24.777] [Information ] [FireIncidents.Services.GeocodingService] Initialized with 2341 municipality coordinates
[2025-06-23 11:39:24.777] [Information ] [FireIncidents.Controllers.IncidentsApiController] API request received for incidents
[2025-06-23 11:39:24.777] [Information ] [FireIncidents.Controllers.IncidentsApiController] Calling scraper service
[2025-06-23 11:39:24.777] [Information ] [FireIncidents.Services.FireServiceScraperService] Starting to scrape fire incidents...
[2025-06-23 11:39:24.777] [Information ] [FireIncidents.Services.FireServiceScraperService] Sending request to https://museum.fireservice.gr/symvanta/
[2025-06-23 11:39:24.777] [Information ] [System.Net.Http.HttpClient.FireService.LogicalHandler] Start processing HTTP request GET https://museum.fireservice.gr/symvanta/
[2025-06-23 11:39:24.777] [Information ] [System.Net.Http.HttpClient.FireService.ClientHandler] Sending HTTP request GET https://museum.fireservice.gr/symvanta/
[2025-06-23 11:39:25.881] [Information ] [FireIncidents.Services.GeocodingService] Loaded 227 municipalities from JSON file
[2025-06-23 11:39:25.881] [Information ] [FireIncidents.Services.GeocodingService] Initialized with 2341 municipality coordinates
[2025-06-23 11:39:25.881] [Information ] [FireIncidents.Controllers.IncidentsApiController] API request received for incidents
[2025-06-23 11:39:25.881] [Information ] [FireIncidents.Controllers.IncidentsApiController] Calling scraper service
[2025-06-23 11:39:25.881] [Information ] [FireIncidents.Services.FireServiceScraperService] Starting to scrape fire incidents...
[2025-06-23 11:39:25.881] [Information ] [FireIncidents.Services.FireServiceScraperService] Sending request to https://museum.fireservice.gr/symvanta/
[2025-06-23 11:39:25.881] [Information ] [System.Net.Http.HttpClient.FireService.LogicalHandler] Start processing HTTP request GET https://museum.fireservice.gr/symvanta/
[2025-06-23 11:39:25.881] [Information ] [System.Net.Http.HttpClient.FireService.ClientHandler] Sending HTTP request GET https://museum.fireservice.gr/symvanta/
[2025-06-23 11:39:26.965] [Information ] [FireIncidents.Services.GeocodingService] Loaded 227 municipalities from JSON file
[2025-06-23 11:39:26.965] [Information ] [FireIncidents.Services.GeocodingService] Initialized with 2341 municipality coordinates
[2025-06-23 11:39:26.965] [Information ] [FireIncidents.Controllers.IncidentsApiController] API request received for incidents
[2025-06-23 11:39:26.965] [Information ] [FireIncidents.Controllers.IncidentsApiController] Calling scraper service
[2025-06-23 11:39:26.965] [Information ] [FireIncidents.Services.FireServiceScraperService] Starting to scrape fire incidents...
[2025-06-23 11:39:26.965] [Information ] [FireIncidents.Services.FireServiceScraperService] Sending request to https://museum.fireservice.gr/symvanta/
[2025-06-23 11:39:26.965] [Information ] [System.Net.Http.HttpClient.FireService.LogicalHandler] Start processing HTTP request GET https://museum.fireservice.gr/symvanta/
[2025-06-23 11:39:26.965] [Information ] [System.Net.Http.HttpClient.FireService.ClientHandler] Sending HTTP request GET https://museum.fireservice.gr/symvanta/
[2025-06-23 11:39:28.098] [Information ] [FireIncidents.Services.GeocodingService] Loaded 227 municipalities from JSON file
[2025-06-23 11:39:28.098] [Information ] [FireIncidents.Services.GeocodingService] Initialized with 2341 municipality coordinates
[2025-06-23 11:39:28.098] [Information ] [FireIncidents.Controllers.IncidentsApiController] API request received for incidents
[2025-06-23 11:39:28.098] [Information ] [FireIncidents.Controllers.IncidentsApiController] Calling scraper service
[2025-06-23 11:39:28.098] [Information ] [FireIncidents.Services.FireServiceScraperService] Starting to scrape fire incidents...
[2025-06-23 11:39:28.098] [Information ] [FireIncidents.Services.FireServiceScraperService] Sending request to https://museum.fireservice.gr/symvanta/
[2025-06-23 11:39:28.098] [Information ] [System.Net.Http.HttpClient.FireService.LogicalHandler] Start processing HTTP request GET https://museum.fireservice.gr/symvanta/
[2025-06-23 11:39:28.098] [Information ] [System.Net.Http.HttpClient.FireService.ClientHandler] Sending HTTP request GET https://museum.fireservice.gr/symvanta/
[2025-06-23 11:39:29.204] [Information ] [FireIncidents.Services.GeocodingService] Loaded 227 municipalities from JSON file
[2025-06-23 11:39:29.204] [Information ] [FireIncidents.Services.GeocodingService] Initialized with 2341 municipality coordinates
[2025-06-23 11:39:29.204] [Information ] [FireIncidents.Controllers.IncidentsApiController] API request received for incidents
[2025-06-23 11:39:29.204] [Information ] [FireIncidents.Controllers.IncidentsApiController] Calling scraper service
[2025-06-23 11:39:29.204] [Information ] [FireIncidents.Services.FireServiceScraperService] Starting to scrape fire incidents...
[2025-06-23 11:39:29.204] [Information ] [FireIncidents.Services.FireServiceScraperService] Sending request to https://museum.fireservice.gr/symvanta/
[2025-06-23 11:39:29.204] [Information ] [System.Net.Http.HttpClient.FireService.LogicalHandler] Start processing HTTP request GET https://museum.fireservice.gr/symvanta/
[2025-06-23 11:39:29.204] [Information ] [System.Net.Http.HttpClient.FireService.ClientHandler] Sending HTTP request GET https://museum.fireservice.gr/symvanta/
[2025-06-23 11:39:30.555] [Information ] [FireIncidents.Services.GeocodingService] Loaded 227 municipalities from JSON file
[2025-06-23 11:39:30.555] [Information ] [FireIncidents.Services.GeocodingService] Initialized with 2341 municipality coordinates
[2025-06-23 11:39:30.556] [Information ] [FireIncidents.Controllers.IncidentsApiController] API request received for incidents
[2025-06-23 11:39:30.556] [Information ] [FireIncidents.Controllers.IncidentsApiController] Calling scraper service
[2025-06-23 11:39:30.556] [Information ] [FireIncidents.Services.FireServiceScraperService] Starting to scrape fire incidents...
[2025-06-23 11:39:30.556] [Information ] [FireIncidents.Services.FireServiceScraperService] Sending request to https://museum.fireservice.gr/symvanta/
[2025-06-23 11:39:30.556] [Information ] [System.Net.Http.HttpClient.FireService.LogicalHandler] Start processing HTTP request GET https://museum.fireservice.gr/symvanta/
[2025-06-23 11:39:30.556] [Information ] [System.Net.Http.HttpClient.FireService.ClientHandler] Sending HTTP request GET https://museum.fireservice.gr/symvanta/
[2025-06-23 11:39:31.448] [Information ] [FireIncidents.Services.GeocodingService] Loaded 227 municipalities from JSON file
[2025-06-23 11:39:31.448] [Information ] [FireIncidents.Services.GeocodingService] Initialized with 2341 municipality coordinates
[2025-06-23 11:39:31.448] [Information ] [FireIncidents.Controllers.IncidentsApiController] API request received for incidents
[2025-06-23 11:39:31.448] [Information ] [FireIncidents.Controllers.IncidentsApiController] Calling scraper service
[2025-06-23 11:39:31.448] [Information ] [FireIncidents.Services.FireServiceScraperService] Starting to scrape fire incidents...
[2025-06-23 11:39:31.448] [Information ] [FireIncidents.Services.FireServiceScraperService] Sending request to https://museum.fireservice.gr/symvanta/
[2025-06-23 11:39:31.448] [Information ] [System.Net.Http.HttpClient.FireService.LogicalHandler] Start processing HTTP request GET https://museum.fireservice.gr/symvanta/
[2025-06-23 11:39:31.448] [Information ] [System.Net.Http.HttpClient.FireService.ClientHandler] Sending HTTP request GET https://museum.fireservice.gr/symvanta/
[2025-06-23 11:39:32.658] [Information ] [FireIncidents.Services.GeocodingService] Loaded 227 municipalities from JSON file
[2025-06-23 11:39:32.658] [Information ] [FireIncidents.Services.GeocodingService] Initialized with 2341 municipality coordinates
[2025-06-23 11:39:32.658] [Information ] [FireIncidents.Controllers.IncidentsApiController] API request received for incidents
[2025-06-23 11:39:32.658] [Information ] [FireIncidents.Controllers.IncidentsApiController] Calling scraper service
[2025-06-23 11:39:32.658] [Information ] [FireIncidents.Services.FireServiceScraperService] Starting to scrape fire incidents...
[2025-06-23 11:39:32.658] [Information ] [FireIncidents.Services.FireServiceScraperService] Sending request to https://museum.fireservice.gr/symvanta/
[2025-06-23 11:39:32.658] [Information ] [System.Net.Http.HttpClient.FireService.LogicalHandler] Start processing HTTP request GET https://museum.fireservice.gr/symvanta/
[2025-06-23 11:39:32.658] [Information ] [System.Net.Http.HttpClient.FireService.ClientHandler] Sending HTTP request GET https://museum.fireservice.gr/symvanta/
[2025-06-23 11:39:33.730] [Information ] [FireIncidents.Services.GeocodingService] Loaded 227 municipalities from JSON file
[2025-06-23 11:39:33.730] [Information ] [FireIncidents.Services.GeocodingService] Initialized with 2341 municipality coordinates
[2025-06-23 11:39:33.730] [Information ] [FireIncidents.Controllers.IncidentsApiController] API request received for incidents
[2025-06-23 11:39:33.730] [Information ] [FireIncidents.Controllers.IncidentsApiController] Calling scraper service
[2025-06-23 11:39:33.730] [Information ] [FireIncidents.Services.FireServiceScraperService] Starting to scrape fire incidents...
[2025-06-23 11:39:33.730] [Information ] [FireIncidents.Services.FireServiceScraperService] Sending request to https://museum.fireservice.gr/symvanta/
[2025-06-23 11:39:33.730] [Information ] [System.Net.Http.HttpClient.FireService.LogicalHandler] Start processing HTTP request GET https://museum.fireservice.gr/symvanta/
[2025-06-23 11:39:33.730] [Information ] [System.Net.Http.HttpClient.FireService.ClientHandler] Sending HTTP request GET https://museum.fireservice.gr/symvanta/
[2025-06-23 11:39:34.909] [Information ] [FireIncidents.Services.GeocodingService] Loaded 227 municipalities from JSON file
[2025-06-23 11:39:34.909] [Information ] [FireIncidents.Services.GeocodingService] Initialized with 2341 municipality coordinates
[2025-06-23 11:39:34.909] [Information ] [FireIncidents.Controllers.IncidentsApiController] API request received for incidents
[2025-06-23 11:39:34.909] [Information ] [FireIncidents.Controllers.IncidentsApiController] Calling scraper service
[2025-06-23 11:39:34.909] [Information ] [FireIncidents.Services.FireServiceScraperService] Starting to scrape fire incidents...
[2025-06-23 11:39:34.909] [Information ] [FireIncidents.Services.FireServiceScraperService] Sending request to https://museum.fireservice.gr/symvanta/
[2025-06-23 11:39:34.909] [Information ] [System.Net.Http.HttpClient.FireService.LogicalHandler] Start processing HTTP request GET https://museum.fireservice.gr/symvanta/
[2025-06-23 11:39:34.909] [Information ] [System.Net.Http.HttpClient.FireService.ClientHandler] Sending HTTP request GET https://museum.fireservice.gr/symvanta/
[2025-06-23 11:39:35.937] [Information ] [FireIncidents.Services.GeocodingService] Loaded 227 municipalities from JSON file
[2025-06-23 11:39:35.937] [Information ] [FireIncidents.Services.GeocodingService] Initialized with 2341 municipality coordinates
[2025-06-23 11:39:35.937] [Information ] [FireIncidents.Controllers.IncidentsApiController] API request received for incidents
[2025-06-23 11:39:35.937] [Information ] [FireIncidents.Controllers.IncidentsApiController] Calling scraper service
[2025-06-23 11:39:35.937] [Information ] [FireIncidents.Services.FireServiceScraperService] Starting to scrape fire incidents...
[2025-06-23 11:39:35.937] [Information ] [FireIncidents.Services.FireServiceScraperService] Sending request to https://museum.fireservice.gr/symvanta/
[2025-06-23 11:39:35.937] [Information ] [System.Net.Http.HttpClient.FireService.LogicalHandler] Start processing HTTP request GET https://museum.fireservice.gr/symvanta/
[2025-06-23 11:39:35.937] [Information ] [System.Net.Http.HttpClient.FireService.ClientHandler] Sending HTTP request GET https://museum.fireservice.gr/symvanta/
[2025-06-23 11:39:37.052] [Information ] [FireIncidents.Services.GeocodingService] Loaded 227 municipalities from JSON file
[2025-06-23 11:39:37.052] [Information ] [FireIncidents.Services.GeocodingService] Initialized with 2341 municipality coordinates
[2025-06-23 11:39:37.052] [Information ] [FireIncidents.Controllers.IncidentsApiController] API request received for incidents
[2025-06-23 11:39:37.052] [Information ] [FireIncidents.Controllers.IncidentsApiController] Calling scraper service
[2025-06-23 11:39:37.052] [Information ] [FireIncidents.Services.FireServiceScraperService] Starting to scrape fire incidents...
[2025-06-23 11:39:37.052] [Information ] [FireIncidents.Services.FireServiceScraperService] Sending request to https://museum.fireservice.gr/symvanta/
[2025-06-23 11:39:37.052] [Information ] [System.Net.Http.HttpClient.FireService.LogicalHandler] Start processing HTTP request GET https://museum.fireservice.gr/symvanta/
[2025-06-23 11:39:37.052] [Information ] [System.Net.Http.HttpClient.FireService.ClientHandler] Sending HTTP request GET https://museum.fireservice.gr/symvanta/
[2025-06-23 11:39:38.172] [Information ] [FireIncidents.Services.GeocodingService] Loaded 227 municipalities from JSON file
[2025-06-23 11:39:38.172] [Information ] [FireIncidents.Services.GeocodingService] Initialized with 2341 municipality coordinates
[2025-06-23 11:39:38.172] [Information ] [FireIncidents.Controllers.IncidentsApiController] API request received for incidents
[2025-06-23 11:39:38.172] [Information ] [FireIncidents.Controllers.IncidentsApiController] Calling scraper service
[2025-06-23 11:39:38.172] [Information ] [FireIncidents.Services.FireServiceScraperService] Starting to scrape fire incidents...
[2025-06-23 11:39:38.172] [Information ] [FireIncidents.Services.FireServiceScraperService] Sending request to https://museum.fireservice.gr/symvanta/
[2025-06-23 11:39:38.172] [Information ] [System.Net.Http.HttpClient.FireService.LogicalHandler] Start processing HTTP request GET https://museum.fireservice.gr/symvanta/
[2025-06-23 11:39:38.172] [Information ] [System.Net.Http.HttpClient.FireService.ClientHandler] Sending HTTP request GET https://museum.fireservice.gr/symvanta/
[2025-06-23 11:39:39.289] [Information ] [FireIncidents.Services.GeocodingService] Loaded 227 municipalities from JSON file
[2025-06-23 11:39:39.289] [Information ] [FireIncidents.Services.GeocodingService] Initialized with 2341 municipality coordinates
[2025-06-23 11:39:39.289] [Information ] [FireIncidents.Controllers.IncidentsApiController] API request received for incidents
[2025-06-23 11:39:39.289] [Information ] [FireIncidents.Controllers.IncidentsApiController] Calling scraper service
[2025-06-23 11:39:39.289] [Information ] [FireIncidents.Services.FireServiceScraperService] Starting to scrape fire incidents...
[2025-06-23 11:39:39.289] [Information ] [FireIncidents.Services.FireServiceScraperService] Sending request to https://museum.fireservice.gr/symvanta/
[2025-06-23 11:39:39.289] [Information ] [System.Net.Http.HttpClient.FireService.LogicalHandler] Start processing HTTP request GET https://museum.fireservice.gr/symvanta/
[2025-06-23 11:39:39.289] [Information ] [System.Net.Http.HttpClient.FireService.ClientHandler] Sending HTTP request GET https://museum.fireservice.gr/symvanta/
[2025-06-23 11:39:40.418] [Information ] [FireIncidents.Services.GeocodingService] Loaded 227 municipalities from JSON file
[2025-06-23 11:39:40.418] [Information ] [FireIncidents.Services.GeocodingService] Initialized with 2341 municipality coordinates
[2025-06-23 11:39:40.419] [Information ] [FireIncidents.Controllers.IncidentsApiController] API request received for incidents
[2025-06-23 11:39:40.419] [Information ] [FireIncidents.Controllers.IncidentsApiController] Calling scraper service
[2025-06-23 11:39:40.419] [Information ] [FireIncidents.Services.FireServiceScraperService] Starting to scrape fire incidents...
[2025-06-23 11:39:40.419] [Information ] [FireIncidents.Services.FireServiceScraperService] Sending request to https://museum.fireservice.gr/symvanta/
[2025-06-23 11:39:40.419] [Information ] [System.Net.Http.HttpClient.FireService.LogicalHandler] Start processing HTTP request GET https://museum.fireservice.gr/symvanta/
[2025-06-23 11:39:40.419] [Information ] [System.Net.Http.HttpClient.FireService.ClientHandler] Sending HTTP request GET https://museum.fireservice.gr/symvanta/
[2025-06-23 11:39:41.512] [Information ] [FireIncidents.Services.GeocodingService] Loaded 227 municipalities from JSON file
[2025-06-23 11:39:41.512] [Information ] [FireIncidents.Services.GeocodingService] Initialized with 2341 municipality coordinates
[2025-06-23 11:39:41.512] [Information ] [FireIncidents.Controllers.IncidentsApiController] API request received for incidents
[2025-06-23 11:39:41.512] [Information ] [FireIncidents.Controllers.IncidentsApiController] Calling scraper service
[2025-06-23 11:39:41.512] [Information ] [FireIncidents.Services.FireServiceScraperService] Starting to scrape fire incidents...
[2025-06-23 11:39:41.512] [Information ] [FireIncidents.Services.FireServiceScraperService] Sending request to https://museum.fireservice.gr/symvanta/
[2025-06-23 11:39:41.512] [Information ] [System.Net.Http.HttpClient.FireService.LogicalHandler] Start processing HTTP request GET https://museum.fireservice.gr/symvanta/
[2025-06-23 11:39:41.512] [Information ] [System.Net.Http.HttpClient.FireService.ClientHandler] Sending HTTP request GET https://museum.fireservice.gr/symvanta/
[2025-06-23 11:39:42.644] [Information ] [FireIncidents.Services.GeocodingService] Loaded 227 municipalities from JSON file
[2025-06-23 11:39:42.644] [Information ] [FireIncidents.Services.GeocodingService] Initialized with 2341 municipality coordinates
[2025-06-23 11:39:42.644] [Information ] [FireIncidents.Controllers.IncidentsApiController] API request received for incidents
[2025-06-23 11:39:42.644] [Information ] [FireIncidents.Controllers.IncidentsApiController] Calling scraper service
[2025-06-23 11:39:42.644] [Information ] [FireIncidents.Services.FireServiceScraperService] Starting to scrape fire incidents...
[2025-06-23 11:39:42.644] [Information ] [FireIncidents.Services.FireServiceScraperService] Sending request to https://museum.fireservice.gr/symvanta/
[2025-06-23 11:39:42.644] [Information ] [System.Net.Http.HttpClient.FireService.LogicalHandler] Start processing HTTP request GET https://museum.fireservice.gr/symvanta/
[2025-06-23 11:39:42.644] [Information ] [System.Net.Http.HttpClient.FireService.ClientHandler] Sending HTTP request GET https://museum.fireservice.gr/symvanta/
[2025-06-23 11:39:43.739] [Information ] [FireIncidents.Services.GeocodingService] Loaded 227 municipalities from JSON file
[2025-06-23 11:39:43.739] [Information ] [FireIncidents.Services.GeocodingService] Initialized with 2341 municipality coordinates
[2025-06-23 11:39:43.739] [Information ] [FireIncidents.Controllers.IncidentsApiController] API request received for incidents
[2025-06-23 11:39:43.739] [Information ] [FireIncidents.Controllers.IncidentsApiController] Calling scraper service
[2025-06-23 11:39:43.739] [Information ] [FireIncidents.Services.FireServiceScraperService] Starting to scrape fire incidents...
[2025-06-23 11:39:43.739] [Information ] [FireIncidents.Services.FireServiceScraperService] Sending request to https://museum.fireservice.gr/symvanta/
[2025-06-23 11:39:43.739] [Information ] [System.Net.Http.HttpClient.FireService.LogicalHandler] Start processing HTTP request GET https://museum.fireservice.gr/symvanta/
[2025-06-23 11:39:43.739] [Information ] [System.Net.Http.HttpClient.FireService.ClientHandler] Sending HTTP request GET https://museum.fireservice.gr/symvanta/
[2025-06-23 11:39:44.857] [Information ] [FireIncidents.Services.GeocodingService] Loaded 227 municipalities from JSON file
[2025-06-23 11:39:44.857] [Information ] [FireIncidents.Services.GeocodingService] Initialized with 2341 municipality coordinates
[2025-06-23 11:39:44.857] [Information ] [FireIncidents.Controllers.IncidentsApiController] API request received for incidents
[2025-06-23 11:39:44.857] [Information ] [FireIncidents.Controllers.IncidentsApiController] Calling scraper service
[2025-06-23 11:39:44.857] [Information ] [FireIncidents.Services.FireServiceScraperService] Starting to scrape fire incidents...
[2025-06-23 11:39:44.857] [Information ] [FireIncidents.Services.FireServiceScraperService] Sending request to https://museum.fireservice.gr/symvanta/
[2025-06-23 11:39:44.857] [Information ] [System.Net.Http.HttpClient.FireService.LogicalHandler] Start processing HTTP request GET https://museum.fireservice.gr/symvanta/
[2025-06-23 11:39:44.857] [Information ] [System.Net.Http.HttpClient.FireService.ClientHandler] Sending HTTP request GET https://museum.fireservice.gr/symvanta/
[2025-06-23 11:40:08.205] [Error       ] [FireIncidents.Services.FireServiceScraperService] Error in GetHtmlAsync
Exception: System.Net.Http.HttpRequestException: The SSL connection could not be established, see inner exception.
 ---> System.IO.IOException: Received an unexpected EOF or 0 bytes from the transport stream.
   at System.Net.Security.SslStream.ReceiveHandshakeFrameAsync[TIOAdapter](CancellationToken cancellationToken)
   at System.Net.Security.SslStream.ForceAuthenticationAsync[TIOAdapter](Boolean receiveFirst, Byte[] reAuthenticationData, CancellationToken cancellationToken)
   at System.Net.Http.ConnectHelper.EstablishSslConnectionAsync(SslClientAuthenticationOptions sslOptions, HttpRequestMessage request, Boolean async, Stream stream, CancellationToken cancellationToken)
   --- End of inner exception stack trace ---
   at System.Net.Http.ConnectHelper.EstablishSslConnectionAsync(SslClientAuthenticationOptions sslOptions, HttpRequestMessage request, Boolean async, Stream stream, CancellationToken cancellationToken)
   at System.Net.Http.HttpConnectionPool.ConnectAsync(HttpRequestMessage request, Boolean async, CancellationToken cancellationToken)
   at System.Net.Http.HttpConnectionPool.CreateHttp11ConnectionAsync(HttpRequestMessage request, Boolean async, CancellationToken cancellationToken)
   at System.Net.Http.HttpConnectionPool.InjectNewHttp11ConnectionAsync(QueueItem queueItem)
   at System.Threading.Tasks.TaskCompletionSourceWithCancellation`1.WaitWithCancellationAsync(CancellationToken cancellationToken)
   at System.Net.Http.HttpConnectionPool.SendWithVersionDetectionAndRetryAsync(HttpRequestMessage request, Boolean async, Boolean doRequestAuth, CancellationToken cancellationToken)
   at System.Net.Http.DiagnosticsHandler.SendAsyncCore(HttpRequestMessage request, Boolean async, CancellationToken cancellationToken)
   at System.Net.Http.RedirectHandler.SendAsync(HttpRequestMessage request, Boolean async, CancellationToken cancellationToken)
   at Microsoft.Extensions.Http.Logging.LoggingHttpMessageHandler.<SendCoreAsync>g__Core|4_0(HttpRequestMessage request, Boolean useAsync, CancellationToken cancellationToken)
   at Microsoft.Extensions.Http.Logging.LoggingScopeHttpMessageHandler.<SendCoreAsync>g__Core|4_0(HttpRequestMessage request, Boolean useAsync, CancellationToken cancellationToken)
   at System.Net.Http.HttpClient.<SendAsync>g__Core|83_0(HttpRequestMessage request, HttpCompletionOption completionOption, CancellationTokenSource cts, Boolean disposeCts, CancellationTokenSource pendingRequestsCts, CancellationToken originalCancellationToken)
   at FireIncidents.Services.FireServiceScraperService.GetHtmlAsync() in C:\Users\pansa\source\repos\FireIncidents\FireIncidents\Services\FireServiceScraperService.cs:line 63

[2025-06-23 11:40:08.206] [Error       ] [FireIncidents.Services.FireServiceScraperService] Error while scraping fire incidents
Exception: System.Net.Http.HttpRequestException: The SSL connection could not be established, see inner exception.
 ---> System.IO.IOException: Received an unexpected EOF or 0 bytes from the transport stream.
   at System.Net.Security.SslStream.ReceiveHandshakeFrameAsync[TIOAdapter](CancellationToken cancellationToken)
   at System.Net.Security.SslStream.ForceAuthenticationAsync[TIOAdapter](Boolean receiveFirst, Byte[] reAuthenticationData, CancellationToken cancellationToken)
   at System.Net.Http.ConnectHelper.EstablishSslConnectionAsync(SslClientAuthenticationOptions sslOptions, HttpRequestMessage request, Boolean async, Stream stream, CancellationToken cancellationToken)
   --- End of inner exception stack trace ---
   at System.Net.Http.ConnectHelper.EstablishSslConnectionAsync(SslClientAuthenticationOptions sslOptions, HttpRequestMessage request, Boolean async, Stream stream, CancellationToken cancellationToken)
   at System.Net.Http.HttpConnectionPool.ConnectAsync(HttpRequestMessage request, Boolean async, CancellationToken cancellationToken)
   at System.Net.Http.HttpConnectionPool.CreateHttp11ConnectionAsync(HttpRequestMessage request, Boolean async, CancellationToken cancellationToken)
   at System.Net.Http.HttpConnectionPool.InjectNewHttp11ConnectionAsync(QueueItem queueItem)
   at System.Threading.Tasks.TaskCompletionSourceWithCancellation`1.WaitWithCancellationAsync(CancellationToken cancellationToken)
   at System.Net.Http.HttpConnectionPool.SendWithVersionDetectionAndRetryAsync(HttpRequestMessage request, Boolean async, Boolean doRequestAuth, CancellationToken cancellationToken)
   at System.Net.Http.DiagnosticsHandler.SendAsyncCore(HttpRequestMessage request, Boolean async, CancellationToken cancellationToken)
   at System.Net.Http.RedirectHandler.SendAsync(HttpRequestMessage request, Boolean async, CancellationToken cancellationToken)
   at Microsoft.Extensions.Http.Logging.LoggingHttpMessageHandler.<SendCoreAsync>g__Core|4_0(HttpRequestMessage request, Boolean useAsync, CancellationToken cancellationToken)
   at Microsoft.Extensions.Http.Logging.LoggingScopeHttpMessageHandler.<SendCoreAsync>g__Core|4_0(HttpRequestMessage request, Boolean useAsync, CancellationToken cancellationToken)
   at System.Net.Http.HttpClient.<SendAsync>g__Core|83_0(HttpRequestMessage request, HttpCompletionOption completionOption, CancellationTokenSource cts, Boolean disposeCts, CancellationTokenSource pendingRequestsCts, CancellationToken originalCancellationToken)
   at FireIncidents.Services.FireServiceScraperService.GetHtmlAsync() in C:\Users\pansa\source\repos\FireIncidents\FireIncidents\Services\FireServiceScraperService.cs:line 63
   at FireIncidents.Services.FireServiceScraperService.ScrapeIncidentsAsync() in C:\Users\pansa\source\repos\FireIncidents\FireIncidents\Services\FireServiceScraperService.cs:line 27

[2025-06-23 11:40:08.207] [Information ] [FireIncidents.Controllers.IncidentsApiController] Scraped 0 incidents
[2025-06-23 11:40:08.207] [Information ] [FireIncidents.Controllers.IncidentsApiController] After filtering: 0 incidents
[2025-06-23 11:40:08.207] [Information ] [FireIncidents.Controllers.IncidentsApiController] Returning 0 geocoded incidents
[2025-06-23 11:40:09.202] [Error       ] [FireIncidents.Services.FireServiceScraperService] Error in GetHtmlAsync
Exception: System.Net.Http.HttpRequestException: The SSL connection could not be established, see inner exception.
 ---> System.IO.IOException: Received an unexpected EOF or 0 bytes from the transport stream.
   at System.Net.Security.SslStream.ReceiveHandshakeFrameAsync[TIOAdapter](CancellationToken cancellationToken)
   at System.Net.Security.SslStream.ForceAuthenticationAsync[TIOAdapter](Boolean receiveFirst, Byte[] reAuthenticationData, CancellationToken cancellationToken)
   at System.Net.Http.ConnectHelper.EstablishSslConnectionAsync(SslClientAuthenticationOptions sslOptions, HttpRequestMessage request, Boolean async, Stream stream, CancellationToken cancellationToken)
   --- End of inner exception stack trace ---
   at System.Net.Http.ConnectHelper.EstablishSslConnectionAsync(SslClientAuthenticationOptions sslOptions, HttpRequestMessage request, Boolean async, Stream stream, CancellationToken cancellationToken)
   at System.Net.Http.HttpConnectionPool.ConnectAsync(HttpRequestMessage request, Boolean async, CancellationToken cancellationToken)
   at System.Net.Http.HttpConnectionPool.CreateHttp11ConnectionAsync(HttpRequestMessage request, Boolean async, CancellationToken cancellationToken)
   at System.Net.Http.HttpConnectionPool.InjectNewHttp11ConnectionAsync(QueueItem queueItem)
   at System.Threading.Tasks.TaskCompletionSourceWithCancellation`1.WaitWithCancellationAsync(CancellationToken cancellationToken)
   at System.Net.Http.HttpConnectionPool.SendWithVersionDetectionAndRetryAsync(HttpRequestMessage request, Boolean async, Boolean doRequestAuth, CancellationToken cancellationToken)
   at System.Net.Http.DiagnosticsHandler.SendAsyncCore(HttpRequestMessage request, Boolean async, CancellationToken cancellationToken)
   at System.Net.Http.RedirectHandler.SendAsync(HttpRequestMessage request, Boolean async, CancellationToken cancellationToken)
   at Microsoft.Extensions.Http.Logging.LoggingHttpMessageHandler.<SendCoreAsync>g__Core|4_0(HttpRequestMessage request, Boolean useAsync, CancellationToken cancellationToken)
   at Microsoft.Extensions.Http.Logging.LoggingScopeHttpMessageHandler.<SendCoreAsync>g__Core|4_0(HttpRequestMessage request, Boolean useAsync, CancellationToken cancellationToken)
   at System.Net.Http.HttpClient.<SendAsync>g__Core|83_0(HttpRequestMessage request, HttpCompletionOption completionOption, CancellationTokenSource cts, Boolean disposeCts, CancellationTokenSource pendingRequestsCts, CancellationToken originalCancellationToken)
   at FireIncidents.Services.FireServiceScraperService.GetHtmlAsync() in C:\Users\pansa\source\repos\FireIncidents\FireIncidents\Services\FireServiceScraperService.cs:line 63

[2025-06-23 11:40:09.204] [Error       ] [FireIncidents.Services.FireServiceScraperService] Error while scraping fire incidents
Exception: System.Net.Http.HttpRequestException: The SSL connection could not be established, see inner exception.
 ---> System.IO.IOException: Received an unexpected EOF or 0 bytes from the transport stream.
   at System.Net.Security.SslStream.ReceiveHandshakeFrameAsync[TIOAdapter](CancellationToken cancellationToken)
   at System.Net.Security.SslStream.ForceAuthenticationAsync[TIOAdapter](Boolean receiveFirst, Byte[] reAuthenticationData, CancellationToken cancellationToken)
   at System.Net.Http.ConnectHelper.EstablishSslConnectionAsync(SslClientAuthenticationOptions sslOptions, HttpRequestMessage request, Boolean async, Stream stream, CancellationToken cancellationToken)
   --- End of inner exception stack trace ---
   at System.Net.Http.ConnectHelper.EstablishSslConnectionAsync(SslClientAuthenticationOptions sslOptions, HttpRequestMessage request, Boolean async, Stream stream, CancellationToken cancellationToken)
   at System.Net.Http.HttpConnectionPool.ConnectAsync(HttpRequestMessage request, Boolean async, CancellationToken cancellationToken)
   at System.Net.Http.HttpConnectionPool.CreateHttp11ConnectionAsync(HttpRequestMessage request, Boolean async, CancellationToken cancellationToken)
   at System.Net.Http.HttpConnectionPool.InjectNewHttp11ConnectionAsync(QueueItem queueItem)
   at System.Threading.Tasks.TaskCompletionSourceWithCancellation`1.WaitWithCancellationAsync(CancellationToken cancellationToken)
   at System.Net.Http.HttpConnectionPool.SendWithVersionDetectionAndRetryAsync(HttpRequestMessage request, Boolean async, Boolean doRequestAuth, CancellationToken cancellationToken)
   at System.Net.Http.DiagnosticsHandler.SendAsyncCore(HttpRequestMessage request, Boolean async, CancellationToken cancellationToken)
   at System.Net.Http.RedirectHandler.SendAsync(HttpRequestMessage request, Boolean async, CancellationToken cancellationToken)
   at Microsoft.Extensions.Http.Logging.LoggingHttpMessageHandler.<SendCoreAsync>g__Core|4_0(HttpRequestMessage request, Boolean useAsync, CancellationToken cancellationToken)
   at Microsoft.Extensions.Http.Logging.LoggingScopeHttpMessageHandler.<SendCoreAsync>g__Core|4_0(HttpRequestMessage request, Boolean useAsync, CancellationToken cancellationToken)
   at System.Net.Http.HttpClient.<SendAsync>g__Core|83_0(HttpRequestMessage request, HttpCompletionOption completionOption, CancellationTokenSource cts, Boolean disposeCts, CancellationTokenSource pendingRequestsCts, CancellationToken originalCancellationToken)
   at FireIncidents.Services.FireServiceScraperService.GetHtmlAsync() in C:\Users\pansa\source\repos\FireIncidents\FireIncidents\Services\FireServiceScraperService.cs:line 63
   at FireIncidents.Services.FireServiceScraperService.ScrapeIncidentsAsync() in C:\Users\pansa\source\repos\FireIncidents\FireIncidents\Services\FireServiceScraperService.cs:line 27

[2025-06-23 11:40:09.204] [Information ] [FireIncidents.Controllers.IncidentsApiController] Scraped 0 incidents
[2025-06-23 11:40:09.204] [Information ] [FireIncidents.Controllers.IncidentsApiController] After filtering: 0 incidents
[2025-06-23 11:40:09.204] [Information ] [FireIncidents.Controllers.IncidentsApiController] Returning 0 geocoded incidents
[2025-06-23 11:40:09.509] [Information ] [FireIncidents.Services.GeocodingService] Loaded 227 municipalities from JSON file
[2025-06-23 11:40:09.509] [Information ] [FireIncidents.Services.GeocodingService] Initialized with 2341 municipality coordinates
[2025-06-23 11:40:09.509] [Information ] [FireIncidents.Controllers.IncidentsApiController] API request received for incidents
[2025-06-23 11:40:09.509] [Information ] [FireIncidents.Controllers.IncidentsApiController] Calling scraper service
[2025-06-23 11:40:09.509] [Information ] [FireIncidents.Services.FireServiceScraperService] Starting to scrape fire incidents...
[2025-06-23 11:40:09.509] [Information ] [FireIncidents.Services.FireServiceScraperService] Sending request to https://museum.fireservice.gr/symvanta/
[2025-06-23 11:40:09.509] [Information ] [System.Net.Http.HttpClient.FireService.LogicalHandler] Start processing HTTP request GET https://museum.fireservice.gr/symvanta/
[2025-06-23 11:40:09.509] [Information ] [System.Net.Http.HttpClient.FireService.ClientHandler] Sending HTTP request GET https://museum.fireservice.gr/symvanta/
