[2025-03-16 23:07:43.861] [Information ] [FireIncidents.Startup] Application starting up
[2025-03-16 23:07:43.865] [Information ] [FireIncidents.Startup] Running in Development environment
[2025-03-16 23:07:43.948] [Information ] [FireIncidents.Startup] Application configuration complete
[2025-03-16 23:07:46.109] [Information ] [FireIncidents.Services.GeocodingService] Loaded 223 municipalities from JSON file
[2025-03-16 23:07:46.110] [Information ] [FireIncidents.Services.GeocodingService] Initialized with 2337 municipality coordinates
[2025-03-16 23:07:46.117] [Information ] [FireIncidents.Controllers.IncidentsApiController] API request received for incidents
[2025-03-16 23:07:46.118] [Information ] [FireIncidents.Controllers.IncidentsApiController] Calling scraper service
[2025-03-16 23:07:46.120] [Information ] [FireIncidents.Services.FireServiceScraperService] Starting to scrape fire incidents...
[2025-03-16 23:07:46.123] [Information ] [FireIncidents.Services.FireServiceScraperService] Sending request to https://museum.fireservice.gr/symvanta/
[2025-03-16 23:07:46.128] [Information ] [System.Net.Http.HttpClient.FireService.LogicalHandler] Start processing HTTP request GET https://museum.fireservice.gr/symvanta/
[2025-03-16 23:07:46.129] [Information ] [System.Net.Http.HttpClient.FireService.ClientHandler] Sending HTTP request GET https://museum.fireservice.gr/symvanta/
[2025-03-16 23:07:46.287] [Information ] [System.Net.Http.HttpClient.FireService.ClientHandler] Received HTTP response headers after 152.9961ms - 200
[2025-03-16 23:07:46.288] [Information ] [System.Net.Http.HttpClient.FireService.LogicalHandler] End processing HTTP request after 163.6026ms - 200
[2025-03-16 23:07:47.160] [Information ] [FireIncidents.Services.FireServiceScraperService] Received response: OK
[2025-03-16 23:07:47.161] [Information ] [FireIncidents.Services.FireServiceScraperService] Content-Type: text/html; charset=UTF-8, CharSet: UTF-8
[2025-03-16 23:07:47.162] [Information ] [FireIncidents.Services.FireServiceScraperService] Using specified encoding: utf-8
[2025-03-16 23:07:47.163] [Debug       ] [FireIncidents.Services.FireServiceScraperService] Sample of decoded HTML: <!DOCTYPE html>
<html>
<head>
<meta name="viewport" content="width=device-width, initial-scale=1">
   <link href="vendor/bootstrap/css/bootstrap.min.css" rel="stylesheet">
   <link href="vendor/m...
[2025-03-16 23:07:47.165] [Information ] [FireIncidents.Services.FireServiceScraperService] Saved HTML to C:\Users\pansa\source\repos\FireIncidents\FireIncidents\debug_html.txt for debugging
[2025-03-16 23:07:47.202] [Information ] [FireIncidents.Services.FireServiceScraperService] Saved HTML to C:\Users\pansa\source\repos\FireIncidents\FireIncidents\debug_html.txt for debugging
[2025-03-16 23:07:47.453] [Information ] [FireIncidents.Services.FireServiceScraperService] Processing tab L1 - ΔΑΣΙΚΕΣ ΠΥΡΚΑΓΙΕΣ
[2025-03-16 23:07:47.457] [Information ] [FireIncidents.Services.FireServiceScraperService] Found status section: ΜΕΡΙΚΟΣ ΕΛΕΓΧΟΣ (4)
[2025-03-16 23:07:47.458] [Information ] [FireIncidents.Services.FireServiceScraperService] Found incident panel for status: ΜΕΡΙΚΟΣ ΕΛΕΓΧΟΣ
[2025-03-16 23:07:47.471] [Debug       ] [FireIncidents.Services.FireServiceScraperService] Location cell HTML: ΠΕΡΙΦΕΡΕΙΑ ΚΕΝΤΡΙΚΗΣ ΜΑΚΕΔΟΝΙΑΣ <br>Δ. ΑΡΙΣΤΟΤΕΛΗ - ΠΑΝΑΓΙΑΣ <br> <b>ΧΟΡΤΟΛΙΒΑΔΙΚΗ ΕΚΤΑΣΗ</b><br>
[2025-03-16 23:07:47.482] [Information ] [FireIncidents.Services.FireServiceScraperService] Found incident panel for status: ΜΕΡΙΚΟΣ ΕΛΕΓΧΟΣ
[2025-03-16 23:07:47.483] [Debug       ] [FireIncidents.Services.FireServiceScraperService] Location cell HTML: ΠΕΡΙΦΕΡΕΙΑ ΒΟΡΕΙΟΥ ΑΙΓΑΙΟΥ <br>Δ. ΣΑΜΟΥ - ΒΑΘΕΟΣ <br> <b>ΔΑΣΙΚΗ ΕΚΤΑΣΗ</b><br>
[2025-03-16 23:07:47.484] [Information ] [FireIncidents.Services.FireServiceScraperService] Found incident panel for status: ΜΕΡΙΚΟΣ ΕΛΕΓΧΟΣ
[2025-03-16 23:07:47.485] [Debug       ] [FireIncidents.Services.FireServiceScraperService] Location cell HTML: ΠΕΡΙΦΕΡΕΙΑ ΘΕΣΣΑΛΙΑΣ <br>Δ. ΤΕΜΠΩΝ - ΚΑΤΩ ΟΛΥΜΠΟΥ <br> <b>ΚΑΛΑΜΙΑ - ΒΑΛΤΟΙ</b><br>
[2025-03-16 23:07:47.486] [Information ] [FireIncidents.Services.FireServiceScraperService] Found incident panel for status: ΜΕΡΙΚΟΣ ΕΛΕΓΧΟΣ
[2025-03-16 23:07:47.486] [Debug       ] [FireIncidents.Services.FireServiceScraperService] Location cell HTML: ΠΕΡΙΦΕΡΕΙΑ ΚΡΗΤΗΣ <br>Δ. ΙΕΡΑΠΕΤΡΑΣ - ΜΑΚΡΥ ΓΙΑΛΟΥ <br> <b>ΧΟΡΤΟΛΙΒΑΔΙΚΗ ΕΚΤΑΣΗ</b><br>
[2025-03-16 23:07:47.487] [Information ] [FireIncidents.Services.FireServiceScraperService] Found status section: ΠΛΗΡΗΣ ΕΛΕΓΧΟΣ (3)
[2025-03-16 23:07:47.488] [Information ] [FireIncidents.Services.FireServiceScraperService] Found incident panel for status: ΠΛΗΡΗΣ ΕΛΕΓΧΟΣ
[2025-03-16 23:07:47.489] [Debug       ] [FireIncidents.Services.FireServiceScraperService] Location cell HTML: ΠΕΡΙΦΕΡΕΙΑ ΑΝΑΤΟΛΙΚΗΣ ΜΑΚΕΔΟΝΙΑΣ ΚΑΙ ΘΡΑΚΗΣ <br>Δ. ΑΛΕΞΑΝΔΡΟΥΠΟΛΗΣ - ΤΡΑΙΑΝΟΥΠΟΛΗΣ <br> <b>ΔΑΣΙΚΗ ΕΚΤΑΣΗ</b><br>
[2025-03-16 23:07:47.490] [Information ] [FireIncidents.Services.FireServiceScraperService] Found incident panel for status: ΠΛΗΡΗΣ ΕΛΕΓΧΟΣ
[2025-03-16 23:07:47.491] [Debug       ] [FireIncidents.Services.FireServiceScraperService] Location cell HTML: ΠΕΡΙΦΕΡΕΙΑ ΔΥΤΙΚΗΣ ΕΛΛΑΔΑΣ <br>Δ. ΞΗΡΟΜΕΡΟΥ - ΑΣΤΑΚΟΥ <br> <b>ΔΑΣΙΚΗ ΕΚΤΑΣΗ</b><br>
[2025-03-16 23:07:47.491] [Information ] [FireIncidents.Services.FireServiceScraperService] Found incident panel for status: ΠΛΗΡΗΣ ΕΛΕΓΧΟΣ
[2025-03-16 23:07:47.492] [Debug       ] [FireIncidents.Services.FireServiceScraperService] Location cell HTML: ΠΕΡΙΦΕΡΕΙΑ ΚΡΗΤΗΣ <br>Δ. ΑΠΟΚΟΡΩΝΟΥ - ΓΕΩΡΓΙΟΥΠΟΛΕΩΣ <br> <b>ΧΟΡΤΟΛΙΒΑΔΙΚΗ ΕΚΤΑΣΗ</b><br>
[2025-03-16 23:07:47.493] [Information ] [FireIncidents.Services.FireServiceScraperService] Found ΛΗΞΗ section, skipping
[2025-03-16 23:07:47.494] [Information ] [FireIncidents.Services.FireServiceScraperService] Processing tab P1 - ΑΣΤΙΚΕΣ ΠΥΡΚΑΓΙΕΣ
[2025-03-16 23:07:47.495] [Information ] [FireIncidents.Services.FireServiceScraperService] Found status section: ΣΕ ΕΞΕΛΙΞΗ  (2)
[2025-03-16 23:07:47.495] [Information ] [FireIncidents.Services.FireServiceScraperService] Found incident panel for status: ΣΕ ΕΞΕΛΙΞΗ
[2025-03-16 23:07:47.496] [Debug       ] [FireIncidents.Services.FireServiceScraperService] Location cell HTML: ΠΕΡΙΦΕΡΕΙΑ ΑΝΑΤΟΛΙΚΗΣ ΜΑΚΕΔΟΝΙΑΣ ΚΑΙ ΘΡΑΚΗΣ <br>Δ. ΑΛΕΞΑΝΔΡΟΥΠΟΛΗΣ - ΑΛΕΞΑΝΔΡΟΥΠΟΛΗΣ <br> <b>ΜΕΤΑΦΟΡΙΚΑ ΜΕΣΑ</b><br>
[2025-03-16 23:07:47.497] [Information ] [FireIncidents.Services.FireServiceScraperService] Found incident panel for status: ΣΕ ΕΞΕΛΙΞΗ
[2025-03-16 23:07:47.498] [Debug       ] [FireIncidents.Services.FireServiceScraperService] Location cell HTML: ΠΕΡΙΦΕΡΕΙΑ ΠΕΛΟΠΟΝΝΗΣΟΥ <br>Δ. ΚΟΡΙΝΘΙΩΝ - ΚΟΡΙΝΘΙΩΝ <br> <b>ΥΠΑΙΘΡΟΣ</b><br>
[2025-03-16 23:07:47.498] [Information ] [FireIncidents.Services.FireServiceScraperService] Found status section: ΠΛΗΡΗΣ ΕΛΕΓΧΟΣ (5)
[2025-03-16 23:07:47.499] [Information ] [FireIncidents.Services.FireServiceScraperService] Found incident panel for status: ΠΛΗΡΗΣ ΕΛΕΓΧΟΣ
[2025-03-16 23:07:47.500] [Debug       ] [FireIncidents.Services.FireServiceScraperService] Location cell HTML: ΠΕΡΙΦΕΡΕΙΑ ΠΕΛΟΠΟΝΝΗΣΟΥ <br>Δ. ΤΡΙΦΥΛΙΑΣ - ΓΑΡΓΑΛΙΑΝΩΝ <br> <b>ΥΠΑΙΘΡΟΣ</b><br>
[2025-03-16 23:07:47.501] [Information ] [FireIncidents.Services.FireServiceScraperService] Found incident panel for status: ΠΛΗΡΗΣ ΕΛΕΓΧΟΣ
[2025-03-16 23:07:47.502] [Debug       ] [FireIncidents.Services.FireServiceScraperService] Location cell HTML: ΠΕΡΙΦΕΡΕΙΑ ΚΡΗΤΗΣ <br>Δ. ΑΡΧΑΝΩΝ - ΑΣΤΕΡΟΥΣΙΩΝ - ΝΙΚΟΥ ΚΑΖΑΝΤΖΑΚΗ <br> <b>ΥΠΑΙΘΡΟΣ</b><br>
[2025-03-16 23:07:47.502] [Information ] [FireIncidents.Services.FireServiceScraperService] Found incident panel for status: ΠΛΗΡΗΣ ΕΛΕΓΧΟΣ
[2025-03-16 23:07:47.503] [Debug       ] [FireIncidents.Services.FireServiceScraperService] Location cell HTML: ΠΕΡΙΦΕΡΕΙΑ ΣΤΕΡΕΑΣ ΕΛΛΑΔΑΣ <br>Δ. ΔΩΡΙΔΟΣ - ΒΑΡΔΟΥΣΙΩΝ <br> <b>ΚΤΙΡΙΟ ΚΑΤΟΙΚΙΑΣ</b><br>
[2025-03-16 23:07:47.504] [Information ] [FireIncidents.Services.FireServiceScraperService] Found incident panel for status: ΠΛΗΡΗΣ ΕΛΕΓΧΟΣ
[2025-03-16 23:07:47.505] [Debug       ] [FireIncidents.Services.FireServiceScraperService] Location cell HTML: ΠΕΡΙΦΕΡΕΙΑ ΣΤΕΡΕΑΣ ΕΛΛΑΔΑΣ <br>Δ. ΧΑΛΚΙΔΕΩΝ - ΑΥΛΙΔΟΣ <br> <b>ΒΙΟΜΗΧΑΝΙΑ – ΒΙΟΤΕΧΝΙΑ</b><br>
[2025-03-16 23:07:47.506] [Information ] [FireIncidents.Services.FireServiceScraperService] Found incident panel for status: ΠΛΗΡΗΣ ΕΛΕΓΧΟΣ
[2025-03-16 23:07:47.506] [Debug       ] [FireIncidents.Services.FireServiceScraperService] Location cell HTML: ΠΕΡΙΦΕΡΕΙΑ ΚΡΗΤΗΣ <br>Δ. ΣΗΤΕΙΑΣ - ΛΕΥΚΗΣ <br> <b>ΒΙΟΜΗΧΑΝΙΑ – ΒΙΟΤΕΧΝΙΑ</b><br>
[2025-03-16 23:07:47.507] [Information ] [FireIncidents.Services.FireServiceScraperService] Found ΛΗΞΗ section, skipping
[2025-03-16 23:07:47.508] [Information ] [FireIncidents.Services.FireServiceScraperService] Processing tab Q1 - ΠΑΡΟΧΕΣ ΒΟΗΘΕΙΑΣ
[2025-03-16 23:07:47.509] [Information ] [FireIncidents.Services.FireServiceScraperService] Found status section: ΣΕ ΕΞΕΛΙΞΗ  (2)
[2025-03-16 23:07:47.510] [Information ] [FireIncidents.Services.FireServiceScraperService] Found incident panel for status: ΣΕ ΕΞΕΛΙΞΗ
[2025-03-16 23:07:47.510] [Debug       ] [FireIncidents.Services.FireServiceScraperService] Location cell HTML: ΠΕΡΙΦΕΡΕΙΑ ΑΤΤΙΚΗΣ <br>Δ. ΑΧΑΡΝΩΝ - ΑΧΑΡΝΩΝ <br> <b>ΤΡΟΧΑΙΟ</b><br>
[2025-03-16 23:07:47.511] [Information ] [FireIncidents.Services.FireServiceScraperService] Found incident panel for status: ΣΕ ΕΞΕΛΙΞΗ
[2025-03-16 23:07:47.512] [Debug       ] [FireIncidents.Services.FireServiceScraperService] Location cell HTML: ΠΕΡΙΦΕΡΕΙΑ ΑΤΤΙΚΗΣ <br>Δ. ΑΘΗΝΑΙΩΝ - ΑΘΗΝΑΙΩΝ <br> <b>ΑΛΛΗ ΠΕΡΙΠΤΩΣΗ</b><br>
[2025-03-16 23:07:47.513] [Information ] [FireIncidents.Services.FireServiceScraperService] Found status section: ΠΛΗΡΗΣ ΕΛΕΓΧΟΣ (1)
[2025-03-16 23:07:47.514] [Information ] [FireIncidents.Services.FireServiceScraperService] Found incident panel for status: ΠΛΗΡΗΣ ΕΛΕΓΧΟΣ
[2025-03-16 23:07:47.515] [Debug       ] [FireIncidents.Services.FireServiceScraperService] Location cell HTML: ΠΕΡΙΦΕΡΕΙΑ ΚΡΗΤΗΣ <br>Δ. ΗΡΑΚΛΕΙΟΥ - ΗΡΑΚΛΕΙΟΥ <br> <b>ΔΙΑΣΩΣΗ ΖΩΟΥ</b><br>
[2025-03-16 23:07:47.516] [Information ] [FireIncidents.Services.FireServiceScraperService] Found ΛΗΞΗ section, skipping
[2025-03-16 23:07:47.517] [Information ] [FireIncidents.Services.FireServiceScraperService] Successfully scraped 17 active incidents
[2025-03-16 23:07:47.518] [Information ] [FireIncidents.Services.FireServiceScraperService] Incident: ΔΑΣΙΚΕΣ ΠΥΡΚΑΓΙΕΣ - ΜΕΡΙΚΟΣ ΕΛΕΓΧΟΣ - ΠΕΡΙΦΕΡΕΙΑ ΚΕΝΤΡΙΚΗΣ ΜΑΚΕΔΟΝΙΑΣ - Δ. ΑΡΙΣΤΟΤΕΛΗ - ΠΑΝΑΓΙΑΣ - ΧΟΡΤΟΛΙΒΑΔΙΚΗ ΕΚΤΑΣΗ
[2025-03-16 23:07:47.519] [Information ] [FireIncidents.Services.FireServiceScraperService] Incident: ΔΑΣΙΚΕΣ ΠΥΡΚΑΓΙΕΣ - ΜΕΡΙΚΟΣ ΕΛΕΓΧΟΣ - ΠΕΡΙΦΕΡΕΙΑ ΒΟΡΕΙΟΥ ΑΙΓΑΙΟΥ - Δ. ΣΑΜΟΥ - ΒΑΘΕΟΣ - ΔΑΣΙΚΗ ΕΚΤΑΣΗ
[2025-03-16 23:07:47.520] [Information ] [FireIncidents.Services.FireServiceScraperService] Incident: ΔΑΣΙΚΕΣ ΠΥΡΚΑΓΙΕΣ - ΜΕΡΙΚΟΣ ΕΛΕΓΧΟΣ - ΠΕΡΙΦΕΡΕΙΑ ΘΕΣΣΑΛΙΑΣ - Δ. ΤΕΜΠΩΝ - ΚΑΤΩ ΟΛΥΜΠΟΥ - ΚΑΛΑΜΙΑ - ΒΑΛΤΟΙ
[2025-03-16 23:07:47.520] [Information ] [FireIncidents.Services.FireServiceScraperService] Incident: ΔΑΣΙΚΕΣ ΠΥΡΚΑΓΙΕΣ - ΜΕΡΙΚΟΣ ΕΛΕΓΧΟΣ - ΠΕΡΙΦΕΡΕΙΑ ΚΡΗΤΗΣ - Δ. ΙΕΡΑΠΕΤΡΑΣ - ΜΑΚΡΥ ΓΙΑΛΟΥ - ΧΟΡΤΟΛΙΒΑΔΙΚΗ ΕΚΤΑΣΗ
[2025-03-16 23:07:47.521] [Information ] [FireIncidents.Services.FireServiceScraperService] Incident: ΔΑΣΙΚΕΣ ΠΥΡΚΑΓΙΕΣ - ΠΛΗΡΗΣ ΕΛΕΓΧΟΣ - ΠΕΡΙΦΕΡΕΙΑ ΑΝΑΤΟΛΙΚΗΣ ΜΑΚΕΔΟΝΙΑΣ ΚΑΙ ΘΡΑΚΗΣ - Δ. ΑΛΕΞΑΝΔΡΟΥΠΟΛΗΣ - ΤΡΑΙΑΝΟΥΠΟΛΗΣ - ΔΑΣΙΚΗ ΕΚΤΑΣΗ
[2025-03-16 23:07:47.522] [Information ] [FireIncidents.Services.FireServiceScraperService] Incident: ΔΑΣΙΚΕΣ ΠΥΡΚΑΓΙΕΣ - ΠΛΗΡΗΣ ΕΛΕΓΧΟΣ - ΠΕΡΙΦΕΡΕΙΑ ΔΥΤΙΚΗΣ ΕΛΛΑΔΑΣ - Δ. ΞΗΡΟΜΕΡΟΥ - ΑΣΤΑΚΟΥ - ΔΑΣΙΚΗ ΕΚΤΑΣΗ
[2025-03-16 23:07:47.523] [Information ] [FireIncidents.Services.FireServiceScraperService] Incident: ΔΑΣΙΚΕΣ ΠΥΡΚΑΓΙΕΣ - ΠΛΗΡΗΣ ΕΛΕΓΧΟΣ - ΠΕΡΙΦΕΡΕΙΑ ΚΡΗΤΗΣ - Δ. ΑΠΟΚΟΡΩΝΟΥ - ΓΕΩΡΓΙΟΥΠΟΛΕΩΣ - ΧΟΡΤΟΛΙΒΑΔΙΚΗ ΕΚΤΑΣΗ
[2025-03-16 23:07:47.523] [Information ] [FireIncidents.Services.FireServiceScraperService] Incident: ΑΣΤΙΚΕΣ ΠΥΡΚΑΓΙΕΣ - ΣΕ ΕΞΕΛΙΞΗ - ΠΕΡΙΦΕΡΕΙΑ ΑΝΑΤΟΛΙΚΗΣ ΜΑΚΕΔΟΝΙΑΣ ΚΑΙ ΘΡΑΚΗΣ - Δ. ΑΛΕΞΑΝΔΡΟΥΠΟΛΗΣ - ΑΛΕΞΑΝΔΡΟΥΠΟΛΗΣ - ΜΕΤΑΦΟΡΙΚΑ ΜΕΣΑ
[2025-03-16 23:07:47.524] [Information ] [FireIncidents.Services.FireServiceScraperService] Incident: ΑΣΤΙΚΕΣ ΠΥΡΚΑΓΙΕΣ - ΣΕ ΕΞΕΛΙΞΗ - ΠΕΡΙΦΕΡΕΙΑ ΠΕΛΟΠΟΝΝΗΣΟΥ - Δ. ΚΟΡΙΝΘΙΩΝ - ΚΟΡΙΝΘΙΩΝ - ΥΠΑΙΘΡΟΣ
[2025-03-16 23:07:47.525] [Information ] [FireIncidents.Services.FireServiceScraperService] Incident: ΑΣΤΙΚΕΣ ΠΥΡΚΑΓΙΕΣ - ΠΛΗΡΗΣ ΕΛΕΓΧΟΣ - ΠΕΡΙΦΕΡΕΙΑ ΠΕΛΟΠΟΝΝΗΣΟΥ - Δ. ΤΡΙΦΥΛΙΑΣ - ΓΑΡΓΑΛΙΑΝΩΝ - ΥΠΑΙΘΡΟΣ
[2025-03-16 23:07:47.526] [Information ] [FireIncidents.Services.FireServiceScraperService] Incident: ΑΣΤΙΚΕΣ ΠΥΡΚΑΓΙΕΣ - ΠΛΗΡΗΣ ΕΛΕΓΧΟΣ - ΠΕΡΙΦΕΡΕΙΑ ΚΡΗΤΗΣ - Δ. ΑΡΧΑΝΩΝ - ΑΣΤΕΡΟΥΣΙΩΝ - ΝΙΚΟΥ ΚΑΖΑΝΤΖΑΚΗ - ΥΠΑΙΘΡΟΣ
[2025-03-16 23:07:47.527] [Information ] [FireIncidents.Services.FireServiceScraperService] Incident: ΑΣΤΙΚΕΣ ΠΥΡΚΑΓΙΕΣ - ΠΛΗΡΗΣ ΕΛΕΓΧΟΣ - ΠΕΡΙΦΕΡΕΙΑ ΣΤΕΡΕΑΣ ΕΛΛΑΔΑΣ - Δ. ΔΩΡΙΔΟΣ - ΒΑΡΔΟΥΣΙΩΝ - ΚΤΙΡΙΟ ΚΑΤΟΙΚΙΑΣ
[2025-03-16 23:07:47.528] [Information ] [FireIncidents.Services.FireServiceScraperService] Incident: ΑΣΤΙΚΕΣ ΠΥΡΚΑΓΙΕΣ - ΠΛΗΡΗΣ ΕΛΕΓΧΟΣ - ΠΕΡΙΦΕΡΕΙΑ ΣΤΕΡΕΑΣ ΕΛΛΑΔΑΣ - Δ. ΧΑΛΚΙΔΕΩΝ - ΑΥΛΙΔΟΣ - ΒΙΟΜΗΧΑΝΙΑ – ΒΙΟΤΕΧΝΙΑ
[2025-03-16 23:07:47.529] [Information ] [FireIncidents.Services.FireServiceScraperService] Incident: ΑΣΤΙΚΕΣ ΠΥΡΚΑΓΙΕΣ - ΠΛΗΡΗΣ ΕΛΕΓΧΟΣ - ΠΕΡΙΦΕΡΕΙΑ ΚΡΗΤΗΣ - Δ. ΣΗΤΕΙΑΣ - ΛΕΥΚΗΣ - ΒΙΟΜΗΧΑΝΙΑ – ΒΙΟΤΕΧΝΙΑ
[2025-03-16 23:07:47.529] [Information ] [FireIncidents.Services.FireServiceScraperService] Incident: ΠΑΡΟΧΕΣ ΒΟΗΘΕΙΑΣ - ΣΕ ΕΞΕΛΙΞΗ - ΠΕΡΙΦΕΡΕΙΑ ΑΤΤΙΚΗΣ - Δ. ΑΧΑΡΝΩΝ - ΑΧΑΡΝΩΝ - ΤΡΟΧΑΙΟ
[2025-03-16 23:07:47.530] [Information ] [FireIncidents.Services.FireServiceScraperService] Incident: ΠΑΡΟΧΕΣ ΒΟΗΘΕΙΑΣ - ΣΕ ΕΞΕΛΙΞΗ - ΠΕΡΙΦΕΡΕΙΑ ΑΤΤΙΚΗΣ - Δ. ΑΘΗΝΑΙΩΝ - ΑΘΗΝΑΙΩΝ - ΑΛΛΗ ΠΕΡΙΠΤΩΣΗ
[2025-03-16 23:07:47.531] [Information ] [FireIncidents.Services.FireServiceScraperService] Incident: ΠΑΡΟΧΕΣ ΒΟΗΘΕΙΑΣ - ΠΛΗΡΗΣ ΕΛΕΓΧΟΣ - ΠΕΡΙΦΕΡΕΙΑ ΚΡΗΤΗΣ - Δ. ΗΡΑΚΛΕΙΟΥ - ΗΡΑΚΛΕΙΟΥ - ΔΙΑΣΩΣΗ ΖΩΟΥ
[2025-03-16 23:07:47.532] [Information ] [FireIncidents.Controllers.IncidentsApiController] Scraped 17 incidents
[2025-03-16 23:07:47.533] [Information ] [FireIncidents.Controllers.IncidentsApiController] After filtering: 17 incidents
[2025-03-16 23:07:47.534] [Information ] [FireIncidents.Controllers.IncidentsApiController] Geocoding incident: ΧΟΡΤΟΛΙΒΑΔΙΚΗ ΕΚΤΑΣΗ, Δ. ΑΡΙΣΤΟΤΕΛΗ - ΠΑΝΑΓΙΑΣ, ΠΕΡΙΦΕΡΕΙΑ ΚΕΝΤΡΙΚΗΣ ΜΑΚΕΔΟΝΙΑΣ
[2025-03-16 23:07:47.536] [Information ] [FireIncidents.Services.GeocodingService] Geocoding incident: ΠΕΡΙΦΕΡΕΙΑ ΚΕΝΤΡΙΚΗΣ ΜΑΚΕΔΟΝΙΑΣ, Δ. ΑΡΙΣΤΟΤΕΛΗ - ΠΑΝΑΓΙΑΣ, ΧΟΡΤΟΛΙΒΑΔΙΚΗ ΕΚΤΑΣΗ
[2025-03-16 23:07:47.538] [Debug       ] [FireIncidents.Services.GeocodingService] Skipping non-geographical location: ΧΟΡΤΟΛΙΒΑΔΙΚΗ ΕΚΤΑΣΗ
[2025-03-16 23:07:47.538] [Debug       ] [FireIncidents.Services.GeocodingService] Using complete municipality: Δ. ΑΡΙΣΤΟΤΕΛΗ - ΠΑΝΑΓΙΑΣ
[2025-03-16 23:07:47.539] [Debug       ] [FireIncidents.Services.GeocodingService] Using region: ΚΕΝΤΡΙΚΗΣ ΜΑΚΕΔΟΝΙΑΣ
[2025-03-16 23:07:47.540] [Debug       ] [FireIncidents.Services.GeocodingService] Built search address: Δ. ΑΡΙΣΤΟΤΕΛΗ - ΠΑΝΑΓΙΑΣ, ΚΕΝΤΡΙΚΗΣ ΜΑΚΕΔΟΝΙΑΣ, Greece
[2025-03-16 23:07:47.541] [Information ] [FireIncidents.Services.GeocodingService] Attempting active search with: Δ. ΑΡΙΣΤΟΤΕΛΗ - ΠΑΝΑΓΙΑΣ, ΚΕΝΤΡΙΚΗΣ ΜΑΚΕΔΟΝΙΑΣ, Greece
[2025-03-16 23:07:47.543] [Information ] [FireIncidents.Services.GeocodingService] Geocoding address: Δ. ΑΡΙΣΤΟΤΕΛΗ - ΠΑΝΑΓΙΑΣ, ΚΕΝΤΡΙΚΗΣ ΜΑΚΕΔΟΝΙΑΣ, Greece
[2025-03-16 23:07:47.545] [Debug       ] [FireIncidents.Services.GeocodingService] Generated 8 search variations for: Δ. ΑΡΙΣΤΟΤΕΛΗ - ΠΑΝΑΓΙΑΣ, ΚΕΝΤΡΙΚΗΣ ΜΑΚΕΔΟΝΙΑΣ, Greece
[2025-03-16 23:07:48.548] [Debug       ] [FireIncidents.Services.GeocodingService] Geocoding request URL: https://nominatim.openstreetmap.org/search?q=%CE%94.%20%CE%91%CE%A1%CE%99%CE%A3%CE%A4%CE%9F%CE%A4%CE%95%CE%9B%CE%97%20-%20%CE%A0%CE%91%CE%9D%CE%91%CE%93%CE%99%CE%91%CE%A3%2C%20%CE%9A%CE%95%CE%9D%CE%A4%CE%A1%CE%99%CE%9A%CE%97%CE%A3%20%CE%9C%CE%91%CE%9A%CE%95%CE%94%CE%9F%CE%9D%CE%99%CE%91%CE%A3%2C%20Greece&format=json&limit=1&accept-language=el&addressdetails=1&countrycodes=gr&viewbox=19.22,34.72,29.64,41.75&bounded=1
[2025-03-16 23:07:48.904] [Debug       ] [FireIncidents.Services.GeocodingService] Geocoding response: []
[2025-03-16 23:07:48.908] [Warning     ] [FireIncidents.Services.GeocodingService] Geocoding returned no results for address: Δ. ΑΡΙΣΤΟΤΕΛΗ - ΠΑΝΑΓΙΑΣ, ΚΕΝΤΡΙΚΗΣ ΜΑΚΕΔΟΝΙΑΣ, Greece
[2025-03-16 23:07:49.920] [Debug       ] [FireIncidents.Services.GeocodingService] Trying alternative search: ΠΑΝΑΓΙΑΣ, ΚΕΝΤΡΙΚΗΣ ΜΑΚΕΔΟΝΙΑΣ, Greece
[2025-03-16 23:07:49.921] [Debug       ] [FireIncidents.Services.GeocodingService] Geocoding request URL: https://nominatim.openstreetmap.org/search?q=%CE%A0%CE%91%CE%9D%CE%91%CE%93%CE%99%CE%91%CE%A3%2C%20%CE%9A%CE%95%CE%9D%CE%A4%CE%A1%CE%99%CE%9A%CE%97%CE%A3%20%CE%9C%CE%91%CE%9A%CE%95%CE%94%CE%9F%CE%9D%CE%99%CE%91%CE%A3%2C%20Greece&format=json&limit=1&accept-language=el&addressdetails=1&countrycodes=gr&viewbox=19.22,34.72,29.64,41.75&bounded=1
[2025-03-16 23:07:50.186] [Debug       ] [FireIncidents.Services.GeocodingService] Geocoding response: [{"place_id":52832094,"licence":"Data © OpenStreetMap contributors, ODbL 1.0. http://osm.org/copyright","osm_type":"way","osm_id":279751229,"lat":"40.71036609206934","lon":"22.947848713535148","class":"highway","type":"residential","place_rank":26,"importance":0.05340738612954906,"addresstype":"road","name":"Παναγίας","display_name":"Παναγίας, Φιλοθέη, Κοινότητα Ευκαρπίας, Δημοτική Ενότητα Ευκαρπίας, Δήμος Παύλου Μελά, Μητροπολιτική Ενότητα Θεσσαλονίκης, Περιφέρεια Κεντρικής Μακεδονίας, Αποκεντρωμένη Διοίκηση Μακεδονίας - Θράκης, 56429, Ελλάδα","address":{"road":"Παναγίας","neighbourhood":"Φιλοθέη","city_district":"Κοινότητα Ευκαρπίας","city":"Δημοτική Ενότητα Ευκαρπίας","municipality":"Δήμος Παύλου Μελά","county":"Μητροπολιτική Ενότητα Θεσσαλονίκης","state_district":"Περιφέρεια Κεντρικής Μακεδονίας","ISO3166-2-lvl5":"GR-B","state":"Αποκεντρωμένη Διοίκηση Μακεδονίας - Θράκης","postcode":"56429","country":"Ελλάδα","country_code":"gr"},"boundingbox":["40.7102519","40.7104792","22.9467594","22.9489379"]}]
[2025-03-16 23:07:50.189] [Information ] [FireIncidents.Services.GeocodingService] Found place type: residential, name: Παναγίας, Φιλοθέη, Κοινότητα Ευκαρπίας, Δημοτική Ενότητα Ευκαρπίας, Δήμος Παύλου Μελά, Μητροπολιτική Ενότητα Θεσσαλονίκης, Περιφέρεια Κεντρικής Μακεδονίας, Αποκεντρωμένη Διοίκηση Μακεδονίας - Θράκης, 56429, Ελλάδα
[2025-03-16 23:07:50.191] [Information ] [FireIncidents.Services.GeocodingService] Successfully geocoded with variation "ΠΑΝΑΓΙΑΣ, ΚΕΝΤΡΙΚΗΣ ΜΑΚΕΔΟΝΙΑΣ, Greece": 40.71036609206934, 22.947848713535148
[2025-03-16 23:07:50.193] [Information ] [FireIncidents.Services.GeocodingService] Successfully geocoded to: 40.71036609206934, 22.947848713535148
[2025-03-16 23:07:50.195] [Information ] [FireIncidents.Controllers.IncidentsApiController] Successfully geocoded to: 40.71036609206934, 22.947848713535148
[2025-03-16 23:07:50.196] [Information ] [FireIncidents.Controllers.IncidentsApiController] Geocoding incident: ΔΑΣΙΚΗ ΕΚΤΑΣΗ, Δ. ΣΑΜΟΥ - ΒΑΘΕΟΣ, ΠΕΡΙΦΕΡΕΙΑ ΒΟΡΕΙΟΥ ΑΙΓΑΙΟΥ
[2025-03-16 23:07:50.196] [Information ] [FireIncidents.Services.GeocodingService] Geocoding incident: ΠΕΡΙΦΕΡΕΙΑ ΒΟΡΕΙΟΥ ΑΙΓΑΙΟΥ, Δ. ΣΑΜΟΥ - ΒΑΘΕΟΣ, ΔΑΣΙΚΗ ΕΚΤΑΣΗ
[2025-03-16 23:07:50.197] [Debug       ] [FireIncidents.Services.GeocodingService] Skipping non-geographical location: ΔΑΣΙΚΗ ΕΚΤΑΣΗ
[2025-03-16 23:07:50.198] [Debug       ] [FireIncidents.Services.GeocodingService] Using complete municipality: Δ. ΣΑΜΟΥ - ΒΑΘΕΟΣ
[2025-03-16 23:07:50.199] [Debug       ] [FireIncidents.Services.GeocodingService] Using region: ΒΟΡΕΙΟΥ ΑΙΓΑΙΟΥ
[2025-03-16 23:07:50.200] [Debug       ] [FireIncidents.Services.GeocodingService] Built search address: Δ. ΣΑΜΟΥ - ΒΑΘΕΟΣ, ΒΟΡΕΙΟΥ ΑΙΓΑΙΟΥ, Greece
[2025-03-16 23:07:50.200] [Information ] [FireIncidents.Services.GeocodingService] Attempting active search with: Δ. ΣΑΜΟΥ - ΒΑΘΕΟΣ, ΒΟΡΕΙΟΥ ΑΙΓΑΙΟΥ, Greece
[2025-03-16 23:07:50.201] [Information ] [FireIncidents.Services.GeocodingService] Geocoding address: Δ. ΣΑΜΟΥ - ΒΑΘΕΟΣ, ΒΟΡΕΙΟΥ ΑΙΓΑΙΟΥ, Greece
[2025-03-16 23:07:50.202] [Debug       ] [FireIncidents.Services.GeocodingService] Generated 8 search variations for: Δ. ΣΑΜΟΥ - ΒΑΘΕΟΣ, ΒΟΡΕΙΟΥ ΑΙΓΑΙΟΥ, Greece
[2025-03-16 23:07:51.217] [Debug       ] [FireIncidents.Services.GeocodingService] Geocoding request URL: https://nominatim.openstreetmap.org/search?q=%CE%94.%20%CE%A3%CE%91%CE%9C%CE%9F%CE%A5%20-%20%CE%92%CE%91%CE%98%CE%95%CE%9F%CE%A3%2C%20%CE%92%CE%9F%CE%A1%CE%95%CE%99%CE%9F%CE%A5%20%CE%91%CE%99%CE%93%CE%91%CE%99%CE%9F%CE%A5%2C%20Greece&format=json&limit=1&accept-language=el&addressdetails=1&countrycodes=gr&viewbox=19.22,34.72,29.64,41.75&bounded=1
[2025-03-16 23:07:51.449] [Debug       ] [FireIncidents.Services.GeocodingService] Geocoding response: [{"place_id":48935193,"licence":"Data © OpenStreetMap contributors, ODbL 1.0. http://osm.org/copyright","osm_type":"way","osm_id":283052515,"lat":"37.76939794519754","lon":"26.855120304677435","class":"highway","type":"residential","place_rank":26,"importance":0.0533879858091096,"addresstype":"road","name":"Nightingalewalks R3, Samos, Greece","display_name":"Nightingalewalks R3, Samos, Greece, Δημοτική Ενότητα Βαθέος, Δήμος Ανατολικής Σάμου, Περιφερειακή Ενότητα Σάμου, Περιφέρεια Βόρειου Αιγαίου, Αποκεντρωμένη Διοίκηση Αιγαίου, Ελλάδα","address":{"road":"Nightingalewalks R3, Samos, Greece","city":"Δημοτική Ενότητα Βαθέος","municipality":"Δήμος Ανατολικής Σάμου","county":"Περιφερειακή Ενότητα Σάμου","state_district":"Περιφέρεια Βόρειου Αιγαίου","ISO3166-2-lvl5":"GR-K","state":"Αποκεντρωμένη Διοίκηση Αιγαίου","country":"Ελλάδα","country_code":"gr"},"boundingbox":["37.7680016","37.7697956","26.8544493","26.8561830"]}]
[2025-03-16 23:07:51.450] [Information ] [FireIncidents.Services.GeocodingService] Found place type: residential, name: Nightingalewalks R3, Samos, Greece, Δημοτική Ενότητα Βαθέος, Δήμος Ανατολικής Σάμου, Περιφερειακή Ενότητα Σάμου, Περιφέρεια Βόρειου Αιγαίου, Αποκεντρωμένη Διοίκηση Αιγαίου, Ελλάδα
[2025-03-16 23:07:51.451] [Information ] [FireIncidents.Services.GeocodingService] Successfully geocoded with variation "Δ. ΣΑΜΟΥ - ΒΑΘΕΟΣ, ΒΟΡΕΙΟΥ ΑΙΓΑΙΟΥ, Greece": 37.76939794519754, 26.855120304677435
[2025-03-16 23:07:51.452] [Information ] [FireIncidents.Services.GeocodingService] Successfully geocoded to: 37.76939794519754, 26.855120304677435
[2025-03-16 23:07:51.453] [Information ] [FireIncidents.Controllers.IncidentsApiController] Successfully geocoded to: 37.76939794519754, 26.855120304677435
[2025-03-16 23:07:51.454] [Information ] [FireIncidents.Controllers.IncidentsApiController] Geocoding incident: ΚΑΛΑΜΙΑ - ΒΑΛΤΟΙ, Δ. ΤΕΜΠΩΝ - ΚΑΤΩ ΟΛΥΜΠΟΥ, ΠΕΡΙΦΕΡΕΙΑ ΘΕΣΣΑΛΙΑΣ
[2025-03-16 23:07:51.455] [Information ] [FireIncidents.Services.GeocodingService] Geocoding incident: ΠΕΡΙΦΕΡΕΙΑ ΘΕΣΣΑΛΙΑΣ, Δ. ΤΕΜΠΩΝ - ΚΑΤΩ ΟΛΥΜΠΟΥ, ΚΑΛΑΜΙΑ - ΒΑΛΤΟΙ
[2025-03-16 23:07:51.456] [Debug       ] [FireIncidents.Services.GeocodingService] Skipping non-geographical location: ΚΑΛΑΜΙΑ - ΒΑΛΤΟΙ
[2025-03-16 23:07:51.457] [Debug       ] [FireIncidents.Services.GeocodingService] Using complete municipality: Δ. ΤΕΜΠΩΝ - ΚΑΤΩ ΟΛΥΜΠΟΥ
[2025-03-16 23:07:51.458] [Debug       ] [FireIncidents.Services.GeocodingService] Using region: ΘΕΣΣΑΛΙΑΣ
[2025-03-16 23:07:51.459] [Debug       ] [FireIncidents.Services.GeocodingService] Built search address: Δ. ΤΕΜΠΩΝ - ΚΑΤΩ ΟΛΥΜΠΟΥ, ΘΕΣΣΑΛΙΑΣ, Greece
[2025-03-16 23:07:51.459] [Information ] [FireIncidents.Services.GeocodingService] Attempting active search with: Δ. ΤΕΜΠΩΝ - ΚΑΤΩ ΟΛΥΜΠΟΥ, ΘΕΣΣΑΛΙΑΣ, Greece
[2025-03-16 23:07:51.460] [Information ] [FireIncidents.Services.GeocodingService] Geocoding address: Δ. ΤΕΜΠΩΝ - ΚΑΤΩ ΟΛΥΜΠΟΥ, ΘΕΣΣΑΛΙΑΣ, Greece
[2025-03-16 23:07:51.461] [Debug       ] [FireIncidents.Services.GeocodingService] Generated 8 search variations for: Δ. ΤΕΜΠΩΝ - ΚΑΤΩ ΟΛΥΜΠΟΥ, ΘΕΣΣΑΛΙΑΣ, Greece
[2025-03-16 23:07:52.470] [Debug       ] [FireIncidents.Services.GeocodingService] Geocoding request URL: https://nominatim.openstreetmap.org/search?q=%CE%94.%20%CE%A4%CE%95%CE%9C%CE%A0%CE%A9%CE%9D%20-%20%CE%9A%CE%91%CE%A4%CE%A9%20%CE%9F%CE%9B%CE%A5%CE%9C%CE%A0%CE%9F%CE%A5%2C%20%CE%98%CE%95%CE%A3%CE%A3%CE%91%CE%9B%CE%99%CE%91%CE%A3%2C%20Greece&format=json&limit=1&accept-language=el&addressdetails=1&countrycodes=gr&viewbox=19.22,34.72,29.64,41.75&bounded=1
[2025-03-16 23:07:53.560] [Debug       ] [FireIncidents.Services.GeocodingService] Geocoding response: []
[2025-03-16 23:07:53.561] [Warning     ] [FireIncidents.Services.GeocodingService] Geocoding returned no results for address: Δ. ΤΕΜΠΩΝ - ΚΑΤΩ ΟΛΥΜΠΟΥ, ΘΕΣΣΑΛΙΑΣ, Greece
[2025-03-16 23:07:54.562] [Debug       ] [FireIncidents.Services.GeocodingService] Trying alternative search: ΚΑΤΩ ΟΛΥΜΠΟΥ, ΘΕΣΣΑΛΙΑΣ, Greece
[2025-03-16 23:07:54.563] [Debug       ] [FireIncidents.Services.GeocodingService] Geocoding request URL: https://nominatim.openstreetmap.org/search?q=%CE%9A%CE%91%CE%A4%CE%A9%20%CE%9F%CE%9B%CE%A5%CE%9C%CE%A0%CE%9F%CE%A5%2C%20%CE%98%CE%95%CE%A3%CE%A3%CE%91%CE%9B%CE%99%CE%91%CE%A3%2C%20Greece&format=json&limit=1&accept-language=el&addressdetails=1&countrycodes=gr&viewbox=19.22,34.72,29.64,41.75&bounded=1
[2025-03-16 23:07:54.852] [Debug       ] [FireIncidents.Services.GeocodingService] Geocoding response: [{"place_id":49559208,"licence":"Data © OpenStreetMap contributors, ODbL 1.0. http://osm.org/copyright","osm_type":"relation","osm_id":15552157,"lat":"39.92269925","lon":"22.586272132850823","class":"boundary","type":"administrative","place_rank":16,"importance":0.2963484801355436,"addresstype":"city","name":"Δημοτική Ενότητα Κάτω Ολύμπου","display_name":"Δημοτική Ενότητα Κάτω Ολύμπου, Δήμος Τεμπών, Περιφερειακή Ενότητα Λάρισας, Περιφέρεια Θεσσαλίας, Αποκεντρωμένη Διοίκηση Θεσσαλίας - Στερεάς Ελλάδος, 400 08, Ελλάδα","address":{"city":"Δημοτική Ενότητα Κάτω Ολύμπου","municipality":"Δήμος Τεμπών","county":"Περιφερειακή Ενότητα Λάρισας","state_district":"Περιφέρεια Θεσσαλίας","ISO3166-2-lvl5":"GR-E","state":"Αποκεντρωμένη Διοίκηση Θεσσαλίας - Στερεάς Ελλάδος","postcode":"400 08","country":"Ελλάδα","country_code":"gr"},"boundingbox":["39.8703943","39.9749619","22.4865675","22.7182580"]}]
[2025-03-16 23:07:54.853] [Information ] [FireIncidents.Services.GeocodingService] Found place type: administrative, name: Δημοτική Ενότητα Κάτω Ολύμπου, Δήμος Τεμπών, Περιφερειακή Ενότητα Λάρισας, Περιφέρεια Θεσσαλίας, Αποκεντρωμένη Διοίκηση Θεσσαλίας - Στερεάς Ελλάδος, 400 08, Ελλάδα
[2025-03-16 23:07:54.854] [Information ] [FireIncidents.Services.GeocodingService] Successfully geocoded with variation "ΚΑΤΩ ΟΛΥΜΠΟΥ, ΘΕΣΣΑΛΙΑΣ, Greece": 39.92269925, 22.586272132850823
[2025-03-16 23:07:54.856] [Information ] [FireIncidents.Services.GeocodingService] Successfully geocoded to: 39.92269925, 22.586272132850823
[2025-03-16 23:07:54.857] [Information ] [FireIncidents.Controllers.IncidentsApiController] Successfully geocoded to: 39.92269925, 22.586272132850823
[2025-03-16 23:07:54.858] [Information ] [FireIncidents.Controllers.IncidentsApiController] Geocoding incident: ΧΟΡΤΟΛΙΒΑΔΙΚΗ ΕΚΤΑΣΗ, Δ. ΙΕΡΑΠΕΤΡΑΣ - ΜΑΚΡΥ ΓΙΑΛΟΥ, ΠΕΡΙΦΕΡΕΙΑ ΚΡΗΤΗΣ
[2025-03-16 23:07:54.859] [Information ] [FireIncidents.Services.GeocodingService] Geocoding incident: ΠΕΡΙΦΕΡΕΙΑ ΚΡΗΤΗΣ, Δ. ΙΕΡΑΠΕΤΡΑΣ - ΜΑΚΡΥ ΓΙΑΛΟΥ, ΧΟΡΤΟΛΙΒΑΔΙΚΗ ΕΚΤΑΣΗ
[2025-03-16 23:07:54.860] [Debug       ] [FireIncidents.Services.GeocodingService] Skipping non-geographical location: ΧΟΡΤΟΛΙΒΑΔΙΚΗ ΕΚΤΑΣΗ
[2025-03-16 23:07:54.861] [Debug       ] [FireIncidents.Services.GeocodingService] Using complete municipality: Δ. ΙΕΡΑΠΕΤΡΑΣ - ΜΑΚΡΥ ΓΙΑΛΟΥ
[2025-03-16 23:07:54.861] [Debug       ] [FireIncidents.Services.GeocodingService] Using region: ΚΡΗΤΗΣ
[2025-03-16 23:07:54.862] [Debug       ] [FireIncidents.Services.GeocodingService] Built search address: Δ. ΙΕΡΑΠΕΤΡΑΣ - ΜΑΚΡΥ ΓΙΑΛΟΥ, ΚΡΗΤΗΣ, Greece
[2025-03-16 23:07:54.863] [Information ] [FireIncidents.Services.GeocodingService] Attempting active search with: Δ. ΙΕΡΑΠΕΤΡΑΣ - ΜΑΚΡΥ ΓΙΑΛΟΥ, ΚΡΗΤΗΣ, Greece
[2025-03-16 23:07:54.864] [Information ] [FireIncidents.Services.GeocodingService] Geocoding address: Δ. ΙΕΡΑΠΕΤΡΑΣ - ΜΑΚΡΥ ΓΙΑΛΟΥ, ΚΡΗΤΗΣ, Greece
[2025-03-16 23:07:54.865] [Debug       ] [FireIncidents.Services.GeocodingService] Generated 8 search variations for: Δ. ΙΕΡΑΠΕΤΡΑΣ - ΜΑΚΡΥ ΓΙΑΛΟΥ, ΚΡΗΤΗΣ, Greece
[2025-03-16 23:07:55.876] [Debug       ] [FireIncidents.Services.GeocodingService] Geocoding request URL: https://nominatim.openstreetmap.org/search?q=%CE%94.%20%CE%99%CE%95%CE%A1%CE%91%CE%A0%CE%95%CE%A4%CE%A1%CE%91%CE%A3%20-%20%CE%9C%CE%91%CE%9A%CE%A1%CE%A5%20%CE%93%CE%99%CE%91%CE%9B%CE%9F%CE%A5%2C%20%CE%9A%CE%A1%CE%97%CE%A4%CE%97%CE%A3%2C%20Greece&format=json&limit=1&accept-language=el&addressdetails=1&countrycodes=gr&viewbox=19.22,34.72,29.64,41.75&bounded=1
[2025-03-16 23:07:56.235] [Debug       ] [FireIncidents.Services.GeocodingService] Geocoding response: [{"place_id":48848643,"licence":"Data © OpenStreetMap contributors, ODbL 1.0. http://osm.org/copyright","osm_type":"way","osm_id":888473855,"lat":"35.03453516593561","lon":"25.935480776417307","class":"highway","type":"secondary","place_rank":26,"importance":0.05338756771190963,"addresstype":"road","name":"Ιεράπετρας - Σητείας","display_name":"Ιεράπετρας - Σητείας, Κοινότητα Σταυροχωρίου, Δημοτική Ενότητα Μακρύ Γιαλού, Δήμος Ιεράπετρας, Περιφερειακή Ενότητα Λασιθίου, Περιφέρεια Κρήτης, Αποκεντρωμένη Διοίκηση Κρήτης, Ελλάδα","address":{"road":"Ιεράπετρας - Σητείας","city_district":"Κοινότητα Σταυροχωρίου","city":"Δημοτική Ενότητα Μακρύ Γιαλού","municipality":"Δήμος Ιεράπετρας","county":"Περιφερειακή Ενότητα Λασιθίου","state_district":"Περιφέρεια Κρήτης","ISO3166-2-lvl5":"GR-M","state":"Αποκεντρωμένη Διοίκηση Κρήτης","country":"Ελλάδα","country_code":"gr"},"boundingbox":["35.0343373","35.0348117","25.9336983","25.9372737"]}]
[2025-03-16 23:07:56.236] [Information ] [FireIncidents.Services.GeocodingService] Found place type: secondary, name: Ιεράπετρας - Σητείας, Κοινότητα Σταυροχωρίου, Δημοτική Ενότητα Μακρύ Γιαλού, Δήμος Ιεράπετρας, Περιφερειακή Ενότητα Λασιθίου, Περιφέρεια Κρήτης, Αποκεντρωμένη Διοίκηση Κρήτης, Ελλάδα
[2025-03-16 23:07:56.237] [Information ] [FireIncidents.Services.GeocodingService] Successfully geocoded with variation "Δ. ΙΕΡΑΠΕΤΡΑΣ - ΜΑΚΡΥ ΓΙΑΛΟΥ, ΚΡΗΤΗΣ, Greece": 35.03453516593561, 25.935480776417307
[2025-03-16 23:07:56.238] [Information ] [FireIncidents.Services.GeocodingService] Successfully geocoded to: 35.03453516593561, 25.935480776417307
[2025-03-16 23:07:56.239] [Information ] [FireIncidents.Controllers.IncidentsApiController] Successfully geocoded to: 35.03453516593561, 25.935480776417307
[2025-03-16 23:07:56.240] [Information ] [FireIncidents.Controllers.IncidentsApiController] Geocoding incident: ΔΑΣΙΚΗ ΕΚΤΑΣΗ, Δ. ΑΛΕΞΑΝΔΡΟΥΠΟΛΗΣ - ΤΡΑΙΑΝΟΥΠΟΛΗΣ, ΠΕΡΙΦΕΡΕΙΑ ΑΝΑΤΟΛΙΚΗΣ ΜΑΚΕΔΟΝΙΑΣ ΚΑΙ ΘΡΑΚΗΣ
[2025-03-16 23:07:56.241] [Information ] [FireIncidents.Services.GeocodingService] Geocoding incident: ΠΕΡΙΦΕΡΕΙΑ ΑΝΑΤΟΛΙΚΗΣ ΜΑΚΕΔΟΝΙΑΣ ΚΑΙ ΘΡΑΚΗΣ, Δ. ΑΛΕΞΑΝΔΡΟΥΠΟΛΗΣ - ΤΡΑΙΑΝΟΥΠΟΛΗΣ, ΔΑΣΙΚΗ ΕΚΤΑΣΗ
[2025-03-16 23:07:56.242] [Debug       ] [FireIncidents.Services.GeocodingService] Skipping non-geographical location: ΔΑΣΙΚΗ ΕΚΤΑΣΗ
[2025-03-16 23:07:56.242] [Debug       ] [FireIncidents.Services.GeocodingService] Using complete municipality: Δ. ΑΛΕΞΑΝΔΡΟΥΠΟΛΗΣ - ΤΡΑΙΑΝΟΥΠΟΛΗΣ
[2025-03-16 23:07:56.243] [Debug       ] [FireIncidents.Services.GeocodingService] Using region: ΑΝΑΤΟΛΙΚΗΣ ΜΑΚΕΔΟΝΙΑΣ ΚΑΙ ΘΡΑΚΗΣ
[2025-03-16 23:07:56.244] [Debug       ] [FireIncidents.Services.GeocodingService] Built search address: Δ. ΑΛΕΞΑΝΔΡΟΥΠΟΛΗΣ - ΤΡΑΙΑΝΟΥΠΟΛΗΣ, ΑΝΑΤΟΛΙΚΗΣ ΜΑΚΕΔΟΝΙΑΣ ΚΑΙ ΘΡΑΚΗΣ, Greece
[2025-03-16 23:07:56.245] [Information ] [FireIncidents.Services.GeocodingService] Attempting active search with: Δ. ΑΛΕΞΑΝΔΡΟΥΠΟΛΗΣ - ΤΡΑΙΑΝΟΥΠΟΛΗΣ, ΑΝΑΤΟΛΙΚΗΣ ΜΑΚΕΔΟΝΙΑΣ ΚΑΙ ΘΡΑΚΗΣ, Greece
[2025-03-16 23:07:56.246] [Information ] [FireIncidents.Services.GeocodingService] Geocoding address: Δ. ΑΛΕΞΑΝΔΡΟΥΠΟΛΗΣ - ΤΡΑΙΑΝΟΥΠΟΛΗΣ, ΑΝΑΤΟΛΙΚΗΣ ΜΑΚΕΔΟΝΙΑΣ ΚΑΙ ΘΡΑΚΗΣ, Greece
[2025-03-16 23:07:56.247] [Debug       ] [FireIncidents.Services.GeocodingService] Generated 8 search variations for: Δ. ΑΛΕΞΑΝΔΡΟΥΠΟΛΗΣ - ΤΡΑΙΑΝΟΥΠΟΛΗΣ, ΑΝΑΤΟΛΙΚΗΣ ΜΑΚΕΔΟΝΙΑΣ ΚΑΙ ΘΡΑΚΗΣ, Greece
[2025-03-16 23:07:57.253] [Debug       ] [FireIncidents.Services.GeocodingService] Geocoding request URL: https://nominatim.openstreetmap.org/search?q=%CE%94.%20%CE%91%CE%9B%CE%95%CE%9E%CE%91%CE%9D%CE%94%CE%A1%CE%9F%CE%A5%CE%A0%CE%9F%CE%9B%CE%97%CE%A3%20-%20%CE%A4%CE%A1%CE%91%CE%99%CE%91%CE%9D%CE%9F%CE%A5%CE%A0%CE%9F%CE%9B%CE%97%CE%A3%2C%20%CE%91%CE%9D%CE%91%CE%A4%CE%9F%CE%9B%CE%99%CE%9A%CE%97%CE%A3%20%CE%9C%CE%91%CE%9A%CE%95%CE%94%CE%9F%CE%9D%CE%99%CE%91%CE%A3%20%CE%9A%CE%91%CE%99%20%CE%98%CE%A1%CE%91%CE%9A%CE%97%CE%A3%2C%20Greece&format=json&limit=1&accept-language=el&addressdetails=1&countrycodes=gr&viewbox=19.22,34.72,29.64,41.75&bounded=1
[2025-03-16 23:07:57.542] [Debug       ] [FireIncidents.Services.GeocodingService] Geocoding response: [{"place_id":52656673,"licence":"Data © OpenStreetMap contributors, ODbL 1.0. http://osm.org/copyright","osm_type":"way","osm_id":193519756,"lat":"40.86427053975884","lon":"26.029301217206978","class":"highway","type":"trunk","place_rank":26,"importance":0.053394007019150036,"addresstype":"road","name":"Αλεξανδρούπολης - Κήπων","display_name":"Αλεξανδρούπολης - Κήπων, Λουτρά Τραϊανούπολης, Δήμος Αλεξανδρούπολης, Περιφερειακή Ενότητα Έβρου, Περιφέρεια Ανατολικής Μακεδονίας και Θράκης, Αποκεντρωμένη Διοίκηση Μακεδονίας - Θράκης, 681 00, Ελλάδα","address":{"road":"Αλεξανδρούπολης - Κήπων","hamlet":"Λουτρά Τραϊανούπολης","municipality":"Δήμος Αλεξανδρούπολης","county":"Περιφερειακή Ενότητα Έβρου","state_district":"Περιφέρεια Ανατολικής Μακεδονίας και Θράκης","ISO3166-2-lvl5":"GR-A","state":"Αποκεντρωμένη Διοίκηση Μακεδονίας - Θράκης","postcode":"681 00","country":"Ελλάδα","country_code":"gr"},"boundingbox":["40.8635570","40.8648216","26.0281546","26.0303586"]}]
[2025-03-16 23:07:57.543] [Information ] [FireIncidents.Services.GeocodingService] Found place type: trunk, name: Αλεξανδρούπολης - Κήπων, Λουτρά Τραϊανούπολης, Δήμος Αλεξανδρούπολης, Περιφερειακή Ενότητα Έβρου, Περιφέρεια Ανατολικής Μακεδονίας και Θράκης, Αποκεντρωμένη Διοίκηση Μακεδονίας - Θράκης, 681 00, Ελλάδα
[2025-03-16 23:07:57.544] [Information ] [FireIncidents.Services.GeocodingService] Successfully geocoded with variation "Δ. ΑΛΕΞΑΝΔΡΟΥΠΟΛΗΣ - ΤΡΑΙΑΝΟΥΠΟΛΗΣ, ΑΝΑΤΟΛΙΚΗΣ ΜΑΚΕΔΟΝΙΑΣ ΚΑΙ ΘΡΑΚΗΣ, Greece": 40.86427053975884, 26.029301217206978
[2025-03-16 23:07:57.545] [Information ] [FireIncidents.Services.GeocodingService] Successfully geocoded to: 40.86427053975884, 26.029301217206978
[2025-03-16 23:07:57.546] [Information ] [FireIncidents.Controllers.IncidentsApiController] Successfully geocoded to: 40.86427053975884, 26.029301217206978
[2025-03-16 23:07:57.547] [Information ] [FireIncidents.Controllers.IncidentsApiController] Geocoding incident: ΔΑΣΙΚΗ ΕΚΤΑΣΗ, Δ. ΞΗΡΟΜΕΡΟΥ - ΑΣΤΑΚΟΥ, ΠΕΡΙΦΕΡΕΙΑ ΔΥΤΙΚΗΣ ΕΛΛΑΔΑΣ
[2025-03-16 23:07:57.548] [Information ] [FireIncidents.Services.GeocodingService] Geocoding incident: ΠΕΡΙΦΕΡΕΙΑ ΔΥΤΙΚΗΣ ΕΛΛΑΔΑΣ, Δ. ΞΗΡΟΜΕΡΟΥ - ΑΣΤΑΚΟΥ, ΔΑΣΙΚΗ ΕΚΤΑΣΗ
[2025-03-16 23:07:57.549] [Debug       ] [FireIncidents.Services.GeocodingService] Skipping non-geographical location: ΔΑΣΙΚΗ ΕΚΤΑΣΗ
[2025-03-16 23:07:57.550] [Debug       ] [FireIncidents.Services.GeocodingService] Using complete municipality: Δ. ΞΗΡΟΜΕΡΟΥ - ΑΣΤΑΚΟΥ
[2025-03-16 23:07:57.551] [Debug       ] [FireIncidents.Services.GeocodingService] Using region: ΔΥΤΙΚΗΣ ΕΛΛΑΔΑΣ
[2025-03-16 23:07:57.551] [Debug       ] [FireIncidents.Services.GeocodingService] Built search address: Δ. ΞΗΡΟΜΕΡΟΥ - ΑΣΤΑΚΟΥ, ΔΥΤΙΚΗΣ ΕΛΛΑΔΑΣ, Greece
[2025-03-16 23:07:57.552] [Information ] [FireIncidents.Services.GeocodingService] Attempting active search with: Δ. ΞΗΡΟΜΕΡΟΥ - ΑΣΤΑΚΟΥ, ΔΥΤΙΚΗΣ ΕΛΛΑΔΑΣ, Greece
[2025-03-16 23:07:57.553] [Information ] [FireIncidents.Services.GeocodingService] Geocoding address: Δ. ΞΗΡΟΜΕΡΟΥ - ΑΣΤΑΚΟΥ, ΔΥΤΙΚΗΣ ΕΛΛΑΔΑΣ, Greece
[2025-03-16 23:07:57.554] [Debug       ] [FireIncidents.Services.GeocodingService] Generated 8 search variations for: Δ. ΞΗΡΟΜΕΡΟΥ - ΑΣΤΑΚΟΥ, ΔΥΤΙΚΗΣ ΕΛΛΑΔΑΣ, Greece
[2025-03-16 23:07:58.568] [Debug       ] [FireIncidents.Services.GeocodingService] Geocoding request URL: https://nominatim.openstreetmap.org/search?q=%CE%94.%20%CE%9E%CE%97%CE%A1%CE%9F%CE%9C%CE%95%CE%A1%CE%9F%CE%A5%20-%20%CE%91%CE%A3%CE%A4%CE%91%CE%9A%CE%9F%CE%A5%2C%20%CE%94%CE%A5%CE%A4%CE%99%CE%9A%CE%97%CE%A3%20%CE%95%CE%9B%CE%9B%CE%91%CE%94%CE%91%CE%A3%2C%20Greece&format=json&limit=1&accept-language=el&addressdetails=1&countrycodes=gr&viewbox=19.22,34.72,29.64,41.75&bounded=1
[2025-03-16 23:07:58.953] [Debug       ] [FireIncidents.Services.GeocodingService] Geocoding response: [{"place_id":49781897,"licence":"Data © OpenStreetMap contributors, ODbL 1.0. http://osm.org/copyright","osm_type":"node","osm_id":11166694541,"lat":"38.616229","lon":"21.1426734","class":"place","type":"locality","place_rank":25,"importance":0.0667116678110933,"addresstype":"locality","name":"ΤΣΑΠΟΥΡΝΙΑ ΞΗΡΟΜΕΡΟΥ","display_name":"ΤΣΑΠΟΥΡΝΙΑ ΞΗΡΟΜΕΡΟΥ, Κοινότητα Μαχαιρά, Δημοτική Ενότητα Αστακού, Δήμος Ξηρομέρου, Περιφερειακή Ενότητα Αιτωλοακαρνανίας, Περιφέρεια Δυτικής Ελλάδας, Αποκεντρωμένη Διοίκηση Πελοποννήσου, Δυτικής Ελλάδας και Ιονίου, 300 06, Ελλάδα","address":{"locality":"ΤΣΑΠΟΥΡΝΙΑ ΞΗΡΟΜΕΡΟΥ","city_district":"Κοινότητα Μαχαιρά","city":"Δημοτική Ενότητα Αστακού","municipality":"Δήμος Ξηρομέρου","county":"Περιφερειακή Ενότητα Αιτωλοακαρνανίας","state_district":"Περιφέρεια Δυτικής Ελλάδας","ISO3166-2-lvl5":"GR-G","state":"Αποκεντρωμένη Διοίκηση Πελοποννήσου, Δυτικής Ελλάδας και Ιονίου","postcode":"300 06","country":"Ελλάδα","country_code":"gr"},"boundingbox":["38.6062290","38.6262290","21.1326734","21.1526734"]}]
[2025-03-16 23:07:58.954] [Information ] [FireIncidents.Services.GeocodingService] Found place type: locality, name: ΤΣΑΠΟΥΡΝΙΑ ΞΗΡΟΜΕΡΟΥ, Κοινότητα Μαχαιρά, Δημοτική Ενότητα Αστακού, Δήμος Ξηρομέρου, Περιφερειακή Ενότητα Αιτωλοακαρνανίας, Περιφέρεια Δυτικής Ελλάδας, Αποκεντρωμένη Διοίκηση Πελοποννήσου, Δυτικής Ελλάδας και Ιονίου, 300 06, Ελλάδα
[2025-03-16 23:07:58.955] [Information ] [FireIncidents.Services.GeocodingService] Successfully geocoded with variation "Δ. ΞΗΡΟΜΕΡΟΥ - ΑΣΤΑΚΟΥ, ΔΥΤΙΚΗΣ ΕΛΛΑΔΑΣ, Greece": 38.616229, 21.1426734
[2025-03-16 23:07:58.956] [Information ] [FireIncidents.Services.GeocodingService] Successfully geocoded to: 38.616229, 21.1426734
[2025-03-16 23:07:58.957] [Information ] [FireIncidents.Controllers.IncidentsApiController] Successfully geocoded to: 38.616229, 21.1426734
[2025-03-16 23:07:58.958] [Information ] [FireIncidents.Controllers.IncidentsApiController] Geocoding incident: ΧΟΡΤΟΛΙΒΑΔΙΚΗ ΕΚΤΑΣΗ, Δ. ΑΠΟΚΟΡΩΝΟΥ - ΓΕΩΡΓΙΟΥΠΟΛΕΩΣ, ΠΕΡΙΦΕΡΕΙΑ ΚΡΗΤΗΣ
[2025-03-16 23:07:58.959] [Information ] [FireIncidents.Services.GeocodingService] Geocoding incident: ΠΕΡΙΦΕΡΕΙΑ ΚΡΗΤΗΣ, Δ. ΑΠΟΚΟΡΩΝΟΥ - ΓΕΩΡΓΙΟΥΠΟΛΕΩΣ, ΧΟΡΤΟΛΙΒΑΔΙΚΗ ΕΚΤΑΣΗ
[2025-03-16 23:07:58.960] [Debug       ] [FireIncidents.Services.GeocodingService] Skipping non-geographical location: ΧΟΡΤΟΛΙΒΑΔΙΚΗ ΕΚΤΑΣΗ
[2025-03-16 23:07:58.961] [Debug       ] [FireIncidents.Services.GeocodingService] Using complete municipality: Δ. ΑΠΟΚΟΡΩΝΟΥ - ΓΕΩΡΓΙΟΥΠΟΛΕΩΣ
[2025-03-16 23:07:58.962] [Debug       ] [FireIncidents.Services.GeocodingService] Using region: ΚΡΗΤΗΣ
[2025-03-16 23:07:58.963] [Debug       ] [FireIncidents.Services.GeocodingService] Built search address: Δ. ΑΠΟΚΟΡΩΝΟΥ - ΓΕΩΡΓΙΟΥΠΟΛΕΩΣ, ΚΡΗΤΗΣ, Greece
[2025-03-16 23:07:58.964] [Information ] [FireIncidents.Services.GeocodingService] Attempting active search with: Δ. ΑΠΟΚΟΡΩΝΟΥ - ΓΕΩΡΓΙΟΥΠΟΛΕΩΣ, ΚΡΗΤΗΣ, Greece
[2025-03-16 23:07:58.965] [Information ] [FireIncidents.Services.GeocodingService] Geocoding address: Δ. ΑΠΟΚΟΡΩΝΟΥ - ΓΕΩΡΓΙΟΥΠΟΛΕΩΣ, ΚΡΗΤΗΣ, Greece
[2025-03-16 23:07:58.966] [Debug       ] [FireIncidents.Services.GeocodingService] Generated 8 search variations for: Δ. ΑΠΟΚΟΡΩΝΟΥ - ΓΕΩΡΓΙΟΥΠΟΛΕΩΣ, ΚΡΗΤΗΣ, Greece
[2025-03-16 23:07:59.971] [Debug       ] [FireIncidents.Services.GeocodingService] Geocoding request URL: https://nominatim.openstreetmap.org/search?q=%CE%94.%20%CE%91%CE%A0%CE%9F%CE%9A%CE%9F%CE%A1%CE%A9%CE%9D%CE%9F%CE%A5%20-%20%CE%93%CE%95%CE%A9%CE%A1%CE%93%CE%99%CE%9F%CE%A5%CE%A0%CE%9F%CE%9B%CE%95%CE%A9%CE%A3%2C%20%CE%9A%CE%A1%CE%97%CE%A4%CE%97%CE%A3%2C%20Greece&format=json&limit=1&accept-language=el&addressdetails=1&countrycodes=gr&viewbox=19.22,34.72,29.64,41.75&bounded=1
[2025-03-16 23:08:00.145] [Debug       ] [FireIncidents.Services.GeocodingService] Geocoding response: []
[2025-03-16 23:08:00.146] [Warning     ] [FireIncidents.Services.GeocodingService] Geocoding returned no results for address: Δ. ΑΠΟΚΟΡΩΝΟΥ - ΓΕΩΡΓΙΟΥΠΟΛΕΩΣ, ΚΡΗΤΗΣ, Greece
[2025-03-16 23:08:01.158] [Debug       ] [FireIncidents.Services.GeocodingService] Trying alternative search: ΓΕΩΡΓΙΟΥΠΟΛΕΩΣ, ΚΡΗΤΗΣ, Greece
[2025-03-16 23:08:01.159] [Debug       ] [FireIncidents.Services.GeocodingService] Geocoding request URL: https://nominatim.openstreetmap.org/search?q=%CE%93%CE%95%CE%A9%CE%A1%CE%93%CE%99%CE%9F%CE%A5%CE%A0%CE%9F%CE%9B%CE%95%CE%A9%CE%A3%2C%20%CE%9A%CE%A1%CE%97%CE%A4%CE%97%CE%A3%2C%20Greece&format=json&limit=1&accept-language=el&addressdetails=1&countrycodes=gr&viewbox=19.22,34.72,29.64,41.75&bounded=1
[2025-03-16 23:08:01.334] [Debug       ] [FireIncidents.Services.GeocodingService] Geocoding response: []
[2025-03-16 23:08:01.335] [Warning     ] [FireIncidents.Services.GeocodingService] Geocoding returned no results for address: ΓΕΩΡΓΙΟΥΠΟΛΕΩΣ, ΚΡΗΤΗΣ, Greece
[2025-03-16 23:08:02.348] [Debug       ] [FireIncidents.Services.GeocodingService] Trying alternative search: ΑΠΟΚΟΡΩΝΟΥ, ΚΡΗΤΗΣ, Greece
[2025-03-16 23:08:02.349] [Debug       ] [FireIncidents.Services.GeocodingService] Geocoding request URL: https://nominatim.openstreetmap.org/search?q=%CE%91%CE%A0%CE%9F%CE%9A%CE%9F%CE%A1%CE%A9%CE%9D%CE%9F%CE%A5%2C%20%CE%9A%CE%A1%CE%97%CE%A4%CE%97%CE%A3%2C%20Greece&format=json&limit=1&accept-language=el&addressdetails=1&countrycodes=gr&viewbox=19.22,34.72,29.64,41.75&bounded=1
[2025-03-16 23:08:02.570] [Debug       ] [FireIncidents.Services.GeocodingService] Geocoding response: [{"place_id":48849266,"licence":"Data © OpenStreetMap contributors, ODbL 1.0. http://osm.org/copyright","osm_type":"way","osm_id":79762832,"lat":"35.49766566043627","lon":"23.98921238347611","class":"highway","type":"residential","place_rank":26,"importance":0.053396243991760094,"addresstype":"road","name":"Αποκορωνου","display_name":"Αποκορωνου, Χανιά, Δήμος Χανίων, Περιφερειακή Ενότητα Χανίων, Περιφέρεια Κρήτης, Αποκεντρωμένη Διοίκηση Κρήτης, 731 00, Ελλάδα","address":{"road":"Αποκορωνου","city":"Χανιά","municipality":"Δήμος Χανίων","county":"Περιφερειακή Ενότητα Χανίων","state_district":"Περιφέρεια Κρήτης","ISO3166-2-lvl5":"GR-M","state":"Αποκεντρωμένη Διοίκηση Κρήτης","postcode":"731 00","country":"Ελλάδα","country_code":"gr"},"boundingbox":["35.4963361","35.4978973","23.9873121","23.9904619"]}]
[2025-03-16 23:08:02.571] [Information ] [FireIncidents.Services.GeocodingService] Found place type: residential, name: Αποκορωνου, Χανιά, Δήμος Χανίων, Περιφερειακή Ενότητα Χανίων, Περιφέρεια Κρήτης, Αποκεντρωμένη Διοίκηση Κρήτης, 731 00, Ελλάδα
[2025-03-16 23:08:02.572] [Information ] [FireIncidents.Services.GeocodingService] Successfully geocoded with variation "ΑΠΟΚΟΡΩΝΟΥ, ΚΡΗΤΗΣ, Greece": 35.49766566043627, 23.98921238347611
[2025-03-16 23:08:02.573] [Information ] [FireIncidents.Services.GeocodingService] Successfully geocoded to: 35.49766566043627, 23.98921238347611
[2025-03-16 23:08:02.574] [Information ] [FireIncidents.Controllers.IncidentsApiController] Successfully geocoded to: 35.49766566043627, 23.98921238347611
[2025-03-16 23:08:02.575] [Information ] [FireIncidents.Controllers.IncidentsApiController] Geocoding incident: ΜΕΤΑΦΟΡΙΚΑ ΜΕΣΑ, Δ. ΑΛΕΞΑΝΔΡΟΥΠΟΛΗΣ - ΑΛΕΞΑΝΔΡΟΥΠΟΛΗΣ, ΠΕΡΙΦΕΡΕΙΑ ΑΝΑΤΟΛΙΚΗΣ ΜΑΚΕΔΟΝΙΑΣ ΚΑΙ ΘΡΑΚΗΣ
[2025-03-16 23:08:02.576] [Information ] [FireIncidents.Services.GeocodingService] Geocoding incident: ΠΕΡΙΦΕΡΕΙΑ ΑΝΑΤΟΛΙΚΗΣ ΜΑΚΕΔΟΝΙΑΣ ΚΑΙ ΘΡΑΚΗΣ, Δ. ΑΛΕΞΑΝΔΡΟΥΠΟΛΗΣ - ΑΛΕΞΑΝΔΡΟΥΠΟΛΗΣ, ΜΕΤΑΦΟΡΙΚΑ ΜΕΣΑ
[2025-03-16 23:08:02.577] [Debug       ] [FireIncidents.Services.GeocodingService] Skipping non-geographical location: ΜΕΤΑΦΟΡΙΚΑ ΜΕΣΑ
[2025-03-16 23:08:02.577] [Debug       ] [FireIncidents.Services.GeocodingService] Using complete municipality: Δ. ΑΛΕΞΑΝΔΡΟΥΠΟΛΗΣ - ΑΛΕΞΑΝΔΡΟΥΠΟΛΗΣ
[2025-03-16 23:08:02.578] [Debug       ] [FireIncidents.Services.GeocodingService] Using region: ΑΝΑΤΟΛΙΚΗΣ ΜΑΚΕΔΟΝΙΑΣ ΚΑΙ ΘΡΑΚΗΣ
[2025-03-16 23:08:02.579] [Debug       ] [FireIncidents.Services.GeocodingService] Built search address: Δ. ΑΛΕΞΑΝΔΡΟΥΠΟΛΗΣ - ΑΛΕΞΑΝΔΡΟΥΠΟΛΗΣ, ΑΝΑΤΟΛΙΚΗΣ ΜΑΚΕΔΟΝΙΑΣ ΚΑΙ ΘΡΑΚΗΣ, Greece
[2025-03-16 23:08:02.580] [Information ] [FireIncidents.Services.GeocodingService] Attempting active search with: Δ. ΑΛΕΞΑΝΔΡΟΥΠΟΛΗΣ - ΑΛΕΞΑΝΔΡΟΥΠΟΛΗΣ, ΑΝΑΤΟΛΙΚΗΣ ΜΑΚΕΔΟΝΙΑΣ ΚΑΙ ΘΡΑΚΗΣ, Greece
[2025-03-16 23:08:02.581] [Information ] [FireIncidents.Services.GeocodingService] Geocoding address: Δ. ΑΛΕΞΑΝΔΡΟΥΠΟΛΗΣ - ΑΛΕΞΑΝΔΡΟΥΠΟΛΗΣ, ΑΝΑΤΟΛΙΚΗΣ ΜΑΚΕΔΟΝΙΑΣ ΚΑΙ ΘΡΑΚΗΣ, Greece
[2025-03-16 23:08:02.582] [Debug       ] [FireIncidents.Services.GeocodingService] Generated 7 search variations for: Δ. ΑΛΕΞΑΝΔΡΟΥΠΟΛΗΣ - ΑΛΕΞΑΝΔΡΟΥΠΟΛΗΣ, ΑΝΑΤΟΛΙΚΗΣ ΜΑΚΕΔΟΝΙΑΣ ΚΑΙ ΘΡΑΚΗΣ, Greece
[2025-03-16 23:08:03.584] [Debug       ] [FireIncidents.Services.GeocodingService] Geocoding request URL: https://nominatim.openstreetmap.org/search?q=%CE%94.%20%CE%91%CE%9B%CE%95%CE%9E%CE%91%CE%9D%CE%94%CE%A1%CE%9F%CE%A5%CE%A0%CE%9F%CE%9B%CE%97%CE%A3%20-%20%CE%91%CE%9B%CE%95%CE%9E%CE%91%CE%9D%CE%94%CE%A1%CE%9F%CE%A5%CE%A0%CE%9F%CE%9B%CE%97%CE%A3%2C%20%CE%91%CE%9D%CE%91%CE%A4%CE%9F%CE%9B%CE%99%CE%9A%CE%97%CE%A3%20%CE%9C%CE%91%CE%9A%CE%95%CE%94%CE%9F%CE%9D%CE%99%CE%91%CE%A3%20%CE%9A%CE%91%CE%99%20%CE%98%CE%A1%CE%91%CE%9A%CE%97%CE%A3%2C%20Greece&format=json&limit=1&accept-language=el&addressdetails=1&countrycodes=gr&viewbox=19.22,34.72,29.64,41.75&bounded=1
[2025-03-16 23:08:03.814] [Debug       ] [FireIncidents.Services.GeocodingService] Geocoding response: [{"place_id":53042406,"licence":"Data © OpenStreetMap contributors, ODbL 1.0. http://osm.org/copyright","osm_type":"node","osm_id":5266898469,"lat":"40.8479185","lon":"25.8866318","class":"amenity","type":"atm","place_rank":30,"importance":6.067368581669364e-05,"addresstype":"amenity","name":"Εθνική Τράπεζα","display_name":"Εθνική Τράπεζα, Δημοκρατίας, Αλεξανδρούπολη, Δήμος Αλεξανδρούπολης, Περιφερειακή Ενότητα Έβρου, Περιφέρεια Ανατολικής Μακεδονίας και Θράκης, Αποκεντρωμένη Διοίκηση Μακεδονίας - Θράκης, 681 00, Ελλάδα","address":{"amenity":"Εθνική Τράπεζα","road":"Δημοκρατίας","city":"Αλεξανδρούπολη","municipality":"Δήμος Αλεξανδρούπολης","county":"Περιφερειακή Ενότητα Έβρου","state_district":"Περιφέρεια Ανατολικής Μακεδονίας και Θράκης","ISO3166-2-lvl5":"GR-A","state":"Αποκεντρωμένη Διοίκηση Μακεδονίας - Θράκης","postcode":"681 00","country":"Ελλάδα","country_code":"gr"},"boundingbox":["40.8478685","40.8479685","25.8865818","25.8866818"]}]
[2025-03-16 23:08:03.815] [Information ] [FireIncidents.Services.GeocodingService] Found place type: atm, name: Εθνική Τράπεζα, Δημοκρατίας, Αλεξανδρούπολη, Δήμος Αλεξανδρούπολης, Περιφερειακή Ενότητα Έβρου, Περιφέρεια Ανατολικής Μακεδονίας και Θράκης, Αποκεντρωμένη Διοίκηση Μακεδονίας - Θράκης, 681 00, Ελλάδα
[2025-03-16 23:08:03.816] [Information ] [FireIncidents.Services.GeocodingService] Successfully geocoded with variation "Δ. ΑΛΕΞΑΝΔΡΟΥΠΟΛΗΣ - ΑΛΕΞΑΝΔΡΟΥΠΟΛΗΣ, ΑΝΑΤΟΛΙΚΗΣ ΜΑΚΕΔΟΝΙΑΣ ΚΑΙ ΘΡΑΚΗΣ, Greece": 40.8479185, 25.8866318
[2025-03-16 23:08:03.817] [Information ] [FireIncidents.Services.GeocodingService] Successfully geocoded to: 40.8479185, 25.8866318
[2025-03-16 23:08:03.818] [Information ] [FireIncidents.Services.GeocodingService] Added new coordinates for 'Δ. ΑΛΕΞΑΝΔΡΟΥΠΟΛΗΣ - ΑΛΕΞΑΝΔΡΟΥΠΟΛΗΣ': 40.8479185, 25.8866318
[2025-03-16 23:08:03.824] [Information ] [FireIncidents.Services.GeocodingService] Added new coordinates for 'ΠΕΡΙΦΕΡΕΙΑ ΑΝΑΤΟΛΙΚΗΣ ΜΑΚΕΔΟΝΙΑΣ ΚΑΙ ΘΡΑΚΗΣ-Δ. ΑΛΕΞΑΝΔΡΟΥΠΟΛΗΣ - ΑΛΕΞΑΝΔΡΟΥΠΟΛΗΣ': 40.8479185, 25.8866318
[2025-03-16 23:08:03.839] [Information ] [FireIncidents.Controllers.IncidentsApiController] Successfully geocoded to: 40.8479185, 25.8866318
[2025-03-16 23:08:03.840] [Information ] [FireIncidents.Controllers.IncidentsApiController] Geocoding incident: ΥΠΑΙΘΡΟΣ, Δ. ΚΟΡΙΝΘΙΩΝ - ΚΟΡΙΝΘΙΩΝ, ΠΕΡΙΦΕΡΕΙΑ ΠΕΛΟΠΟΝΝΗΣΟΥ
[2025-03-16 23:08:03.841] [Information ] [FireIncidents.Services.GeocodingService] Geocoding incident: ΠΕΡΙΦΕΡΕΙΑ ΠΕΛΟΠΟΝΝΗΣΟΥ, Δ. ΚΟΡΙΝΘΙΩΝ - ΚΟΡΙΝΘΙΩΝ, ΥΠΑΙΘΡΟΣ
[2025-03-16 23:08:03.842] [Debug       ] [FireIncidents.Services.GeocodingService] Skipping non-geographical location: ΥΠΑΙΘΡΟΣ
[2025-03-16 23:08:03.843] [Debug       ] [FireIncidents.Services.GeocodingService] Using complete municipality: Δ. ΚΟΡΙΝΘΙΩΝ - ΚΟΡΙΝΘΙΩΝ
[2025-03-16 23:08:03.844] [Debug       ] [FireIncidents.Services.GeocodingService] Using region: ΠΕΛΟΠΟΝΝΗΣΟΥ
[2025-03-16 23:08:03.844] [Debug       ] [FireIncidents.Services.GeocodingService] Built search address: Δ. ΚΟΡΙΝΘΙΩΝ - ΚΟΡΙΝΘΙΩΝ, ΠΕΛΟΠΟΝΝΗΣΟΥ, Greece
[2025-03-16 23:08:03.845] [Information ] [FireIncidents.Services.GeocodingService] Attempting active search with: Δ. ΚΟΡΙΝΘΙΩΝ - ΚΟΡΙΝΘΙΩΝ, ΠΕΛΟΠΟΝΝΗΣΟΥ, Greece
[2025-03-16 23:08:03.846] [Information ] [FireIncidents.Services.GeocodingService] Geocoding address: Δ. ΚΟΡΙΝΘΙΩΝ - ΚΟΡΙΝΘΙΩΝ, ΠΕΛΟΠΟΝΝΗΣΟΥ, Greece
[2025-03-16 23:08:03.847] [Debug       ] [FireIncidents.Services.GeocodingService] Generated 7 search variations for: Δ. ΚΟΡΙΝΘΙΩΝ - ΚΟΡΙΝΘΙΩΝ, ΠΕΛΟΠΟΝΝΗΣΟΥ, Greece
[2025-03-16 23:08:04.849] [Debug       ] [FireIncidents.Services.GeocodingService] Geocoding request URL: https://nominatim.openstreetmap.org/search?q=%CE%94.%20%CE%9A%CE%9F%CE%A1%CE%99%CE%9D%CE%98%CE%99%CE%A9%CE%9D%20-%20%CE%9A%CE%9F%CE%A1%CE%99%CE%9D%CE%98%CE%99%CE%A9%CE%9D%2C%20%CE%A0%CE%95%CE%9B%CE%9F%CE%A0%CE%9F%CE%9D%CE%9D%CE%97%CE%A3%CE%9F%CE%A5%2C%20Greece&format=json&limit=1&accept-language=el&addressdetails=1&countrycodes=gr&viewbox=19.22,34.72,29.64,41.75&bounded=1
[2025-03-16 23:08:05.349] [Debug       ] [FireIncidents.Services.GeocodingService] Geocoding response: [{"place_id":50151988,"licence":"Data © OpenStreetMap contributors, ODbL 1.0. http://osm.org/copyright","osm_type":"relation","osm_id":2186725,"lat":"37.8284273","lon":"22.961760053205886","class":"boundary","type":"administrative","place_rank":14,"importance":0.3568593678648804,"addresstype":"municipality","name":"Δήμος Κορινθίων","display_name":"Δήμος Κορινθίων, Περιφερειακή Ενότητα Κορινθίας, Περιφέρεια Πελοποννήσου, Αποκεντρωμένη Διοίκηση Πελοποννήσου, Δυτικής Ελλάδας και Ιονίου, Ελλάδα","address":{"municipality":"Δήμος Κορινθίων","county":"Περιφερειακή Ενότητα Κορινθίας","state_district":"Περιφέρεια Πελοποννήσου","ISO3166-2-lvl5":"GR-J","state":"Αποκεντρωμένη Διοίκηση Πελοποννήσου, Δυτικής Ελλάδας και Ιονίου","country":"Ελλάδα","country_code":"gr"},"boundingbox":["37.7019617","37.9550920","22.7342871","23.1795175"]}]
[2025-03-16 23:08:05.350] [Information ] [FireIncidents.Services.GeocodingService] Found place type: administrative, name: Δήμος Κορινθίων, Περιφερειακή Ενότητα Κορινθίας, Περιφέρεια Πελοποννήσου, Αποκεντρωμένη Διοίκηση Πελοποννήσου, Δυτικής Ελλάδας και Ιονίου, Ελλάδα
[2025-03-16 23:08:05.351] [Information ] [FireIncidents.Services.GeocodingService] Successfully geocoded with variation "Δ. ΚΟΡΙΝΘΙΩΝ - ΚΟΡΙΝΘΙΩΝ, ΠΕΛΟΠΟΝΝΗΣΟΥ, Greece": 37.8284273, 22.961760053205886
[2025-03-16 23:08:05.352] [Information ] [FireIncidents.Services.GeocodingService] Successfully geocoded to: 37.8284273, 22.961760053205886
[2025-03-16 23:08:05.353] [Information ] [FireIncidents.Services.GeocodingService] Added new coordinates for 'Δ. ΚΟΡΙΝΘΙΩΝ - ΚΟΡΙΝΘΙΩΝ': 37.8284273, 22.961760053205886
[2025-03-16 23:08:05.357] [Information ] [FireIncidents.Services.GeocodingService] Added new coordinates for 'ΠΕΡΙΦΕΡΕΙΑ ΠΕΛΟΠΟΝΝΗΣΟΥ-Δ. ΚΟΡΙΝΘΙΩΝ - ΚΟΡΙΝΘΙΩΝ': 37.8284273, 22.961760053205886
[2025-03-16 23:08:05.372] [Information ] [FireIncidents.Controllers.IncidentsApiController] Successfully geocoded to: 37.8284273, 22.961760053205886
[2025-03-16 23:08:05.373] [Information ] [FireIncidents.Controllers.IncidentsApiController] Geocoding incident: ΥΠΑΙΘΡΟΣ, Δ. ΤΡΙΦΥΛΙΑΣ - ΓΑΡΓΑΛΙΑΝΩΝ, ΠΕΡΙΦΕΡΕΙΑ ΠΕΛΟΠΟΝΝΗΣΟΥ
[2025-03-16 23:08:05.375] [Information ] [FireIncidents.Services.GeocodingService] Geocoding incident: ΠΕΡΙΦΕΡΕΙΑ ΠΕΛΟΠΟΝΝΗΣΟΥ, Δ. ΤΡΙΦΥΛΙΑΣ - ΓΑΡΓΑΛΙΑΝΩΝ, ΥΠΑΙΘΡΟΣ
[2025-03-16 23:08:05.375] [Debug       ] [FireIncidents.Services.GeocodingService] Skipping non-geographical location: ΥΠΑΙΘΡΟΣ
[2025-03-16 23:08:05.376] [Debug       ] [FireIncidents.Services.GeocodingService] Using complete municipality: Δ. ΤΡΙΦΥΛΙΑΣ - ΓΑΡΓΑΛΙΑΝΩΝ
[2025-03-16 23:08:05.377] [Debug       ] [FireIncidents.Services.GeocodingService] Using region: ΠΕΛΟΠΟΝΝΗΣΟΥ
[2025-03-16 23:08:05.378] [Debug       ] [FireIncidents.Services.GeocodingService] Built search address: Δ. ΤΡΙΦΥΛΙΑΣ - ΓΑΡΓΑΛΙΑΝΩΝ, ΠΕΛΟΠΟΝΝΗΣΟΥ, Greece
[2025-03-16 23:08:05.379] [Information ] [FireIncidents.Services.GeocodingService] Attempting active search with: Δ. ΤΡΙΦΥΛΙΑΣ - ΓΑΡΓΑΛΙΑΝΩΝ, ΠΕΛΟΠΟΝΝΗΣΟΥ, Greece
[2025-03-16 23:08:05.380] [Information ] [FireIncidents.Services.GeocodingService] Geocoding address: Δ. ΤΡΙΦΥΛΙΑΣ - ΓΑΡΓΑΛΙΑΝΩΝ, ΠΕΛΟΠΟΝΝΗΣΟΥ, Greece
[2025-03-16 23:08:05.381] [Debug       ] [FireIncidents.Services.GeocodingService] Generated 8 search variations for: Δ. ΤΡΙΦΥΛΙΑΣ - ΓΑΡΓΑΛΙΑΝΩΝ, ΠΕΛΟΠΟΝΝΗΣΟΥ, Greece
[2025-03-16 23:08:06.392] [Debug       ] [FireIncidents.Services.GeocodingService] Geocoding request URL: https://nominatim.openstreetmap.org/search?q=%CE%94.%20%CE%A4%CE%A1%CE%99%CE%A6%CE%A5%CE%9B%CE%99%CE%91%CE%A3%20-%20%CE%93%CE%91%CE%A1%CE%93%CE%91%CE%9B%CE%99%CE%91%CE%9D%CE%A9%CE%9D%2C%20%CE%A0%CE%95%CE%9B%CE%9F%CE%A0%CE%9F%CE%9D%CE%9D%CE%97%CE%A3%CE%9F%CE%A5%2C%20Greece&format=json&limit=1&accept-language=el&addressdetails=1&countrycodes=gr&viewbox=19.22,34.72,29.64,41.75&bounded=1
[2025-03-16 23:08:06.683] [Debug       ] [FireIncidents.Services.GeocodingService] Geocoding response: []
[2025-03-16 23:08:06.685] [Warning     ] [FireIncidents.Services.GeocodingService] Geocoding returned no results for address: Δ. ΤΡΙΦΥΛΙΑΣ - ΓΑΡΓΑΛΙΑΝΩΝ, ΠΕΛΟΠΟΝΝΗΣΟΥ, Greece
[2025-03-16 23:08:07.688] [Debug       ] [FireIncidents.Services.GeocodingService] Trying alternative search: ΓΑΡΓΑΛΙΑΝΩΝ, ΠΕΛΟΠΟΝΝΗΣΟΥ, Greece
[2025-03-16 23:08:07.689] [Debug       ] [FireIncidents.Services.GeocodingService] Geocoding request URL: https://nominatim.openstreetmap.org/search?q=%CE%93%CE%91%CE%A1%CE%93%CE%91%CE%9B%CE%99%CE%91%CE%9D%CE%A9%CE%9D%2C%20%CE%A0%CE%95%CE%9B%CE%9F%CE%A0%CE%9F%CE%9D%CE%9D%CE%97%CE%A3%CE%9F%CE%A5%2C%20Greece&format=json&limit=1&accept-language=el&addressdetails=1&countrycodes=gr&viewbox=19.22,34.72,29.64,41.75&bounded=1
[2025-03-16 23:08:07.909] [Debug       ] [FireIncidents.Services.GeocodingService] Geocoding response: [{"place_id":50401600,"licence":"Data © OpenStreetMap contributors, ODbL 1.0. http://osm.org/copyright","osm_type":"relation","osm_id":12545378,"lat":"37.0645753","lon":"21.63442514911555","class":"boundary","type":"administrative","place_rank":16,"importance":0.18672148088807503,"addresstype":"city","name":"Δημοτική Ενότητα Γαργαλιάνων","display_name":"Δημοτική Ενότητα Γαργαλιάνων, Δήμος Τριφυλίας, Περιφερειακή Ενότητα Μεσσηνίας, Περιφέρεια Πελοποννήσου, Αποκεντρωμένη Διοίκηση Πελοποννήσου, Δυτικής Ελλάδας και Ιονίου, 244 00, Ελλάδα","address":{"city":"Δημοτική Ενότητα Γαργαλιάνων","municipality":"Δήμος Τριφυλίας","county":"Περιφερειακή Ενότητα Μεσσηνίας","state_district":"Περιφέρεια Πελοποννήσου","ISO3166-2-lvl5":"GR-J","state":"Αποκεντρωμένη Διοίκηση Πελοποννήσου, Δυτικής Ελλάδας και Ιονίου","postcode":"244 00","country":"Ελλάδα","country_code":"gr"},"boundingbox":["36.9925711","37.1366387","21.5383672","21.7345744"]}]
[2025-03-16 23:08:07.910] [Information ] [FireIncidents.Services.GeocodingService] Found place type: administrative, name: Δημοτική Ενότητα Γαργαλιάνων, Δήμος Τριφυλίας, Περιφερειακή Ενότητα Μεσσηνίας, Περιφέρεια Πελοποννήσου, Αποκεντρωμένη Διοίκηση Πελοποννήσου, Δυτικής Ελλάδας και Ιονίου, 244 00, Ελλάδα
[2025-03-16 23:08:07.911] [Information ] [FireIncidents.Services.GeocodingService] Successfully geocoded with variation "ΓΑΡΓΑΛΙΑΝΩΝ, ΠΕΛΟΠΟΝΝΗΣΟΥ, Greece": 37.0645753, 21.63442514911555
[2025-03-16 23:08:07.912] [Information ] [FireIncidents.Services.GeocodingService] Successfully geocoded to: 37.0645753, 21.63442514911555
[2025-03-16 23:08:07.913] [Information ] [FireIncidents.Controllers.IncidentsApiController] Successfully geocoded to: 37.0645753, 21.63442514911555
[2025-03-16 23:08:07.913] [Information ] [FireIncidents.Controllers.IncidentsApiController] Geocoding incident: ΥΠΑΙΘΡΟΣ, Δ. ΑΡΧΑΝΩΝ - ΑΣΤΕΡΟΥΣΙΩΝ - ΝΙΚΟΥ ΚΑΖΑΝΤΖΑΚΗ, ΠΕΡΙΦΕΡΕΙΑ ΚΡΗΤΗΣ
[2025-03-16 23:08:07.914] [Information ] [FireIncidents.Services.GeocodingService] Geocoding incident: ΠΕΡΙΦΕΡΕΙΑ ΚΡΗΤΗΣ, Δ. ΑΡΧΑΝΩΝ - ΑΣΤΕΡΟΥΣΙΩΝ - ΝΙΚΟΥ ΚΑΖΑΝΤΖΑΚΗ, ΥΠΑΙΘΡΟΣ
[2025-03-16 23:08:07.915] [Debug       ] [FireIncidents.Services.GeocodingService] Skipping non-geographical location: ΥΠΑΙΘΡΟΣ
[2025-03-16 23:08:07.916] [Debug       ] [FireIncidents.Services.GeocodingService] Using complete municipality: Δ. ΑΡΧΑΝΩΝ - ΑΣΤΕΡΟΥΣΙΩΝ - ΝΙΚΟΥ ΚΑΖΑΝΤΖΑΚΗ
[2025-03-16 23:08:07.917] [Debug       ] [FireIncidents.Services.GeocodingService] Using region: ΚΡΗΤΗΣ
[2025-03-16 23:08:07.918] [Debug       ] [FireIncidents.Services.GeocodingService] Built search address: Δ. ΑΡΧΑΝΩΝ - ΑΣΤΕΡΟΥΣΙΩΝ - ΝΙΚΟΥ ΚΑΖΑΝΤΖΑΚΗ, ΚΡΗΤΗΣ, Greece
[2025-03-16 23:08:07.919] [Information ] [FireIncidents.Services.GeocodingService] Attempting active search with: Δ. ΑΡΧΑΝΩΝ - ΑΣΤΕΡΟΥΣΙΩΝ - ΝΙΚΟΥ ΚΑΖΑΝΤΖΑΚΗ, ΚΡΗΤΗΣ, Greece
[2025-03-16 23:08:07.920] [Information ] [FireIncidents.Services.GeocodingService] Geocoding address: Δ. ΑΡΧΑΝΩΝ - ΑΣΤΕΡΟΥΣΙΩΝ - ΝΙΚΟΥ ΚΑΖΑΝΤΖΑΚΗ, ΚΡΗΤΗΣ, Greece
[2025-03-16 23:08:07.921] [Debug       ] [FireIncidents.Services.GeocodingService] Generated 8 search variations for: Δ. ΑΡΧΑΝΩΝ - ΑΣΤΕΡΟΥΣΙΩΝ - ΝΙΚΟΥ ΚΑΖΑΝΤΖΑΚΗ, ΚΡΗΤΗΣ, Greece
[2025-03-16 23:08:08.937] [Debug       ] [FireIncidents.Services.GeocodingService] Geocoding request URL: https://nominatim.openstreetmap.org/search?q=%CE%94.%20%CE%91%CE%A1%CE%A7%CE%91%CE%9D%CE%A9%CE%9D%20-%20%CE%91%CE%A3%CE%A4%CE%95%CE%A1%CE%9F%CE%A5%CE%A3%CE%99%CE%A9%CE%9D%20-%20%CE%9D%CE%99%CE%9A%CE%9F%CE%A5%20%CE%9A%CE%91%CE%96%CE%91%CE%9D%CE%A4%CE%96%CE%91%CE%9A%CE%97%2C%20%CE%9A%CE%A1%CE%97%CE%A4%CE%97%CE%A3%2C%20Greece&format=json&limit=1&accept-language=el&addressdetails=1&countrycodes=gr&viewbox=19.22,34.72,29.64,41.75&bounded=1
[2025-03-16 23:08:09.191] [Debug       ] [FireIncidents.Services.GeocodingService] Geocoding response: [{"place_id":48671799,"licence":"Data © OpenStreetMap contributors, ODbL 1.0. http://osm.org/copyright","osm_type":"way","osm_id":1271434849,"lat":"35.202118799999994","lon":"25.167457849999998","class":"highway","type":"secondary","place_rank":26,"importance":0.053399694056610936,"addresstype":"road","name":"Διακλάδωση Αρχανών","display_name":"Διακλάδωση Αρχανών, Κοινότητα Χουδετσίου, Δημοτική Ενότητα Νίκου Καζαντζάκη, Δήμος Αρχανών - Αστερουσίων, Περιφερειακή Ενότητα Ηρακλείου, Περιφέρεια Κρήτης, Αποκεντρωμένη Διοίκηση Κρήτης, 701 00, Ελλάδα","address":{"road":"Διακλάδωση Αρχανών","city_district":"Κοινότητα Χουδετσίου","city":"Δημοτική Ενότητα Νίκου Καζαντζάκη","municipality":"Δήμος Αρχανών - Αστερουσίων","county":"Περιφερειακή Ενότητα Ηρακλείου","state_district":"Περιφέρεια Κρήτης","ISO3166-2-lvl5":"GR-M","state":"Αποκεντρωμένη Διοίκηση Κρήτης","postcode":"701 00","country":"Ελλάδα","country_code":"gr"},"boundingbox":["35.2020936","35.2021440","25.1674185","25.1674972"]}]
[2025-03-16 23:08:09.192] [Information ] [FireIncidents.Services.GeocodingService] Found place type: secondary, name: Διακλάδωση Αρχανών, Κοινότητα Χουδετσίου, Δημοτική Ενότητα Νίκου Καζαντζάκη, Δήμος Αρχανών - Αστερουσίων, Περιφερειακή Ενότητα Ηρακλείου, Περιφέρεια Κρήτης, Αποκεντρωμένη Διοίκηση Κρήτης, 701 00, Ελλάδα
[2025-03-16 23:08:09.193] [Information ] [FireIncidents.Services.GeocodingService] Successfully geocoded with variation "Δ. ΑΡΧΑΝΩΝ - ΑΣΤΕΡΟΥΣΙΩΝ - ΝΙΚΟΥ ΚΑΖΑΝΤΖΑΚΗ, ΚΡΗΤΗΣ, Greece": 35.202118799999994, 25.167457849999998
[2025-03-16 23:08:09.194] [Information ] [FireIncidents.Services.GeocodingService] Successfully geocoded to: 35.202118799999994, 25.167457849999998
[2025-03-16 23:08:09.195] [Information ] [FireIncidents.Controllers.IncidentsApiController] Successfully geocoded to: 35.202118799999994, 25.167457849999998
[2025-03-16 23:08:09.196] [Information ] [FireIncidents.Controllers.IncidentsApiController] Geocoding incident: ΚΤΙΡΙΟ ΚΑΤΟΙΚΙΑΣ, Δ. ΔΩΡΙΔΟΣ - ΒΑΡΔΟΥΣΙΩΝ, ΠΕΡΙΦΕΡΕΙΑ ΣΤΕΡΕΑΣ ΕΛΛΑΔΑΣ
[2025-03-16 23:08:09.197] [Information ] [FireIncidents.Services.GeocodingService] Geocoding incident: ΠΕΡΙΦΕΡΕΙΑ ΣΤΕΡΕΑΣ ΕΛΛΑΔΑΣ, Δ. ΔΩΡΙΔΟΣ - ΒΑΡΔΟΥΣΙΩΝ, ΚΤΙΡΙΟ ΚΑΤΟΙΚΙΑΣ
[2025-03-16 23:08:09.198] [Debug       ] [FireIncidents.Services.GeocodingService] Skipping non-geographical location: ΚΤΙΡΙΟ ΚΑΤΟΙΚΙΑΣ
[2025-03-16 23:08:09.199] [Debug       ] [FireIncidents.Services.GeocodingService] Using complete municipality: Δ. ΔΩΡΙΔΟΣ - ΒΑΡΔΟΥΣΙΩΝ
[2025-03-16 23:08:09.200] [Debug       ] [FireIncidents.Services.GeocodingService] Using region: ΣΤΕΡΕΑΣ ΕΛΛΑΔΑΣ
[2025-03-16 23:08:09.201] [Debug       ] [FireIncidents.Services.GeocodingService] Built search address: Δ. ΔΩΡΙΔΟΣ - ΒΑΡΔΟΥΣΙΩΝ, ΣΤΕΡΕΑΣ ΕΛΛΑΔΑΣ, Greece
[2025-03-16 23:08:09.202] [Information ] [FireIncidents.Services.GeocodingService] Attempting active search with: Δ. ΔΩΡΙΔΟΣ - ΒΑΡΔΟΥΣΙΩΝ, ΣΤΕΡΕΑΣ ΕΛΛΑΔΑΣ, Greece
[2025-03-16 23:08:09.202] [Information ] [FireIncidents.Services.GeocodingService] Geocoding address: Δ. ΔΩΡΙΔΟΣ - ΒΑΡΔΟΥΣΙΩΝ, ΣΤΕΡΕΑΣ ΕΛΛΑΔΑΣ, Greece
[2025-03-16 23:08:09.229] [Debug       ] [FireIncidents.Services.GeocodingService] Generated 8 search variations for: Δ. ΔΩΡΙΔΟΣ - ΒΑΡΔΟΥΣΙΩΝ, ΣΤΕΡΕΑΣ ΕΛΛΑΔΑΣ, Greece
[2025-03-16 23:08:10.237] [Debug       ] [FireIncidents.Services.GeocodingService] Geocoding request URL: https://nominatim.openstreetmap.org/search?q=%CE%94.%20%CE%94%CE%A9%CE%A1%CE%99%CE%94%CE%9F%CE%A3%20-%20%CE%92%CE%91%CE%A1%CE%94%CE%9F%CE%A5%CE%A3%CE%99%CE%A9%CE%9D%2C%20%CE%A3%CE%A4%CE%95%CE%A1%CE%95%CE%91%CE%A3%20%CE%95%CE%9B%CE%9B%CE%91%CE%94%CE%91%CE%A3%2C%20Greece&format=json&limit=1&accept-language=el&addressdetails=1&countrycodes=gr&viewbox=19.22,34.72,29.64,41.75&bounded=1
[2025-03-16 23:08:10.571] [Debug       ] [FireIncidents.Services.GeocodingService] Geocoding response: []
[2025-03-16 23:08:10.573] [Warning     ] [FireIncidents.Services.GeocodingService] Geocoding returned no results for address: Δ. ΔΩΡΙΔΟΣ - ΒΑΡΔΟΥΣΙΩΝ, ΣΤΕΡΕΑΣ ΕΛΛΑΔΑΣ, Greece
[2025-03-16 23:08:11.582] [Debug       ] [FireIncidents.Services.GeocodingService] Trying alternative search: ΒΑΡΔΟΥΣΙΩΝ, ΣΤΕΡΕΑΣ ΕΛΛΑΔΑΣ, Greece
[2025-03-16 23:08:11.583] [Debug       ] [FireIncidents.Services.GeocodingService] Geocoding request URL: https://nominatim.openstreetmap.org/search?q=%CE%92%CE%91%CE%A1%CE%94%CE%9F%CE%A5%CE%A3%CE%99%CE%A9%CE%9D%2C%20%CE%A3%CE%A4%CE%95%CE%A1%CE%95%CE%91%CE%A3%20%CE%95%CE%9B%CE%9B%CE%91%CE%94%CE%91%CE%A3%2C%20Greece&format=json&limit=1&accept-language=el&addressdetails=1&countrycodes=gr&viewbox=19.22,34.72,29.64,41.75&bounded=1
[2025-03-16 23:08:11.800] [Debug       ] [FireIncidents.Services.GeocodingService] Geocoding response: [{"place_id":49519017,"licence":"Data © OpenStreetMap contributors, ODbL 1.0. http://osm.org/copyright","osm_type":"way","osm_id":380099302,"lat":"39.626130008420596","lon":"22.44166588751887","class":"highway","type":"residential","place_rank":26,"importance":0.05339778515297166,"addresstype":"road","name":"Βαρδουσίων","display_name":"Βαρδουσίων, Άγιος Γεώργιος, Λάρισα, Δημοτική Ενότητα Λαρισαίων, Δήμος Λαρισαίων, Περιφερειακή Ενότητα Λάρισας, Περιφέρεια Θεσσαλίας, Αποκεντρωμένη Διοίκηση Θεσσαλίας - Στερεάς Ελλάδος, 410 02, Ελλάδα","address":{"road":"Βαρδουσίων","neighbourhood":"Άγιος Γεώργιος","city":"Λάρισα","municipality":"Δήμος Λαρισαίων","county":"Περιφερειακή Ενότητα Λάρισας","state_district":"Περιφέρεια Θεσσαλίας","ISO3166-2-lvl5":"GR-E","state":"Αποκεντρωμένη Διοίκηση Θεσσαλίας - Στερεάς Ελλάδος","postcode":"410 02","country":"Ελλάδα","country_code":"gr"},"boundingbox":["39.6256601","39.6265881","22.4411457","22.4421753"]}]
[2025-03-16 23:08:11.802] [Information ] [FireIncidents.Services.GeocodingService] Found place type: residential, name: Βαρδουσίων, Άγιος Γεώργιος, Λάρισα, Δημοτική Ενότητα Λαρισαίων, Δήμος Λαρισαίων, Περιφερειακή Ενότητα Λάρισας, Περιφέρεια Θεσσαλίας, Αποκεντρωμένη Διοίκηση Θεσσαλίας - Στερεάς Ελλάδος, 410 02, Ελλάδα
[2025-03-16 23:08:11.803] [Information ] [FireIncidents.Services.GeocodingService] Successfully geocoded with variation "ΒΑΡΔΟΥΣΙΩΝ, ΣΤΕΡΕΑΣ ΕΛΛΑΔΑΣ, Greece": 39.626130008420596, 22.44166588751887
[2025-03-16 23:08:11.804] [Information ] [FireIncidents.Services.GeocodingService] Successfully geocoded to: 39.626130008420596, 22.44166588751887
[2025-03-16 23:08:11.805] [Information ] [FireIncidents.Controllers.IncidentsApiController] Successfully geocoded to: 39.626130008420596, 22.44166588751887
[2025-03-16 23:08:11.806] [Information ] [FireIncidents.Controllers.IncidentsApiController] Geocoding incident: ΒΙΟΜΗΧΑΝΙΑ – ΒΙΟΤΕΧΝΙΑ, Δ. ΧΑΛΚΙΔΕΩΝ - ΑΥΛΙΔΟΣ, ΠΕΡΙΦΕΡΕΙΑ ΣΤΕΡΕΑΣ ΕΛΛΑΔΑΣ
[2025-03-16 23:08:11.807] [Information ] [FireIncidents.Services.GeocodingService] Geocoding incident: ΠΕΡΙΦΕΡΕΙΑ ΣΤΕΡΕΑΣ ΕΛΛΑΔΑΣ, Δ. ΧΑΛΚΙΔΕΩΝ - ΑΥΛΙΔΟΣ, ΒΙΟΜΗΧΑΝΙΑ – ΒΙΟΤΕΧΝΙΑ
[2025-03-16 23:08:11.807] [Debug       ] [FireIncidents.Services.GeocodingService] Skipping non-geographical location: ΒΙΟΜΗΧΑΝΙΑ – ΒΙΟΤΕΧΝΙΑ
[2025-03-16 23:08:11.808] [Debug       ] [FireIncidents.Services.GeocodingService] Using complete municipality: Δ. ΧΑΛΚΙΔΕΩΝ - ΑΥΛΙΔΟΣ
[2025-03-16 23:08:11.809] [Debug       ] [FireIncidents.Services.GeocodingService] Using region: ΣΤΕΡΕΑΣ ΕΛΛΑΔΑΣ
[2025-03-16 23:08:11.810] [Debug       ] [FireIncidents.Services.GeocodingService] Built search address: Δ. ΧΑΛΚΙΔΕΩΝ - ΑΥΛΙΔΟΣ, ΣΤΕΡΕΑΣ ΕΛΛΑΔΑΣ, Greece
[2025-03-16 23:08:11.811] [Information ] [FireIncidents.Services.GeocodingService] Attempting active search with: Δ. ΧΑΛΚΙΔΕΩΝ - ΑΥΛΙΔΟΣ, ΣΤΕΡΕΑΣ ΕΛΛΑΔΑΣ, Greece
[2025-03-16 23:08:11.812] [Information ] [FireIncidents.Services.GeocodingService] Geocoding address: Δ. ΧΑΛΚΙΔΕΩΝ - ΑΥΛΙΔΟΣ, ΣΤΕΡΕΑΣ ΕΛΛΑΔΑΣ, Greece
[2025-03-16 23:08:11.813] [Debug       ] [FireIncidents.Services.GeocodingService] Generated 8 search variations for: Δ. ΧΑΛΚΙΔΕΩΝ - ΑΥΛΙΔΟΣ, ΣΤΕΡΕΑΣ ΕΛΛΑΔΑΣ, Greece
[2025-03-16 23:08:12.821] [Debug       ] [FireIncidents.Services.GeocodingService] Geocoding request URL: https://nominatim.openstreetmap.org/search?q=%CE%94.%20%CE%A7%CE%91%CE%9B%CE%9A%CE%99%CE%94%CE%95%CE%A9%CE%9D%20-%20%CE%91%CE%A5%CE%9B%CE%99%CE%94%CE%9F%CE%A3%2C%20%CE%A3%CE%A4%CE%95%CE%A1%CE%95%CE%91%CE%A3%20%CE%95%CE%9B%CE%9B%CE%91%CE%94%CE%91%CE%A3%2C%20Greece&format=json&limit=1&accept-language=el&addressdetails=1&countrycodes=gr&viewbox=19.22,34.72,29.64,41.75&bounded=1
[2025-03-16 23:08:13.118] [Debug       ] [FireIncidents.Services.GeocodingService] Geocoding response: []
[2025-03-16 23:08:13.119] [Warning     ] [FireIncidents.Services.GeocodingService] Geocoding returned no results for address: Δ. ΧΑΛΚΙΔΕΩΝ - ΑΥΛΙΔΟΣ, ΣΤΕΡΕΑΣ ΕΛΛΑΔΑΣ, Greece
[2025-03-16 23:08:14.136] [Debug       ] [FireIncidents.Services.GeocodingService] Trying alternative search: ΑΥΛΙΔΟΣ, ΣΤΕΡΕΑΣ ΕΛΛΑΔΑΣ, Greece
[2025-03-16 23:08:14.137] [Debug       ] [FireIncidents.Services.GeocodingService] Geocoding request URL: https://nominatim.openstreetmap.org/search?q=%CE%91%CE%A5%CE%9B%CE%99%CE%94%CE%9F%CE%A3%2C%20%CE%A3%CE%A4%CE%95%CE%A1%CE%95%CE%91%CE%A3%20%CE%95%CE%9B%CE%9B%CE%91%CE%94%CE%91%CE%A3%2C%20Greece&format=json&limit=1&accept-language=el&addressdetails=1&countrycodes=gr&viewbox=19.22,34.72,29.64,41.75&bounded=1
[2025-03-16 23:08:14.353] [Debug       ] [FireIncidents.Services.GeocodingService] Geocoding response: [{"place_id":49585283,"licence":"Data © OpenStreetMap contributors, ODbL 1.0. http://osm.org/copyright","osm_type":"relation","osm_id":15566949,"lat":"38.40701755","lon":"23.544469323076882","class":"boundary","type":"administrative","place_rank":16,"importance":0.4676994804454549,"addresstype":"city","name":"Δημοτική Ενότητα Αυλίδος","display_name":"Δημοτική Ενότητα Αυλίδος, Δήμος Χαλκιδέων, Περιφερειακή Ενότητα Ευβοίας, Περιφέρεια Στερεάς Ελλάδας, Αποκεντρωμένη Διοίκηση Θεσσαλίας - Στερεάς Ελλάδος, Ελλάδα","address":{"city":"Δημοτική Ενότητα Αυλίδος","municipality":"Δήμος Χαλκιδέων","county":"Περιφερειακή Ενότητα Ευβοίας","state_district":"Περιφέρεια Στερεάς Ελλάδας","ISO3166-2-lvl5":"GR-H","state":"Αποκεντρωμένη Διοίκηση Θεσσαλίας - Στερεάς Ελλάδος","country":"Ελλάδα","country_code":"gr"},"boundingbox":["38.3488315","38.4650102","23.4327445","23.6553212"]}]
[2025-03-16 23:08:14.354] [Information ] [FireIncidents.Services.GeocodingService] Found place type: administrative, name: Δημοτική Ενότητα Αυλίδος, Δήμος Χαλκιδέων, Περιφερειακή Ενότητα Ευβοίας, Περιφέρεια Στερεάς Ελλάδας, Αποκεντρωμένη Διοίκηση Θεσσαλίας - Στερεάς Ελλάδος, Ελλάδα
[2025-03-16 23:08:14.355] [Information ] [FireIncidents.Services.GeocodingService] Successfully geocoded with variation "ΑΥΛΙΔΟΣ, ΣΤΕΡΕΑΣ ΕΛΛΑΔΑΣ, Greece": 38.40701755, 23.544469323076882
[2025-03-16 23:08:14.356] [Information ] [FireIncidents.Services.GeocodingService] Successfully geocoded to: 38.40701755, 23.544469323076882
[2025-03-16 23:08:14.357] [Information ] [FireIncidents.Controllers.IncidentsApiController] Successfully geocoded to: 38.40701755, 23.544469323076882
[2025-03-16 23:08:14.358] [Information ] [FireIncidents.Controllers.IncidentsApiController] Geocoding incident: ΒΙΟΜΗΧΑΝΙΑ – ΒΙΟΤΕΧΝΙΑ, Δ. ΣΗΤΕΙΑΣ - ΛΕΥΚΗΣ, ΠΕΡΙΦΕΡΕΙΑ ΚΡΗΤΗΣ
[2025-03-16 23:08:14.359] [Information ] [FireIncidents.Services.GeocodingService] Geocoding incident: ΠΕΡΙΦΕΡΕΙΑ ΚΡΗΤΗΣ, Δ. ΣΗΤΕΙΑΣ - ΛΕΥΚΗΣ, ΒΙΟΜΗΧΑΝΙΑ – ΒΙΟΤΕΧΝΙΑ
[2025-03-16 23:08:14.360] [Debug       ] [FireIncidents.Services.GeocodingService] Skipping non-geographical location: ΒΙΟΜΗΧΑΝΙΑ – ΒΙΟΤΕΧΝΙΑ
[2025-03-16 23:08:14.361] [Debug       ] [FireIncidents.Services.GeocodingService] Using complete municipality: Δ. ΣΗΤΕΙΑΣ - ΛΕΥΚΗΣ
[2025-03-16 23:08:14.362] [Debug       ] [FireIncidents.Services.GeocodingService] Using region: ΚΡΗΤΗΣ
[2025-03-16 23:08:14.363] [Debug       ] [FireIncidents.Services.GeocodingService] Built search address: Δ. ΣΗΤΕΙΑΣ - ΛΕΥΚΗΣ, ΚΡΗΤΗΣ, Greece
[2025-03-16 23:08:14.364] [Information ] [FireIncidents.Services.GeocodingService] Attempting active search with: Δ. ΣΗΤΕΙΑΣ - ΛΕΥΚΗΣ, ΚΡΗΤΗΣ, Greece
[2025-03-16 23:08:14.365] [Information ] [FireIncidents.Services.GeocodingService] Geocoding address: Δ. ΣΗΤΕΙΑΣ - ΛΕΥΚΗΣ, ΚΡΗΤΗΣ, Greece
[2025-03-16 23:08:14.366] [Debug       ] [FireIncidents.Services.GeocodingService] Generated 8 search variations for: Δ. ΣΗΤΕΙΑΣ - ΛΕΥΚΗΣ, ΚΡΗΤΗΣ, Greece
[2025-03-16 23:08:15.372] [Debug       ] [FireIncidents.Services.GeocodingService] Geocoding request URL: https://nominatim.openstreetmap.org/search?q=%CE%94.%20%CE%A3%CE%97%CE%A4%CE%95%CE%99%CE%91%CE%A3%20-%20%CE%9B%CE%95%CE%A5%CE%9A%CE%97%CE%A3%2C%20%CE%9A%CE%A1%CE%97%CE%A4%CE%97%CE%A3%2C%20Greece&format=json&limit=1&accept-language=el&addressdetails=1&countrycodes=gr&viewbox=19.22,34.72,29.64,41.75&bounded=1
[2025-03-16 23:08:15.734] [Debug       ] [FireIncidents.Services.GeocodingService] Geocoding response: [{"place_id":48777574,"licence":"Data © OpenStreetMap contributors, ODbL 1.0. http://osm.org/copyright","osm_type":"way","osm_id":24991034,"lat":"35.12060402463205","lon":"26.06193538566674","class":"highway","type":"secondary","place_rank":26,"importance":0.05337833447775994,"addresstype":"road","name":"Ιεράπετρας - Σητείας","display_name":"Ιεράπετρας - Σητείας, Κοινότητα Αγίου Γεωργίου Σητείας, Δημοτική Ενότητα Σητείας, Δήμος Σητείας, Περιφερειακή Ενότητα Λασιθίου, Περιφέρεια Κρήτης, Αποκεντρωμένη Διοίκηση Κρήτης, Ελλάδα","address":{"road":"Ιεράπετρας - Σητείας","city_district":"Κοινότητα Αγίου Γεωργίου Σητείας","city":"Δημοτική Ενότητα Σητείας","municipality":"Δήμος Σητείας","county":"Περιφερειακή Ενότητα Λασιθίου","state_district":"Περιφέρεια Κρήτης","ISO3166-2-lvl5":"GR-M","state":"Αποκεντρωμένη Διοίκηση Κρήτης","country":"Ελλάδα","country_code":"gr"},"boundingbox":["35.1051875","35.1313779","26.0563950","26.0747667"]}]
[2025-03-16 23:08:15.735] [Information ] [FireIncidents.Services.GeocodingService] Found place type: secondary, name: Ιεράπετρας - Σητείας, Κοινότητα Αγίου Γεωργίου Σητείας, Δημοτική Ενότητα Σητείας, Δήμος Σητείας, Περιφερειακή Ενότητα Λασιθίου, Περιφέρεια Κρήτης, Αποκεντρωμένη Διοίκηση Κρήτης, Ελλάδα
[2025-03-16 23:08:15.736] [Information ] [FireIncidents.Services.GeocodingService] Successfully geocoded with variation "Δ. ΣΗΤΕΙΑΣ - ΛΕΥΚΗΣ, ΚΡΗΤΗΣ, Greece": 35.12060402463205, 26.06193538566674
[2025-03-16 23:08:15.737] [Information ] [FireIncidents.Services.GeocodingService] Successfully geocoded to: 35.12060402463205, 26.06193538566674
[2025-03-16 23:08:15.738] [Information ] [FireIncidents.Controllers.IncidentsApiController] Successfully geocoded to: 35.12060402463205, 26.06193538566674
[2025-03-16 23:08:15.739] [Information ] [FireIncidents.Controllers.IncidentsApiController] Geocoding incident: ΤΡΟΧΑΙΟ, Δ. ΑΧΑΡΝΩΝ - ΑΧΑΡΝΩΝ, ΠΕΡΙΦΕΡΕΙΑ ΑΤΤΙΚΗΣ
[2025-03-16 23:08:15.740] [Information ] [FireIncidents.Services.GeocodingService] Geocoding incident: ΠΕΡΙΦΕΡΕΙΑ ΑΤΤΙΚΗΣ, Δ. ΑΧΑΡΝΩΝ - ΑΧΑΡΝΩΝ, ΤΡΟΧΑΙΟ
[2025-03-16 23:08:15.741] [Debug       ] [FireIncidents.Services.GeocodingService] Skipping non-geographical location: ΤΡΟΧΑΙΟ
[2025-03-16 23:08:15.742] [Debug       ] [FireIncidents.Services.GeocodingService] Using complete municipality: Δ. ΑΧΑΡΝΩΝ - ΑΧΑΡΝΩΝ
[2025-03-16 23:08:15.742] [Debug       ] [FireIncidents.Services.GeocodingService] Using region: ΑΤΤΙΚΗΣ
[2025-03-16 23:08:15.743] [Debug       ] [FireIncidents.Services.GeocodingService] Built search address: Δ. ΑΧΑΡΝΩΝ - ΑΧΑΡΝΩΝ, ΑΤΤΙΚΗΣ, Greece
[2025-03-16 23:08:15.744] [Information ] [FireIncidents.Services.GeocodingService] Attempting active search with: Δ. ΑΧΑΡΝΩΝ - ΑΧΑΡΝΩΝ, ΑΤΤΙΚΗΣ, Greece
[2025-03-16 23:08:15.745] [Information ] [FireIncidents.Services.GeocodingService] Geocoding address: Δ. ΑΧΑΡΝΩΝ - ΑΧΑΡΝΩΝ, ΑΤΤΙΚΗΣ, Greece
[2025-03-16 23:08:15.746] [Debug       ] [FireIncidents.Services.GeocodingService] Generated 7 search variations for: Δ. ΑΧΑΡΝΩΝ - ΑΧΑΡΝΩΝ, ΑΤΤΙΚΗΣ, Greece
[2025-03-16 23:08:16.749] [Debug       ] [FireIncidents.Services.GeocodingService] Geocoding request URL: https://nominatim.openstreetmap.org/search?q=%CE%94.%20%CE%91%CE%A7%CE%91%CE%A1%CE%9D%CE%A9%CE%9D%20-%20%CE%91%CE%A7%CE%91%CE%A1%CE%9D%CE%A9%CE%9D%2C%20%CE%91%CE%A4%CE%A4%CE%99%CE%9A%CE%97%CE%A3%2C%20Greece&format=json&limit=1&accept-language=el&addressdetails=1&countrycodes=gr&viewbox=19.22,34.72,29.64,41.75&bounded=1
[2025-03-16 23:08:17.415] [Debug       ] [FireIncidents.Services.GeocodingService] Geocoding response: [{"place_id":49817457,"licence":"Data © OpenStreetMap contributors, ODbL 1.0. http://osm.org/copyright","osm_type":"way","osm_id":638712352,"lat":"38.0680878","lon":"23.737776160452157","class":"railway","type":"station","place_rank":30,"importance":0.29699664641894313,"addresstype":"railway","name":"Σιδηροδρομικό Κέντρο Αχαρνών","display_name":"Σιδηροδρομικό Κέντρο Αχαρνών, Κωσταντινουπόλεως, Κοινότητα Αχαρνών, Δημοτική Ενότητα Αχαρνών, Δήμος Αχαρνών, Περιφερειακή Ενότητα Ανατολικής Αττικής, Περιφέρεια Αττικής, Αποκεντρωμένη Διοίκηση Αττικής, 136 73, Ελλάδα","address":{"railway":"Σιδηροδρομικό Κέντρο Αχαρνών","road":"Κωσταντινουπόλεως","city_block":"Κοινότητα Αχαρνών","neighbourhood":"Δημοτική Ενότητα Αχαρνών","suburb":"Δήμος Αχαρνών","county":"Περιφερειακή Ενότητα Ανατολικής Αττικής","ISO3166-2-lvl6":"GR-A2","state_district":"Περιφέρεια Αττικής","ISO3166-2-lvl5":"GR-I","state":"Αποκεντρωμένη Διοίκηση Αττικής","postcode":"136 73","country":"Ελλάδα","country_code":"gr"},"boundingbox":["38.0673705","38.0688888","23.7375820","23.7379043"]}]
[2025-03-16 23:08:17.416] [Information ] [FireIncidents.Services.GeocodingService] Found place type: station, name: Σιδηροδρομικό Κέντρο Αχαρνών, Κωσταντινουπόλεως, Κοινότητα Αχαρνών, Δημοτική Ενότητα Αχαρνών, Δήμος Αχαρνών, Περιφερειακή Ενότητα Ανατολικής Αττικής, Περιφέρεια Αττικής, Αποκεντρωμένη Διοίκηση Αττικής, 136 73, Ελλάδα
[2025-03-16 23:08:17.417] [Information ] [FireIncidents.Services.GeocodingService] Successfully geocoded with variation "Δ. ΑΧΑΡΝΩΝ - ΑΧΑΡΝΩΝ, ΑΤΤΙΚΗΣ, Greece": 38.0680878, 23.737776160452157
[2025-03-16 23:08:17.418] [Information ] [FireIncidents.Services.GeocodingService] Successfully geocoded to: 38.0680878, 23.737776160452157
[2025-03-16 23:08:17.419] [Information ] [FireIncidents.Controllers.IncidentsApiController] Successfully geocoded to: 38.0680878, 23.737776160452157
[2025-03-16 23:08:17.420] [Information ] [FireIncidents.Controllers.IncidentsApiController] Geocoding incident: ΑΛΛΗ ΠΕΡΙΠΤΩΣΗ, Δ. ΑΘΗΝΑΙΩΝ - ΑΘΗΝΑΙΩΝ, ΠΕΡΙΦΕΡΕΙΑ ΑΤΤΙΚΗΣ
[2025-03-16 23:08:17.421] [Information ] [FireIncidents.Services.GeocodingService] Geocoding incident: ΠΕΡΙΦΕΡΕΙΑ ΑΤΤΙΚΗΣ, Δ. ΑΘΗΝΑΙΩΝ - ΑΘΗΝΑΙΩΝ, ΑΛΛΗ ΠΕΡΙΠΤΩΣΗ
[2025-03-16 23:08:17.421] [Debug       ] [FireIncidents.Services.GeocodingService] Skipping non-geographical location: ΑΛΛΗ ΠΕΡΙΠΤΩΣΗ
[2025-03-16 23:08:17.423] [Debug       ] [FireIncidents.Services.GeocodingService] Using complete municipality: Δ. ΑΘΗΝΑΙΩΝ - ΑΘΗΝΑΙΩΝ
[2025-03-16 23:08:17.424] [Debug       ] [FireIncidents.Services.GeocodingService] Using region: ΑΤΤΙΚΗΣ
[2025-03-16 23:08:17.425] [Debug       ] [FireIncidents.Services.GeocodingService] Built search address: Δ. ΑΘΗΝΑΙΩΝ - ΑΘΗΝΑΙΩΝ, ΑΤΤΙΚΗΣ, Greece
[2025-03-16 23:08:17.425] [Information ] [FireIncidents.Services.GeocodingService] Attempting active search with: Δ. ΑΘΗΝΑΙΩΝ - ΑΘΗΝΑΙΩΝ, ΑΤΤΙΚΗΣ, Greece
[2025-03-16 23:08:17.426] [Information ] [FireIncidents.Services.GeocodingService] Geocoding address: Δ. ΑΘΗΝΑΙΩΝ - ΑΘΗΝΑΙΩΝ, ΑΤΤΙΚΗΣ, Greece
[2025-03-16 23:08:17.427] [Debug       ] [FireIncidents.Services.GeocodingService] Generated 7 search variations for: Δ. ΑΘΗΝΑΙΩΝ - ΑΘΗΝΑΙΩΝ, ΑΤΤΙΚΗΣ, Greece
[2025-03-16 23:08:18.428] [Debug       ] [FireIncidents.Services.GeocodingService] Geocoding request URL: https://nominatim.openstreetmap.org/search?q=%CE%94.%20%CE%91%CE%98%CE%97%CE%9D%CE%91%CE%99%CE%A9%CE%9D%20-%20%CE%91%CE%98%CE%97%CE%9D%CE%91%CE%99%CE%A9%CE%9D%2C%20%CE%91%CE%A4%CE%A4%CE%99%CE%9A%CE%97%CE%A3%2C%20Greece&format=json&limit=1&accept-language=el&addressdetails=1&countrycodes=gr&viewbox=19.22,34.72,29.64,41.75&bounded=1
[2025-03-16 23:08:18.925] [Debug       ] [FireIncidents.Services.GeocodingService] Geocoding response: [{"place_id":49562565,"licence":"Data © OpenStreetMap contributors, ODbL 1.0. http://osm.org/copyright","osm_type":"relation","osm_id":1370736,"lat":"37.99085805","lon":"23.741474247371166","class":"boundary","type":"administrative","place_rank":14,"importance":0.4142480582139007,"addresstype":"municipality","name":"Δήμος Αθηναίων","display_name":"Δήμος Αθηναίων, Περιφερειακή Ενότητα Κεντρικού Τομέα Αθηνών, Περιφέρεια Αττικής, Αποκεντρωμένη Διοίκηση Αττικής, Ελλάδα","address":{"municipality":"Δήμος Αθηναίων","county":"Περιφερειακή Ενότητα Κεντρικού Τομέα Αθηνών","state_district":"Περιφέρεια Αττικής","ISO3166-2-lvl5":"GR-I","state":"Αποκεντρωμένη Διοίκηση Αττικής","country":"Ελλάδα","country_code":"gr"},"boundingbox":["37.9488434","38.0327600","23.6870046","23.7904386"]}]
[2025-03-16 23:08:18.926] [Information ] [FireIncidents.Services.GeocodingService] Found place type: administrative, name: Δήμος Αθηναίων, Περιφερειακή Ενότητα Κεντρικού Τομέα Αθηνών, Περιφέρεια Αττικής, Αποκεντρωμένη Διοίκηση Αττικής, Ελλάδα
[2025-03-16 23:08:18.927] [Information ] [FireIncidents.Services.GeocodingService] Successfully geocoded with variation "Δ. ΑΘΗΝΑΙΩΝ - ΑΘΗΝΑΙΩΝ, ΑΤΤΙΚΗΣ, Greece": 37.99085805, 23.741474247371166
[2025-03-16 23:08:18.928] [Information ] [FireIncidents.Services.GeocodingService] Successfully geocoded to: 37.99085805, 23.741474247371166
[2025-03-16 23:08:18.929] [Information ] [FireIncidents.Controllers.IncidentsApiController] Successfully geocoded to: 37.99085805, 23.741474247371166
[2025-03-16 23:08:18.930] [Information ] [FireIncidents.Controllers.IncidentsApiController] Geocoding incident: ΔΙΑΣΩΣΗ ΖΩΟΥ, Δ. ΗΡΑΚΛΕΙΟΥ - ΗΡΑΚΛΕΙΟΥ, ΠΕΡΙΦΕΡΕΙΑ ΚΡΗΤΗΣ
[2025-03-16 23:08:18.931] [Information ] [FireIncidents.Services.GeocodingService] Geocoding incident: ΠΕΡΙΦΕΡΕΙΑ ΚΡΗΤΗΣ, Δ. ΗΡΑΚΛΕΙΟΥ - ΗΡΑΚΛΕΙΟΥ, ΔΙΑΣΩΣΗ ΖΩΟΥ
[2025-03-16 23:08:18.932] [Debug       ] [FireIncidents.Services.GeocodingService] Skipping non-geographical location: ΔΙΑΣΩΣΗ ΖΩΟΥ
[2025-03-16 23:08:18.933] [Debug       ] [FireIncidents.Services.GeocodingService] Using complete municipality: Δ. ΗΡΑΚΛΕΙΟΥ - ΗΡΑΚΛΕΙΟΥ
[2025-03-16 23:08:18.934] [Debug       ] [FireIncidents.Services.GeocodingService] Using region: ΚΡΗΤΗΣ
[2025-03-16 23:08:18.935] [Debug       ] [FireIncidents.Services.GeocodingService] Built search address: Δ. ΗΡΑΚΛΕΙΟΥ - ΗΡΑΚΛΕΙΟΥ, ΚΡΗΤΗΣ, Greece
[2025-03-16 23:08:18.935] [Information ] [FireIncidents.Services.GeocodingService] Attempting active search with: Δ. ΗΡΑΚΛΕΙΟΥ - ΗΡΑΚΛΕΙΟΥ, ΚΡΗΤΗΣ, Greece
[2025-03-16 23:08:18.936] [Information ] [FireIncidents.Services.GeocodingService] Geocoding address: Δ. ΗΡΑΚΛΕΙΟΥ - ΗΡΑΚΛΕΙΟΥ, ΚΡΗΤΗΣ, Greece
[2025-03-16 23:08:18.937] [Debug       ] [FireIncidents.Services.GeocodingService] Generated 7 search variations for: Δ. ΗΡΑΚΛΕΙΟΥ - ΗΡΑΚΛΕΙΟΥ, ΚΡΗΤΗΣ, Greece
[2025-03-16 23:08:19.943] [Debug       ] [FireIncidents.Services.GeocodingService] Geocoding request URL: https://nominatim.openstreetmap.org/search?q=%CE%94.%20%CE%97%CE%A1%CE%91%CE%9A%CE%9B%CE%95%CE%99%CE%9F%CE%A5%20-%20%CE%97%CE%A1%CE%91%CE%9A%CE%9B%CE%95%CE%99%CE%9F%CE%A5%2C%20%CE%9A%CE%A1%CE%97%CE%A4%CE%97%CE%A3%2C%20Greece&format=json&limit=1&accept-language=el&addressdetails=1&countrycodes=gr&viewbox=19.22,34.72,29.64,41.75&bounded=1
[2025-03-16 23:08:20.486] [Debug       ] [FireIncidents.Services.GeocodingService] Geocoding response: [{"place_id":48942128,"licence":"Data © OpenStreetMap contributors, ODbL 1.0. http://osm.org/copyright","osm_type":"way","osm_id":41462113,"lat":"35.337058","lon":"25.18097200362064","class":"aeroway","type":"aerodrome","place_rank":30,"importance":0.4996301811628234,"addresstype":"aeroway","name":"Κρατικός Αερολιμένας Ηρακλείου Νίκος Καζαντζάκης","display_name":"Κρατικός Αερολιμένας Ηρακλείου Νίκος Καζαντζάκης, Πολύμνιας, Κοινότητα Νέας Αλικαρνασσού, Δημοτική Ενότητα Νέας Αλικαρνασσού, Δήμος Ηρακλείου, Περιφερειακή Ενότητα Ηρακλείου, Περιφέρεια Κρήτης, Αποκεντρωμένη Διοίκηση Κρήτης, 716 01, Ελλάδα","address":{"aeroway":"Κρατικός Αερολιμένας Ηρακλείου Νίκος Καζαντζάκης","road":"Πολύμνιας","city_district":"Κοινότητα Νέας Αλικαρνασσού","city":"Δημοτική Ενότητα Νέας Αλικαρνασσού","municipality":"Δήμος Ηρακλείου","county":"Περιφερειακή Ενότητα Ηρακλείου","state_district":"Περιφέρεια Κρήτης","ISO3166-2-lvl5":"GR-M","state":"Αποκεντρωμένη Διοίκηση Κρήτης","postcode":"716 01","country":"Ελλάδα","country_code":"gr"},"boundingbox":["35.3294289","35.3446924","25.1598233","25.1921068"]}]
[2025-03-16 23:08:20.487] [Information ] [FireIncidents.Services.GeocodingService] Found place type: aerodrome, name: Κρατικός Αερολιμένας Ηρακλείου Νίκος Καζαντζάκης, Πολύμνιας, Κοινότητα Νέας Αλικαρνασσού, Δημοτική Ενότητα Νέας Αλικαρνασσού, Δήμος Ηρακλείου, Περιφερειακή Ενότητα Ηρακλείου, Περιφέρεια Κρήτης, Αποκεντρωμένη Διοίκηση Κρήτης, 716 01, Ελλάδα
[2025-03-16 23:08:20.488] [Information ] [FireIncidents.Services.GeocodingService] Successfully geocoded with variation "Δ. ΗΡΑΚΛΕΙΟΥ - ΗΡΑΚΛΕΙΟΥ, ΚΡΗΤΗΣ, Greece": 35.337058, 25.18097200362064
[2025-03-16 23:08:20.489] [Information ] [FireIncidents.Services.GeocodingService] Successfully geocoded to: 35.337058, 25.18097200362064
[2025-03-16 23:08:20.490] [Information ] [FireIncidents.Controllers.IncidentsApiController] Successfully geocoded to: 35.337058, 25.18097200362064
[2025-03-16 23:08:20.491] [Information ] [FireIncidents.Controllers.IncidentsApiController] Returning 17 geocoded incidents
